{"C:\\pets\\mouselord\\grider\\src\\constants.ts": {"path":"C:\\pets\\mouselord\\grider\\src\\constants.ts","statementMap":{"0":{"start":{"line":1,"column":13},"end":{"line":6,"column":2}}},"fnMap":{},"branchMap":{},"s":{"0":2},"f":{},"b":{}}
,"C:\\pets\\mouselord\\grider\\src\\entities\\grid-params\\grid-params.ts": {"path":"C:\\pets\\mouselord\\grider\\src\\entities\\grid-params\\grid-params.ts","statementMap":{"0":{"start":{"line":2,"column":0},"end":{"line":2,"column":null}},"1":{"start":{"line":28,"column":4},"end":{"line":28,"column":37}},"2":{"start":{"line":29,"column":4},"end":{"line":29,"column":21}},"3":{"start":{"line":30,"column":4},"end":{"line":30,"column":21}},"4":{"start":{"line":31,"column":4},"end":{"line":31,"column":27}},"5":{"start":{"line":32,"column":4},"end":{"line":32,"column":29}},"6":{"start":{"line":33,"column":4},"end":{"line":33,"column":33}},"7":{"start":{"line":34,"column":4},"end":{"line":34,"column":33}},"8":{"start":{"line":38,"column":35},"end":{"line":38,"column":44}},"9":{"start":{"line":39,"column":49},"end":{"line":39,"column":53}},"10":{"start":{"line":40,"column":21},"end":{"line":40,"column":57}},"11":{"start":{"line":41,"column":24},"end":{"line":41,"column":43}},"12":{"start":{"line":43,"column":4},"end":{"line":43,"column":53}},"13":{"start":{"line":47,"column":4},"end":{"line":50,"column":40}},"14":{"start":{"line":62,"column":8},"end":{"line":62,"column":12}},"15":{"start":{"line":64,"column":4},"end":{"line":72,"column":7}},"16":{"start":{"line":76,"column":4},"end":{"line":76,"column":34}},"17":{"start":{"line":85,"column":24},"end":{"line":85,"column":64}},"18":{"start":{"line":86,"column":33},"end":{"line":86,"column":73}},"19":{"start":{"line":88,"column":17},"end":{"line":88,"column":33}},"20":{"start":{"line":89,"column":20},"end":{"line":89,"column":54}},"21":{"start":{"line":90,"column":21},"end":{"line":90,"column":65}},"22":{"start":{"line":91,"column":23},"end":{"line":91,"column":54}},"23":{"start":{"line":93,"column":4},"end":{"line":101,"column":7}},"24":{"start":{"line":10,"column":0},"end":{"line":10,"column":13}}},"fnMap":{"0":{"name":"(anonymous_0)","decl":{"start":{"line":19,"column":2},"end":{"line":19,"column":14}},"loc":{"start":{"line":27,"column":22},"end":{"line":35,"column":3}}},"1":{"name":"(anonymous_1)","decl":{"start":{"line":37,"column":2},"end":{"line":37,"column":13}},"loc":{"start":{"line":37,"column":38},"end":{"line":44,"column":3}}},"2":{"name":"(anonymous_2)","decl":{"start":{"line":46,"column":2},"end":{"line":46,"column":9}},"loc":{"start":{"line":46,"column":28},"end":{"line":51,"column":3}}},"3":{"name":"(anonymous_3)","decl":{"start":{"line":53,"column":2},"end":{"line":53,"column":9}},"loc":{"start":{"line":53,"column":9},"end":{"line":73,"column":3}}},"4":{"name":"(anonymous_4)","decl":{"start":{"line":75,"column":2},"end":{"line":75,"column":8}},"loc":{"start":{"line":75,"column":44},"end":{"line":77,"column":3}}},"5":{"name":"(anonymous_5)","decl":{"start":{"line":79,"column":2},"end":{"line":79,"column":8}},"loc":{"start":{"line":84,"column":22},"end":{"line":102,"column":3}}}},"branchMap":{"0":{"loc":{"start":{"line":40,"column":36},"end":{"line":40,"column":44}},"type":"cond-expr","locations":[{"start":{"line":40,"column":36},"end":{"line":40,"column":44}},{"start":{"line":40,"column":47},"end":{"line":40,"column":57}}]},"1":{"loc":{"start":{"line":47,"column":11},"end":{"line":47,"column":52}},"type":"binary-expr","locations":[{"start":{"line":47,"column":11},"end":{"line":47,"column":52}},{"start":{"line":48,"column":6},"end":{"line":48,"column":31}},{"start":{"line":49,"column":6},"end":{"line":49,"column":43}},{"start":{"line":50,"column":6},"end":{"line":50,"column":39}}]},"2":{"loc":{"start":{"line":80,"column":19},"end":{"line":80,"column":24}},"type":"default-arg","locations":[{"start":{"line":80,"column":19},"end":{"line":80,"column":24}}]},"3":{"loc":{"start":{"line":85,"column":39},"end":{"line":85,"column":51}},"type":"cond-expr","locations":[{"start":{"line":85,"column":39},"end":{"line":85,"column":51}},{"start":{"line":85,"column":54},"end":{"line":85,"column":64}}]}},"s":{"0":2,"1":20,"2":20,"3":20,"4":20,"5":20,"6":20,"7":20,"8":0,"9":0,"10":0,"11":0,"12":0,"13":0,"14":0,"15":0,"16":0,"17":20,"18":20,"19":20,"20":20,"21":20,"22":20,"23":20,"24":2},"f":{"0":20,"1":0,"2":0,"3":0,"4":0,"5":20},"b":{"0":[0,0],"1":[0,0,0,0],"2":[20],"3":[0,20]}}
,"C:\\pets\\mouselord\\grider\\src\\entities\\grid-params\\index.ts": {"path":"C:\\pets\\mouselord\\grider\\src\\entities\\grid-params\\index.ts","statementMap":{"0":{"start":{"line":1,"column":0},"end":{"line":1,"column":8}},"1":{"start":{"line":1,"column":8},"end":{"line":1,"column":41}}},"fnMap":{},"branchMap":{},"s":{"0":2,"1":2},"f":{},"b":{}}
,"C:\\pets\\mouselord\\grider\\src\\entities\\grid-params\\utils\\index.ts": {"path":"C:\\pets\\mouselord\\grider\\src\\entities\\grid-params\\utils\\index.ts","statementMap":{"0":{"start":{"line":1,"column":0},"end":{"line":1,"column":45}},"1":{"start":{"line":2,"column":0},"end":{"line":2,"column":62}},"2":{"start":{"line":4,"column":14},"end":{"line":4,"column":30}},"3":{"start":{"line":6,"column":13},"end":{"line":31,"column":2}},"4":{"start":{"line":11,"column":4},"end":{"line":20,"column":7}},"5":{"start":{"line":23,"column":4},"end":{"line":29,"column":7}},"6":{"start":{"line":33,"column":13},"end":{"line":77,"column":2}},"7":{"start":{"line":39,"column":6},"end":{"line":42,"column":8}},"8":{"start":{"line":45,"column":6},"end":{"line":48,"column":8}},"9":{"start":{"line":51,"column":6},"end":{"line":54,"column":8}},"10":{"start":{"line":59,"column":6},"end":{"line":62,"column":8}},"11":{"start":{"line":65,"column":6},"end":{"line":68,"column":8}},"12":{"start":{"line":71,"column":6},"end":{"line":74,"column":8}},"13":{"start":{"line":85,"column":2},"end":{"line":93,"column":null}},"14":{"start":{"line":87,"column":4},"end":{"line":87,"column":16}},"15":{"start":{"line":88,"column":4},"end":{"line":88,"column":10}},"16":{"start":{"line":91,"column":4},"end":{"line":91,"column":15}},"17":{"start":{"line":92,"column":4},"end":{"line":92,"column":10}},"18":{"start":{"line":95,"column":19},"end":{"line":95,"column":47}},"19":{"start":{"line":96,"column":18},"end":{"line":96,"column":46}},"20":{"start":{"line":98,"column":2},"end":{"line":107,"column":4}},"21":{"start":{"line":79,"column":0},"end":{"line":79,"column":16}},"22":{"start":{"line":114,"column":19},"end":{"line":114,"column":55}},"23":{"start":{"line":115,"column":23},"end":{"line":115,"column":57}},"24":{"start":{"line":116,"column":15},"end":{"line":116,"column":60}},"25":{"start":{"line":118,"column":2},"end":{"line":120,"column":null}},"26":{"start":{"line":119,"column":4},"end":{"line":119,"column":24}},"27":{"start":{"line":122,"column":2},"end":{"line":124,"column":null}},"28":{"start":{"line":123,"column":4},"end":{"line":123,"column":15}},"29":{"start":{"line":126,"column":2},"end":{"line":126,"column":27}},"30":{"start":{"line":110,"column":0},"end":{"line":110,"column":16}},"31":{"start":{"line":130,"column":19},"end":{"line":130,"column":56}},"32":{"start":{"line":131,"column":23},"end":{"line":131,"column":57}},"33":{"start":{"line":133,"column":15},"end":{"line":133,"column":60}},"34":{"start":{"line":135,"column":2},"end":{"line":137,"column":null}},"35":{"start":{"line":136,"column":4},"end":{"line":136,"column":24}},"36":{"start":{"line":139,"column":2},"end":{"line":141,"column":null}},"37":{"start":{"line":140,"column":4},"end":{"line":140,"column":15}},"38":{"start":{"line":143,"column":2},"end":{"line":143,"column":16}},"39":{"start":{"line":129,"column":0},"end":{"line":129,"column":16}}},"fnMap":{"0":{"name":"(anonymous_0)","decl":{"start":{"line":10,"column":2},"end":{"line":10,"column":6}},"loc":{"start":{"line":10,"column":9},"end":{"line":21,"column":3}}},"1":{"name":"(anonymous_1)","decl":{"start":{"line":22,"column":2},"end":{"line":22,"column":6}},"loc":{"start":{"line":22,"column":10},"end":{"line":30,"column":3}}},"2":{"name":"(anonymous_2)","decl":{"start":{"line":38,"column":4},"end":{"line":38,"column":8}},"loc":{"start":{"line":38,"column":12},"end":{"line":43,"column":5}}},"3":{"name":"(anonymous_3)","decl":{"start":{"line":44,"column":4},"end":{"line":44,"column":8}},"loc":{"start":{"line":44,"column":12},"end":{"line":49,"column":5}}},"4":{"name":"(anonymous_4)","decl":{"start":{"line":50,"column":4},"end":{"line":50,"column":8}},"loc":{"start":{"line":50,"column":12},"end":{"line":55,"column":5}}},"5":{"name":"(anonymous_5)","decl":{"start":{"line":58,"column":4},"end":{"line":58,"column":8}},"loc":{"start":{"line":58,"column":12},"end":{"line":63,"column":5}}},"6":{"name":"(anonymous_6)","decl":{"start":{"line":64,"column":4},"end":{"line":64,"column":8}},"loc":{"start":{"line":64,"column":12},"end":{"line":69,"column":5}}},"7":{"name":"(anonymous_7)","decl":{"start":{"line":70,"column":4},"end":{"line":70,"column":8}},"loc":{"start":{"line":70,"column":12},"end":{"line":75,"column":5}}},"8":{"name":"calcAxesParams","decl":{"start":{"line":79,"column":16},"end":{"line":79,"column":30}},"loc":{"start":{"line":81,"column":24},"end":{"line":108,"column":1}}},"9":{"name":"calcInitialCellWidth","decl":{"start":{"line":110,"column":16},"end":{"line":110,"column":36}},"loc":{"start":{"line":112,"column":18},"end":{"line":127,"column":1}}},"10":{"name":"calcInitialCellHeight","decl":{"start":{"line":129,"column":16},"end":{"line":129,"column":37}},"loc":{"start":{"line":129,"column":57},"end":{"line":144,"column":1}}}},"branchMap":{"0":{"loc":{"start":{"line":86,"column":2},"end":{"line":88,"column":10}},"type":"switch","locations":[{"start":{"line":86,"column":2},"end":{"line":88,"column":10}},{"start":{"line":89,"column":2},"end":{"line":89,"column":14}},{"start":{"line":90,"column":2},"end":{"line":92,"column":10}}]},"1":{"loc":{"start":{"line":95,"column":34},"end":{"line":95,"column":39}},"type":"cond-expr","locations":[{"start":{"line":95,"column":34},"end":{"line":95,"column":39}},{"start":{"line":95,"column":42},"end":{"line":95,"column":47}}]},"2":{"loc":{"start":{"line":96,"column":33},"end":{"line":96,"column":38}},"type":"cond-expr","locations":[{"start":{"line":96,"column":33},"end":{"line":96,"column":38}},{"start":{"line":96,"column":41},"end":{"line":96,"column":46}}]},"3":{"loc":{"start":{"line":118,"column":2},"end":{"line":120,"column":null}},"type":"if","locations":[{"start":{"line":118,"column":2},"end":{"line":120,"column":null}},{"start":{"line":118,"column":2},"end":{"line":120,"column":null}}]},"4":{"loc":{"start":{"line":122,"column":2},"end":{"line":124,"column":null}},"type":"if","locations":[{"start":{"line":122,"column":2},"end":{"line":124,"column":null}},{"start":{"line":122,"column":2},"end":{"line":124,"column":null}}]},"5":{"loc":{"start":{"line":135,"column":2},"end":{"line":137,"column":null}},"type":"if","locations":[{"start":{"line":135,"column":2},"end":{"line":137,"column":null}},{"start":{"line":135,"column":2},"end":{"line":137,"column":null}}]},"6":{"loc":{"start":{"line":139,"column":2},"end":{"line":141,"column":null}},"type":"if","locations":[{"start":{"line":139,"column":2},"end":{"line":141,"column":null}},{"start":{"line":139,"column":2},"end":{"line":141,"column":null}}]}},"s":{"0":2,"1":2,"2":2,"3":2,"4":5,"5":15,"6":2,"7":0,"8":5,"9":0,"10":0,"11":15,"12":0,"13":20,"14":5,"15":5,"16":15,"17":15,"18":20,"19":20,"20":20,"21":2,"22":20,"23":20,"24":20,"25":20,"26":0,"27":20,"28":0,"29":20,"30":2,"31":20,"32":20,"33":20,"34":20,"35":0,"36":20,"37":0,"38":20,"39":2},"f":{"0":5,"1":15,"2":0,"3":5,"4":0,"5":0,"6":15,"7":0,"8":20,"9":20,"10":20},"b":{"0":[5,15,15],"1":[0,20],"2":[0,20],"3":[0,20],"4":[0,20],"5":[0,20],"6":[0,20]}}
,"C:\\pets\\mouselord\\grider\\src\\entities\\lines\\line.ts": {"path":"C:\\pets\\mouselord\\grider\\src\\entities\\lines\\line.ts","statementMap":{"0":{"start":{"line":1,"column":0},"end":{"line":1,"column":38}},"1":{"start":{"line":2,"column":0},"end":{"line":2,"column":41}},"2":{"start":{"line":24,"column":11},"end":{"line":24,"column":20}},"3":{"start":{"line":25,"column":11},"end":{"line":25,"column":20}},"4":{"start":{"line":26,"column":11},"end":{"line":26,"column":20}},"5":{"start":{"line":6,"column":4},"end":{"line":6,"column":24}},"6":{"start":{"line":10,"column":4},"end":{"line":10,"column":24}},"7":{"start":{"line":17,"column":4},"end":{"line":21,"column":6}},"8":{"start":{"line":30,"column":18},"end":{"line":30,"column":36}},"9":{"start":{"line":31,"column":18},"end":{"line":31,"column":36}},"10":{"start":{"line":33,"column":4},"end":{"line":36,"column":6}},"11":{"start":{"line":40,"column":23},"end":{"line":40,"column":49}},"12":{"start":{"line":42,"column":4},"end":{"line":42,"column":37}},"13":{"start":{"line":46,"column":4},"end":{"line":46,"column":39}},"14":{"start":{"line":46,"column":32},"end":{"line":46,"column":39}},"15":{"start":{"line":48,"column":4},"end":{"line":48,"column":42}},"16":{"start":{"line":52,"column":4},"end":{"line":52,"column":39}},"17":{"start":{"line":52,"column":32},"end":{"line":52,"column":39}},"18":{"start":{"line":54,"column":4},"end":{"line":54,"column":42}},"19":{"start":{"line":60,"column":25},"end":{"line":60,"column":51}},"20":{"start":{"line":62,"column":4},"end":{"line":62,"column":47}},"21":{"start":{"line":66,"column":4},"end":{"line":66,"column":38}},"22":{"start":{"line":72,"column":19},"end":{"line":72,"column":24}},"23":{"start":{"line":74,"column":4},"end":{"line":84,"column":null}},"24":{"start":{"line":75,"column":6},"end":{"line":78,"column":8}},"25":{"start":{"line":79,"column":11},"end":{"line":84,"column":null}},"26":{"start":{"line":80,"column":6},"end":{"line":83,"column":8}},"27":{"start":{"line":86,"column":26},"end":{"line":86,"column":58}},"28":{"start":{"line":88,"column":4},"end":{"line":88,"column":58}},"29":{"start":{"line":94,"column":19},"end":{"line":94,"column":41}},"30":{"start":{"line":96,"column":4},"end":{"line":100,"column":6}},"31":{"start":{"line":104,"column":18},"end":{"line":104,"column":41}},"32":{"start":{"line":105,"column":19},"end":{"line":105,"column":42}},"33":{"start":{"line":107,"column":4},"end":{"line":107,"column":23}},"34":{"start":{"line":107,"column":16},"end":{"line":107,"column":23}},"35":{"start":{"line":109,"column":4},"end":{"line":109,"column":26}},"36":{"start":{"line":113,"column":18},"end":{"line":113,"column":41}},"37":{"start":{"line":114,"column":19},"end":{"line":114,"column":42}},"38":{"start":{"line":116,"column":4},"end":{"line":116,"column":23}},"39":{"start":{"line":116,"column":16},"end":{"line":116,"column":23}},"40":{"start":{"line":118,"column":4},"end":{"line":118,"column":26}},"41":{"start":{"line":122,"column":4},"end":{"line":125,"column":13}},"42":{"start":{"line":125,"column":6},"end":{"line":125,"column":13}},"43":{"start":{"line":127,"column":22},"end":{"line":127,"column":26}},"44":{"start":{"line":132,"column":4},"end":{"line":138,"column":null}},"45":{"start":{"line":133,"column":6},"end":{"line":133,"column":16}},"46":{"start":{"line":134,"column":11},"end":{"line":138,"column":null}},"47":{"start":{"line":135,"column":6},"end":{"line":135,"column":26}},"48":{"start":{"line":137,"column":6},"end":{"line":137,"column":35}},"49":{"start":{"line":140,"column":4},"end":{"line":146,"column":null}},"50":{"start":{"line":141,"column":6},"end":{"line":141,"column":16}},"51":{"start":{"line":142,"column":11},"end":{"line":146,"column":null}},"52":{"start":{"line":143,"column":6},"end":{"line":143,"column":26}},"53":{"start":{"line":145,"column":6},"end":{"line":145,"column":35}},"54":{"start":{"line":148,"column":4},"end":{"line":150,"column":null}},"55":{"start":{"line":149,"column":6},"end":{"line":149,"column":39}},"56":{"start":{"line":152,"column":4},"end":{"line":154,"column":null}},"57":{"start":{"line":153,"column":6},"end":{"line":153,"column":39}},"58":{"start":{"line":156,"column":4},"end":{"line":156,"column":51}},"59":{"start":{"line":156,"column":44},"end":{"line":156,"column":51}},"60":{"start":{"line":158,"column":4},"end":{"line":158,"column":27}},"61":{"start":{"line":4,"column":0},"end":{"line":4,"column":13}}},"fnMap":{"0":{"name":"(anonymous_0)","decl":{"start":{"line":23,"column":2},"end":{"line":23,"column":null}},"loc":{"start":{"line":26,"column":20},"end":{"line":27,"column":6}}},"1":{"name":"(anonymous_1)","decl":{"start":{"line":5,"column":2},"end":{"line":5,"column":6}},"loc":{"start":{"line":5,"column":23},"end":{"line":7,"column":3}}},"2":{"name":"(anonymous_2)","decl":{"start":{"line":9,"column":2},"end":{"line":9,"column":6}},"loc":{"start":{"line":9,"column":23},"end":{"line":11,"column":3}}},"3":{"name":"(anonymous_3)","decl":{"start":{"line":13,"column":2},"end":{"line":13,"column":8}},"loc":{"start":{"line":15,"column":25},"end":{"line":22,"column":3}}},"4":{"name":"(anonymous_4)","decl":{"start":{"line":29,"column":2},"end":{"line":29,"column":16}},"loc":{"start":{"line":29,"column":29},"end":{"line":37,"column":3}}},"5":{"name":"(anonymous_5)","decl":{"start":{"line":39,"column":2},"end":{"line":39,"column":10}},"loc":{"start":{"line":39,"column":23},"end":{"line":43,"column":3}}},"6":{"name":"(anonymous_6)","decl":{"start":{"line":45,"column":2},"end":{"line":45,"column":6}},"loc":{"start":{"line":45,"column":16},"end":{"line":49,"column":3}}},"7":{"name":"(anonymous_7)","decl":{"start":{"line":51,"column":2},"end":{"line":51,"column":6}},"loc":{"start":{"line":51,"column":16},"end":{"line":55,"column":3}}},"8":{"name":"(anonymous_8)","decl":{"start":{"line":57,"column":2},"end":{"line":57,"column":17}},"loc":{"start":{"line":58,"column":16},"end":{"line":63,"column":3}}},"9":{"name":"(anonymous_9)","decl":{"start":{"line":65,"column":2},"end":{"line":65,"column":17}},"loc":{"start":{"line":65,"column":17},"end":{"line":67,"column":3}}},"10":{"name":"(anonymous_10)","decl":{"start":{"line":69,"column":2},"end":{"line":69,"column":16}},"loc":{"start":{"line":70,"column":16},"end":{"line":89,"column":3}}},"11":{"name":"(anonymous_11)","decl":{"start":{"line":91,"column":2},"end":{"line":91,"column":22}},"loc":{"start":{"line":92,"column":25},"end":{"line":101,"column":3}}},"12":{"name":"(anonymous_12)","decl":{"start":{"line":103,"column":2},"end":{"line":103,"column":15}},"loc":{"start":{"line":103,"column":31},"end":{"line":110,"column":3}}},"13":{"name":"(anonymous_13)","decl":{"start":{"line":112,"column":2},"end":{"line":112,"column":15}},"loc":{"start":{"line":112,"column":31},"end":{"line":119,"column":3}}},"14":{"name":"(anonymous_14)","decl":{"start":{"line":121,"column":2},"end":{"line":121,"column":19}},"loc":{"start":{"line":121,"column":30},"end":{"line":159,"column":3}}}},"branchMap":{"0":{"loc":{"start":{"line":34,"column":28},"end":{"line":34,"column":35}},"type":"cond-expr","locations":[{"start":{"line":34,"column":28},"end":{"line":34,"column":35}},{"start":{"line":34,"column":38},"end":{"line":34,"column":43}}]},"1":{"loc":{"start":{"line":35,"column":28},"end":{"line":35,"column":35}},"type":"cond-expr","locations":[{"start":{"line":35,"column":28},"end":{"line":35,"column":35}},{"start":{"line":35,"column":38},"end":{"line":35,"column":43}}]},"2":{"loc":{"start":{"line":46,"column":4},"end":{"line":46,"column":39}},"type":"if","locations":[{"start":{"line":46,"column":4},"end":{"line":46,"column":39}},{"start":{"line":46,"column":4},"end":{"line":46,"column":39}}]},"3":{"loc":{"start":{"line":52,"column":4},"end":{"line":52,"column":39}},"type":"if","locations":[{"start":{"line":52,"column":4},"end":{"line":52,"column":39}},{"start":{"line":52,"column":4},"end":{"line":52,"column":39}}]},"4":{"loc":{"start":{"line":74,"column":4},"end":{"line":84,"column":null}},"type":"if","locations":[{"start":{"line":74,"column":4},"end":{"line":84,"column":null}},{"start":{"line":74,"column":4},"end":{"line":84,"column":null}}]},"5":{"loc":{"start":{"line":79,"column":11},"end":{"line":84,"column":null}},"type":"if","locations":[{"start":{"line":79,"column":11},"end":{"line":84,"column":null}},{"start":{"line":79,"column":11},"end":{"line":84,"column":null}}]},"6":{"loc":{"start":{"line":107,"column":4},"end":{"line":107,"column":23}},"type":"if","locations":[{"start":{"line":107,"column":4},"end":{"line":107,"column":23}},{"start":{"line":107,"column":4},"end":{"line":107,"column":23}}]},"7":{"loc":{"start":{"line":116,"column":4},"end":{"line":116,"column":23}},"type":"if","locations":[{"start":{"line":116,"column":4},"end":{"line":116,"column":23}},{"start":{"line":116,"column":4},"end":{"line":116,"column":23}}]},"8":{"loc":{"start":{"line":122,"column":4},"end":{"line":125,"column":13}},"type":"if","locations":[{"start":{"line":122,"column":4},"end":{"line":125,"column":13}},{"start":{"line":122,"column":4},"end":{"line":125,"column":13}}]},"9":{"loc":{"start":{"line":123,"column":7},"end":{"line":123,"column":29}},"type":"binary-expr","locations":[{"start":{"line":123,"column":7},"end":{"line":123,"column":29}},{"start":{"line":123,"column":33},"end":{"line":123,"column":55}},{"start":{"line":124,"column":7},"end":{"line":124,"column":29}},{"start":{"line":124,"column":33},"end":{"line":124,"column":55}}]},"10":{"loc":{"start":{"line":132,"column":4},"end":{"line":138,"column":null}},"type":"if","locations":[{"start":{"line":132,"column":4},"end":{"line":138,"column":null}},{"start":{"line":132,"column":4},"end":{"line":138,"column":null}}]},"11":{"loc":{"start":{"line":134,"column":11},"end":{"line":138,"column":null}},"type":"if","locations":[{"start":{"line":134,"column":11},"end":{"line":138,"column":null}},{"start":{"line":134,"column":11},"end":{"line":138,"column":null}}]},"12":{"loc":{"start":{"line":140,"column":4},"end":{"line":146,"column":null}},"type":"if","locations":[{"start":{"line":140,"column":4},"end":{"line":146,"column":null}},{"start":{"line":140,"column":4},"end":{"line":146,"column":null}}]},"13":{"loc":{"start":{"line":142,"column":11},"end":{"line":146,"column":null}},"type":"if","locations":[{"start":{"line":142,"column":11},"end":{"line":146,"column":null}},{"start":{"line":142,"column":11},"end":{"line":146,"column":null}}]},"14":{"loc":{"start":{"line":148,"column":4},"end":{"line":150,"column":null}},"type":"if","locations":[{"start":{"line":148,"column":4},"end":{"line":150,"column":null}},{"start":{"line":148,"column":4},"end":{"line":150,"column":null}}]},"15":{"loc":{"start":{"line":148,"column":8},"end":{"line":148,"column":23}},"type":"binary-expr","locations":[{"start":{"line":148,"column":8},"end":{"line":148,"column":23}},{"start":{"line":148,"column":27},"end":{"line":148,"column":42}}]},"16":{"loc":{"start":{"line":149,"column":10},"end":{"line":149,"column":22}},"type":"binary-expr","locations":[{"start":{"line":149,"column":10},"end":{"line":149,"column":22}},{"start":{"line":149,"column":26},"end":{"line":149,"column":38}}]},"17":{"loc":{"start":{"line":152,"column":4},"end":{"line":154,"column":null}},"type":"if","locations":[{"start":{"line":152,"column":4},"end":{"line":154,"column":null}},{"start":{"line":152,"column":4},"end":{"line":154,"column":null}}]},"18":{"loc":{"start":{"line":152,"column":8},"end":{"line":152,"column":23}},"type":"binary-expr","locations":[{"start":{"line":152,"column":8},"end":{"line":152,"column":23}},{"start":{"line":152,"column":27},"end":{"line":152,"column":42}}]},"19":{"loc":{"start":{"line":153,"column":10},"end":{"line":153,"column":22}},"type":"binary-expr","locations":[{"start":{"line":153,"column":10},"end":{"line":153,"column":22}},{"start":{"line":153,"column":26},"end":{"line":153,"column":38}}]},"20":{"loc":{"start":{"line":156,"column":4},"end":{"line":156,"column":51}},"type":"if","locations":[{"start":{"line":156,"column":4},"end":{"line":156,"column":51}},{"start":{"line":156,"column":4},"end":{"line":156,"column":51}}]},"21":{"loc":{"start":{"line":156,"column":8},"end":{"line":156,"column":23}},"type":"binary-expr","locations":[{"start":{"line":156,"column":8},"end":{"line":156,"column":23}},{"start":{"line":156,"column":27},"end":{"line":156,"column":42}}]}},"s":{"0":2,"1":2,"2":714,"3":714,"4":714,"5":276,"6":276,"7":376,"8":69,"9":69,"10":69,"11":69,"12":69,"13":69,"14":0,"15":69,"16":69,"17":0,"18":69,"19":0,"20":0,"21":0,"22":0,"23":0,"24":0,"25":0,"26":0,"27":0,"28":0,"29":0,"30":0,"31":33,"32":33,"33":33,"34":0,"35":33,"36":36,"37":36,"38":36,"39":0,"40":36,"41":69,"42":0,"43":69,"44":69,"45":0,"46":69,"47":36,"48":33,"49":69,"50":0,"51":69,"52":33,"53":36,"54":69,"55":0,"56":69,"57":0,"58":69,"59":0,"60":69,"61":2},"f":{"0":714,"1":276,"2":276,"3":376,"4":69,"5":69,"6":69,"7":69,"8":0,"9":0,"10":0,"11":0,"12":33,"13":36,"14":69},"b":{"0":[0,69],"1":[0,69],"2":[0,69],"3":[0,69],"4":[0,0],"5":[0,0],"6":[0,33],"7":[0,36],"8":[0,69],"9":[69,0,69,0],"10":[0,69],"11":[36,33],"12":[0,69],"13":[33,36],"14":[0,69],"15":[69,0],"16":[0,0],"17":[0,69],"18":[69,69],"19":[0,0],"20":[0,69],"21":[69,69]}}
,"C:\\pets\\mouselord\\grider\\src\\entities\\lines\\merc-line.ts": {"path":"C:\\pets\\mouselord\\grider\\src\\entities\\lines\\merc-line.ts","statementMap":{"0":{"start":{"line":1,"column":0},"end":{"line":1,"column":47}},"1":{"start":{"line":2,"column":0},"end":{"line":2,"column":28}},"2":{"start":{"line":6,"column":22},"end":{"line":6,"column":56}},"3":{"start":{"line":8,"column":4},"end":{"line":8,"column":33}},"4":{"start":{"line":12,"column":19},"end":{"line":12,"column":46}},"5":{"start":{"line":14,"column":4},"end":{"line":14,"column":31}},"6":{"start":{"line":18,"column":19},"end":{"line":18,"column":46}},"7":{"start":{"line":20,"column":4},"end":{"line":20,"column":31}},"8":{"start":{"line":24,"column":22},"end":{"line":24,"column":55}},"9":{"start":{"line":26,"column":4},"end":{"line":26,"column":33}},"10":{"start":{"line":30,"column":25},"end":{"line":30,"column":54}},"11":{"start":{"line":32,"column":4},"end":{"line":32,"column":30}},"12":{"start":{"line":32,"column":23},"end":{"line":32,"column":30}},"13":{"start":{"line":34,"column":19},"end":{"line":34,"column":31}},"14":{"start":{"line":36,"column":4},"end":{"line":36,"column":31}},"15":{"start":{"line":4,"column":0},"end":{"line":4,"column":13}}},"fnMap":{"0":{"name":"(anonymous_0)","decl":{"start":{"line":5,"column":2},"end":{"line":5,"column":8}},"loc":{"start":{"line":5,"column":59},"end":{"line":9,"column":3}}},"1":{"name":"(anonymous_1)","decl":{"start":{"line":11,"column":2},"end":{"line":11,"column":16}},"loc":{"start":{"line":11,"column":33},"end":{"line":15,"column":3}}},"2":{"name":"(anonymous_2)","decl":{"start":{"line":17,"column":2},"end":{"line":17,"column":16}},"loc":{"start":{"line":17,"column":33},"end":{"line":21,"column":3}}},"3":{"name":"(anonymous_3)","decl":{"start":{"line":23,"column":2},"end":{"line":23,"column":22}},"loc":{"start":{"line":23,"column":39},"end":{"line":27,"column":3}}},"4":{"name":"(anonymous_4)","decl":{"start":{"line":29,"column":2},"end":{"line":29,"column":19}},"loc":{"start":{"line":29,"column":34},"end":{"line":37,"column":3}}}},"branchMap":{"0":{"loc":{"start":{"line":32,"column":4},"end":{"line":32,"column":30}},"type":"if","locations":[{"start":{"line":32,"column":4},"end":{"line":32,"column":30}},{"start":{"line":32,"column":4},"end":{"line":32,"column":30}}]}},"s":{"0":2,"1":2,"2":238,"3":238,"4":69,"5":69,"6":0,"7":0,"8":0,"9":0,"10":69,"11":69,"12":0,"13":69,"14":69,"15":2},"f":{"0":238,"1":69,"2":0,"3":0,"4":69},"b":{"0":[0,69]}}
,"C:\\pets\\mouselord\\grider\\src\\entities\\lines\\rhumb-line.ts": {"path":"C:\\pets\\mouselord\\grider\\src\\entities\\lines\\rhumb-line.ts","statementMap":{"0":{"start":{"line":1,"column":0},"end":{"line":1,"column":null}},"1":{"start":{"line":6,"column":0},"end":{"line":6,"column":null}},"2":{"start":{"line":10,"column":0},"end":{"line":10,"column":37}},"3":{"start":{"line":21,"column":4},"end":{"line":21,"column":19}},"4":{"start":{"line":23,"column":4},"end":{"line":23,"column":41}},"5":{"start":{"line":27,"column":27},"end":{"line":27,"column":69}},"6":{"start":{"line":29,"column":4},"end":{"line":32,"column":null}},"7":{"start":{"line":30,"column":6},"end":{"line":30,"column":45}},"8":{"start":{"line":31,"column":6},"end":{"line":31,"column":45}},"9":{"start":{"line":34,"column":22},"end":{"line":34,"column":78}},"10":{"start":{"line":36,"column":4},"end":{"line":36,"column":50}},"11":{"start":{"line":40,"column":14},"end":{"line":40,"column":25}},"12":{"start":{"line":41,"column":14},"end":{"line":41,"column":26}},"13":{"start":{"line":43,"column":4},"end":{"line":43,"column":32}},"14":{"start":{"line":43,"column":25},"end":{"line":43,"column":32}},"15":{"start":{"line":45,"column":14},"end":{"line":45,"column":23}},"16":{"start":{"line":47,"column":4},"end":{"line":49,"column":null}},"17":{"start":{"line":48,"column":6},"end":{"line":48,"column":33}},"18":{"start":{"line":51,"column":4},"end":{"line":51,"column":15}},"19":{"start":{"line":55,"column":4},"end":{"line":57,"column":null}},"20":{"start":{"line":56,"column":6},"end":{"line":56,"column":33}},"21":{"start":{"line":59,"column":14},"end":{"line":59,"column":25}},"22":{"start":{"line":60,"column":14},"end":{"line":60,"column":26}},"23":{"start":{"line":62,"column":4},"end":{"line":62,"column":32}},"24":{"start":{"line":62,"column":25},"end":{"line":62,"column":32}},"25":{"start":{"line":64,"column":4},"end":{"line":64,"column":21}},"26":{"start":{"line":12,"column":0},"end":{"line":12,"column":13}}},"fnMap":{"0":{"name":"(anonymous_0)","decl":{"start":{"line":15,"column":2},"end":{"line":15,"column":null}},"loc":{"start":{"line":19,"column":27},"end":{"line":24,"column":3}}},"1":{"name":"(anonymous_1)","decl":{"start":{"line":26,"column":2},"end":{"line":26,"column":8}},"loc":{"start":{"line":26,"column":60},"end":{"line":37,"column":3}}},"2":{"name":"(anonymous_2)","decl":{"start":{"line":39,"column":2},"end":{"line":39,"column":10}},"loc":{"start":{"line":39,"column":22},"end":{"line":52,"column":3}}},"3":{"name":"(anonymous_3)","decl":{"start":{"line":54,"column":2},"end":{"line":54,"column":10}},"loc":{"start":{"line":54,"column":22},"end":{"line":65,"column":3}}}},"branchMap":{"0":{"loc":{"start":{"line":29,"column":4},"end":{"line":32,"column":null}},"type":"if","locations":[{"start":{"line":29,"column":4},"end":{"line":32,"column":null}},{"start":{"line":29,"column":4},"end":{"line":32,"column":null}}]},"1":{"loc":{"start":{"line":43,"column":4},"end":{"line":43,"column":32}},"type":"if","locations":[{"start":{"line":43,"column":4},"end":{"line":43,"column":32}},{"start":{"line":43,"column":4},"end":{"line":43,"column":32}}]},"2":{"loc":{"start":{"line":47,"column":4},"end":{"line":49,"column":null}},"type":"if","locations":[{"start":{"line":47,"column":4},"end":{"line":49,"column":null}},{"start":{"line":47,"column":4},"end":{"line":49,"column":null}}]},"3":{"loc":{"start":{"line":55,"column":4},"end":{"line":57,"column":null}},"type":"if","locations":[{"start":{"line":55,"column":4},"end":{"line":57,"column":null}},{"start":{"line":55,"column":4},"end":{"line":57,"column":null}}]},"4":{"loc":{"start":{"line":62,"column":4},"end":{"line":62,"column":32}},"type":"if","locations":[{"start":{"line":62,"column":4},"end":{"line":62,"column":32}},{"start":{"line":62,"column":4},"end":{"line":62,"column":32}}]}},"s":{"0":2,"1":2,"2":2,"3":100,"4":100,"5":100,"6":100,"7":0,"8":0,"9":100,"10":100,"11":0,"12":0,"13":0,"14":0,"15":0,"16":0,"17":0,"18":0,"19":0,"20":0,"21":0,"22":0,"23":0,"24":0,"25":0,"26":2},"f":{"0":100,"1":100,"2":0,"3":0},"b":{"0":[0,100],"1":[0,0],"2":[0,0],"3":[0,0],"4":[0,0]}}
,"C:\\pets\\mouselord\\grider\\src\\entities\\points\\geo-point.ts": {"path":"C:\\pets\\mouselord\\grider\\src\\entities\\points\\geo-point.ts","statementMap":{"0":{"start":{"line":1,"column":0},"end":{"line":1,"column":null}},"1":{"start":{"line":11,"column":0},"end":{"line":11,"column":39}},"2":{"start":{"line":15,"column":11},"end":{"line":15,"column":22}},"3":{"start":{"line":16,"column":11},"end":{"line":16,"column":22}},"4":{"start":{"line":20,"column":23},"end":{"line":20,"column":41}},"5":{"start":{"line":21,"column":23},"end":{"line":21,"column":42}},"6":{"start":{"line":23,"column":4},"end":{"line":24,"column":40}},"7":{"start":{"line":28,"column":19},"end":{"line":28,"column":48}},"8":{"start":{"line":29,"column":19},"end":{"line":29,"column":48}},"9":{"start":{"line":31,"column":4},"end":{"line":31,"column":33}},"10":{"start":{"line":35,"column":16},"end":{"line":35,"column":41}},"11":{"start":{"line":37,"column":4},"end":{"line":37,"column":39}},"12":{"start":{"line":41,"column":17},"end":{"line":41,"column":33}},"13":{"start":{"line":43,"column":4},"end":{"line":46,"column":null}},"14":{"start":{"line":44,"column":6},"end":{"line":44,"column":43}},"15":{"start":{"line":45,"column":6},"end":{"line":45,"column":45}},"16":{"start":{"line":48,"column":23},"end":{"line":48,"column":38}},"17":{"start":{"line":49,"column":23},"end":{"line":49,"column":38}},"18":{"start":{"line":51,"column":4},"end":{"line":51,"column":50}},"19":{"start":{"line":55,"column":14},"end":{"line":55,"column":30}},"20":{"start":{"line":56,"column":14},"end":{"line":56,"column":30}},"21":{"start":{"line":58,"column":4},"end":{"line":58,"column":31}},"22":{"start":{"line":62,"column":23},"end":{"line":63,"column":28}},"23":{"start":{"line":65,"column":4},"end":{"line":65,"column":34}},"24":{"start":{"line":69,"column":14},"end":{"line":69,"column":34}},"25":{"start":{"line":70,"column":14},"end":{"line":70,"column":34}},"26":{"start":{"line":72,"column":23},"end":{"line":72,"column":60}},"27":{"start":{"line":74,"column":4},"end":{"line":74,"column":34}},"28":{"start":{"line":78,"column":16},"end":{"line":78,"column":35}},"29":{"start":{"line":79,"column":16},"end":{"line":79,"column":35}},"30":{"start":{"line":81,"column":4},"end":{"line":81,"column":34}},"31":{"start":{"line":85,"column":4},"end":{"line":87,"column":27}},"32":{"start":{"line":91,"column":4},"end":{"line":93,"column":27}},"33":{"start":{"line":97,"column":4},"end":{"line":97,"column":32}},"34":{"start":{"line":101,"column":4},"end":{"line":101,"column":32}},"35":{"start":{"line":105,"column":23},"end":{"line":105,"column":27}},"36":{"start":{"line":107,"column":4},"end":{"line":110,"column":6}},"37":{"start":{"line":114,"column":4},"end":{"line":117,"column":6}},"38":{"start":{"line":123,"column":4},"end":{"line":123,"column":34}},"39":{"start":{"line":127,"column":4},"end":{"line":127,"column":42}},"40":{"start":{"line":134,"column":4},"end":{"line":134,"column":25}},"41":{"start":{"line":135,"column":4},"end":{"line":135,"column":25}},"42":{"start":{"line":137,"column":4},"end":{"line":137,"column":34}},"43":{"start":{"line":141,"column":4},"end":{"line":141,"column":25}},"44":{"start":{"line":142,"column":4},"end":{"line":142,"column":25}},"45":{"start":{"line":144,"column":4},"end":{"line":144,"column":34}},"46":{"start":{"line":148,"column":23},"end":{"line":148,"column":46}},"47":{"start":{"line":150,"column":4},"end":{"line":150,"column":34}},"48":{"start":{"line":13,"column":0},"end":{"line":13,"column":13}}},"fnMap":{"0":{"name":"(anonymous_0)","decl":{"start":{"line":14,"column":2},"end":{"line":14,"column":null}},"loc":{"start":{"line":16,"column":22},"end":{"line":17,"column":6}}},"1":{"name":"(anonymous_1)","decl":{"start":{"line":19,"column":2},"end":{"line":19,"column":9}},"loc":{"start":{"line":19,"column":25},"end":{"line":25,"column":3}}},"2":{"name":"(anonymous_2)","decl":{"start":{"line":27,"column":2},"end":{"line":27,"column":29}},"loc":{"start":{"line":27,"column":45},"end":{"line":32,"column":3}}},"3":{"name":"(anonymous_3)","decl":{"start":{"line":34,"column":2},"end":{"line":34,"column":22}},"loc":{"start":{"line":34,"column":22},"end":{"line":38,"column":3}}},"4":{"name":"(anonymous_4)","decl":{"start":{"line":40,"column":2},"end":{"line":40,"column":18}},"loc":{"start":{"line":40,"column":35},"end":{"line":52,"column":3}}},"5":{"name":"(anonymous_5)","decl":{"start":{"line":54,"column":2},"end":{"line":54,"column":8}},"loc":{"start":{"line":54,"column":8},"end":{"line":59,"column":3}}},"6":{"name":"(anonymous_6)","decl":{"start":{"line":61,"column":2},"end":{"line":61,"column":14}},"loc":{"start":{"line":61,"column":14},"end":{"line":66,"column":3}}},"7":{"name":"(anonymous_7)","decl":{"start":{"line":68,"column":2},"end":{"line":68,"column":16}},"loc":{"start":{"line":68,"column":16},"end":{"line":75,"column":3}}},"8":{"name":"(anonymous_8)","decl":{"start":{"line":77,"column":2},"end":{"line":77,"column":13}},"loc":{"start":{"line":77,"column":13},"end":{"line":82,"column":3}}},"9":{"name":"(anonymous_9)","decl":{"start":{"line":84,"column":2},"end":{"line":84,"column":13}},"loc":{"start":{"line":84,"column":29},"end":{"line":88,"column":3}}},"10":{"name":"(anonymous_10)","decl":{"start":{"line":90,"column":2},"end":{"line":90,"column":13}},"loc":{"start":{"line":90,"column":29},"end":{"line":94,"column":3}}},"11":{"name":"(anonymous_11)","decl":{"start":{"line":96,"column":2},"end":{"line":96,"column":14}},"loc":{"start":{"line":96,"column":30},"end":{"line":98,"column":3}}},"12":{"name":"(anonymous_12)","decl":{"start":{"line":100,"column":2},"end":{"line":100,"column":14}},"loc":{"start":{"line":100,"column":30},"end":{"line":102,"column":3}}},"13":{"name":"(anonymous_13)","decl":{"start":{"line":104,"column":2},"end":{"line":104,"column":9}},"loc":{"start":{"line":104,"column":9},"end":{"line":111,"column":3}}},"14":{"name":"(anonymous_14)","decl":{"start":{"line":113,"column":2},"end":{"line":113,"column":11}},"loc":{"start":{"line":113,"column":11},"end":{"line":118,"column":3}}},"15":{"name":"(anonymous_15)","decl":{"start":{"line":120,"column":2},"end":{"line":120,"column":8}},"loc":{"start":{"line":121,"column":31},"end":{"line":124,"column":3}}},"16":{"name":"(anonymous_16)","decl":{"start":{"line":126,"column":2},"end":{"line":126,"column":8}},"loc":{"start":{"line":126,"column":67},"end":{"line":128,"column":3}}},"17":{"name":"(anonymous_17)","decl":{"start":{"line":130,"column":2},"end":{"line":130,"column":8}},"loc":{"start":{"line":132,"column":15},"end":{"line":138,"column":3}}},"18":{"name":"(anonymous_18)","decl":{"start":{"line":140,"column":2},"end":{"line":140,"column":8}},"loc":{"start":{"line":140,"column":50},"end":{"line":145,"column":3}}},"19":{"name":"(anonymous_19)","decl":{"start":{"line":147,"column":2},"end":{"line":147,"column":8}},"loc":{"start":{"line":147,"column":34},"end":{"line":151,"column":3}}}},"branchMap":{"0":{"loc":{"start":{"line":23,"column":11},"end":{"line":23,"column":44}},"type":"binary-expr","locations":[{"start":{"line":23,"column":11},"end":{"line":23,"column":44}},{"start":{"line":24,"column":6},"end":{"line":24,"column":39}}]},"1":{"loc":{"start":{"line":43,"column":4},"end":{"line":46,"column":null}},"type":"if","locations":[{"start":{"line":43,"column":4},"end":{"line":46,"column":null}},{"start":{"line":43,"column":4},"end":{"line":46,"column":null}}]},"2":{"loc":{"start":{"line":86,"column":6},"end":{"line":86,"column":26}},"type":"cond-expr","locations":[{"start":{"line":86,"column":6},"end":{"line":86,"column":26}},{"start":{"line":87,"column":6},"end":{"line":87,"column":26}}]},"3":{"loc":{"start":{"line":92,"column":6},"end":{"line":92,"column":26}},"type":"cond-expr","locations":[{"start":{"line":92,"column":6},"end":{"line":92,"column":26}},{"start":{"line":93,"column":6},"end":{"line":93,"column":26}}]}},"s":{"0":2,"1":2,"2":260,"3":260,"4":0,"5":0,"6":0,"7":238,"8":238,"9":238,"10":0,"11":0,"12":0,"13":0,"14":0,"15":0,"16":0,"17":0,"18":0,"19":476,"20":476,"21":476,"22":0,"23":0,"24":0,"25":0,"26":0,"27":0,"28":117,"29":117,"30":117,"31":0,"32":0,"33":0,"34":0,"35":0,"36":0,"37":0,"38":0,"39":0,"40":0,"41":0,"42":0,"43":0,"44":0,"45":0,"46":5,"47":5,"48":2},"f":{"0":260,"1":0,"2":238,"3":0,"4":0,"5":476,"6":0,"7":0,"8":117,"9":0,"10":0,"11":0,"12":0,"13":0,"14":0,"15":0,"16":0,"17":0,"18":0,"19":5},"b":{"0":[0,0],"1":[0,0],"2":[0,0],"3":[0,0]}}
,"C:\\pets\\mouselord\\grider\\src\\entities\\points\\index.ts": {"path":"C:\\pets\\mouselord\\grider\\src\\entities\\points\\index.ts","statementMap":{"0":{"start":{"line":1,"column":0},"end":{"line":1,"column":8}},"1":{"start":{"line":1,"column":8},"end":{"line":1,"column":43}},"2":{"start":{"line":2,"column":0},"end":{"line":2,"column":8}},"3":{"start":{"line":2,"column":8},"end":{"line":2,"column":39}},"4":{"start":{"line":3,"column":0},"end":{"line":3,"column":8}},"5":{"start":{"line":3,"column":8},"end":{"line":3,"column":37}},"6":{"start":{"line":4,"column":0},"end":{"line":4,"column":8}},"7":{"start":{"line":4,"column":8},"end":{"line":4,"column":39}},"8":{"start":{"line":5,"column":0},"end":{"line":5,"column":8}},"9":{"start":{"line":5,"column":8},"end":{"line":5,"column":39}},"10":{"start":{"line":6,"column":0},"end":{"line":6,"column":8}},"11":{"start":{"line":6,"column":8},"end":{"line":6,"column":30}},"12":{"start":{"line":7,"column":0},"end":{"line":7,"column":8}},"13":{"start":{"line":7,"column":8},"end":{"line":7,"column":48}}},"fnMap":{},"branchMap":{},"s":{"0":1,"1":1,"2":1,"3":1,"4":1,"5":1,"6":1,"7":1,"8":1,"9":1,"10":1,"11":1,"12":1,"13":1},"f":{},"b":{}}
,"C:\\pets\\mouselord\\grider\\src\\entities\\points\\merc-point.ts": {"path":"C:\\pets\\mouselord\\grider\\src\\entities\\points\\merc-point.ts","statementMap":{"0":{"start":{"line":1,"column":0},"end":{"line":1,"column":30}},"1":{"start":{"line":3,"column":0},"end":{"line":3,"column":null}},"2":{"start":{"line":13,"column":4},"end":{"line":13,"column":19}},"3":{"start":{"line":15,"column":4},"end":{"line":15,"column":16}},"4":{"start":{"line":19,"column":4},"end":{"line":22,"column":6}},"5":{"start":{"line":26,"column":14},"end":{"line":26,"column":35}},"6":{"start":{"line":28,"column":4},"end":{"line":28,"column":36}},"7":{"start":{"line":32,"column":17},"end":{"line":32,"column":42}},"8":{"start":{"line":33,"column":17},"end":{"line":33,"column":42}},"9":{"start":{"line":35,"column":4},"end":{"line":35,"column":29}},"10":{"start":{"line":39,"column":17},"end":{"line":39,"column":34}},"11":{"start":{"line":41,"column":4},"end":{"line":44,"column":null}},"12":{"start":{"line":42,"column":6},"end":{"line":42,"column":45}},"13":{"start":{"line":43,"column":6},"end":{"line":43,"column":45}},"14":{"start":{"line":46,"column":4},"end":{"line":46,"column":42}},"15":{"start":{"line":50,"column":16},"end":{"line":50,"column":30}},"16":{"start":{"line":51,"column":16},"end":{"line":51,"column":30}},"17":{"start":{"line":53,"column":4},"end":{"line":53,"column":22}},"18":{"start":{"line":57,"column":16},"end":{"line":57,"column":34}},"19":{"start":{"line":58,"column":16},"end":{"line":58,"column":34}},"20":{"start":{"line":60,"column":4},"end":{"line":60,"column":22}},"21":{"start":{"line":64,"column":4},"end":{"line":66,"column":23}},"22":{"start":{"line":70,"column":4},"end":{"line":72,"column":23}},"23":{"start":{"line":76,"column":4},"end":{"line":76,"column":28}},"24":{"start":{"line":80,"column":4},"end":{"line":80,"column":28}},"25":{"start":{"line":11,"column":0},"end":{"line":11,"column":13}}},"fnMap":{"0":{"name":"(anonymous_0)","decl":{"start":{"line":12,"column":2},"end":{"line":12,"column":14}},"loc":{"start":{"line":12,"column":34},"end":{"line":16,"column":3}}},"1":{"name":"(anonymous_1)","decl":{"start":{"line":18,"column":2},"end":{"line":18,"column":13}},"loc":{"start":{"line":18,"column":13},"end":{"line":23,"column":3}}},"2":{"name":"(anonymous_2)","decl":{"start":{"line":25,"column":2},"end":{"line":25,"column":22}},"loc":{"start":{"line":25,"column":22},"end":{"line":29,"column":3}}},"3":{"name":"(anonymous_3)","decl":{"start":{"line":31,"column":2},"end":{"line":31,"column":29}},"loc":{"start":{"line":31,"column":46},"end":{"line":36,"column":3}}},"4":{"name":"(anonymous_4)","decl":{"start":{"line":38,"column":2},"end":{"line":38,"column":18}},"loc":{"start":{"line":38,"column":36},"end":{"line":47,"column":3}}},"5":{"name":"(anonymous_5)","decl":{"start":{"line":49,"column":2},"end":{"line":49,"column":17}},"loc":{"start":{"line":49,"column":17},"end":{"line":54,"column":3}}},"6":{"name":"(anonymous_6)","decl":{"start":{"line":56,"column":2},"end":{"line":56,"column":21}},"loc":{"start":{"line":56,"column":21},"end":{"line":61,"column":3}}},"7":{"name":"(anonymous_7)","decl":{"start":{"line":63,"column":2},"end":{"line":63,"column":13}},"loc":{"start":{"line":63,"column":30},"end":{"line":67,"column":3}}},"8":{"name":"(anonymous_8)","decl":{"start":{"line":69,"column":2},"end":{"line":69,"column":13}},"loc":{"start":{"line":69,"column":30},"end":{"line":73,"column":3}}},"9":{"name":"(anonymous_9)","decl":{"start":{"line":75,"column":2},"end":{"line":75,"column":14}},"loc":{"start":{"line":75,"column":31},"end":{"line":77,"column":3}}},"10":{"name":"(anonymous_10)","decl":{"start":{"line":79,"column":2},"end":{"line":79,"column":14}},"loc":{"start":{"line":79,"column":31},"end":{"line":81,"column":3}}}},"branchMap":{"0":{"loc":{"start":{"line":41,"column":4},"end":{"line":44,"column":null}},"type":"if","locations":[{"start":{"line":41,"column":4},"end":{"line":44,"column":null}},{"start":{"line":41,"column":4},"end":{"line":44,"column":null}}]},"1":{"loc":{"start":{"line":65,"column":6},"end":{"line":65,"column":22}},"type":"cond-expr","locations":[{"start":{"line":65,"column":6},"end":{"line":65,"column":22}},{"start":{"line":66,"column":6},"end":{"line":66,"column":22}}]},"2":{"loc":{"start":{"line":71,"column":6},"end":{"line":71,"column":22}},"type":"cond-expr","locations":[{"start":{"line":71,"column":6},"end":{"line":71,"column":22}},{"start":{"line":72,"column":6},"end":{"line":72,"column":22}}]}},"s":{"0":2,"1":2,"2":964,"3":964,"4":345,"5":0,"6":0,"7":138,"8":138,"9":138,"10":0,"11":0,"12":0,"13":0,"14":0,"15":5,"16":5,"17":5,"18":0,"19":0,"20":0,"21":0,"22":0,"23":0,"24":0,"25":2},"f":{"0":964,"1":345,"2":0,"3":138,"4":0,"5":5,"6":0,"7":0,"8":0,"9":0,"10":0},"b":{"0":[0,0],"1":[0,0],"2":[0,0]}}
,"C:\\pets\\mouselord\\grider\\src\\entities\\points\\point.ts": {"path":"C:\\pets\\mouselord\\grider\\src\\entities\\points\\point.ts","statementMap":{"0":{"start":{"line":6,"column":11},"end":{"line":6,"column":20}},"1":{"start":{"line":7,"column":11},"end":{"line":7,"column":20}},"2":{"start":{"line":13,"column":4},"end":{"line":16,"column":6}},"3":{"start":{"line":20,"column":4},"end":{"line":20,"column":16}},"4":{"start":{"line":24,"column":4},"end":{"line":27,"column":6}},"5":{"start":{"line":31,"column":4},"end":{"line":31,"column":31}},"6":{"start":{"line":35,"column":24},"end":{"line":35,"column":46}},"7":{"start":{"line":37,"column":4},"end":{"line":37,"column":23}},"8":{"start":{"line":41,"column":23},"end":{"line":41,"column":41}},"9":{"start":{"line":42,"column":23},"end":{"line":42,"column":42}},"10":{"start":{"line":44,"column":20},"end":{"line":45,"column":35}},"11":{"start":{"line":47,"column":4},"end":{"line":47,"column":19}},"12":{"start":{"line":51,"column":4},"end":{"line":51,"column":38}},"13":{"start":{"line":55,"column":4},"end":{"line":55,"column":37}},"14":{"start":{"line":59,"column":4},"end":{"line":59,"column":40}},"15":{"start":{"line":65,"column":4},"end":{"line":65,"column":27}},"16":{"start":{"line":4,"column":0},"end":{"line":4,"column":13}}},"fnMap":{"0":{"name":"(anonymous_0)","decl":{"start":{"line":5,"column":2},"end":{"line":5,"column":null}},"loc":{"start":{"line":7,"column":20},"end":{"line":8,"column":6}}},"1":{"name":"(anonymous_1)","decl":{"start":{"line":10,"column":2},"end":{"line":10,"column":17}},"loc":{"start":{"line":11,"column":24},"end":{"line":17,"column":3}}},"2":{"name":"(anonymous_2)","decl":{"start":{"line":19,"column":2},"end":{"line":19,"column":13}},"loc":{"start":{"line":19,"column":13},"end":{"line":21,"column":3}}},"3":{"name":"(anonymous_3)","decl":{"start":{"line":23,"column":2},"end":{"line":23,"column":9}},"loc":{"start":{"line":23,"column":9},"end":{"line":28,"column":3}}},"4":{"name":"(anonymous_4)","decl":{"start":{"line":30,"column":2},"end":{"line":30,"column":17}},"loc":{"start":{"line":30,"column":28},"end":{"line":32,"column":3}}},"5":{"name":"(anonymous_5)","decl":{"start":{"line":34,"column":2},"end":{"line":34,"column":20}},"loc":{"start":{"line":34,"column":37},"end":{"line":38,"column":3}}},"6":{"name":"(anonymous_6)","decl":{"start":{"line":40,"column":2},"end":{"line":40,"column":9}},"loc":{"start":{"line":40,"column":22},"end":{"line":48,"column":3}}},"7":{"name":"(anonymous_7)","decl":{"start":{"line":50,"column":2},"end":{"line":50,"column":16}},"loc":{"start":{"line":50,"column":27},"end":{"line":52,"column":3}}},"8":{"name":"(anonymous_8)","decl":{"start":{"line":54,"column":2},"end":{"line":54,"column":15}},"loc":{"start":{"line":54,"column":26},"end":{"line":56,"column":3}}},"9":{"name":"(anonymous_9)","decl":{"start":{"line":58,"column":2},"end":{"line":58,"column":18}},"loc":{"start":{"line":58,"column":35},"end":{"line":60,"column":3}}},"10":{"name":"(anonymous_10)","decl":{"start":{"line":62,"column":2},"end":{"line":62,"column":8}},"loc":{"start":{"line":63,"column":24},"end":{"line":66,"column":3}}}},"branchMap":{"0":{"loc":{"start":{"line":44,"column":20},"end":{"line":44,"column":49}},"type":"binary-expr","locations":[{"start":{"line":44,"column":20},"end":{"line":44,"column":49}},{"start":{"line":45,"column":6},"end":{"line":45,"column":35}}]}},"s":{"0":1102,"1":1102,"2":0,"3":0,"4":0,"5":0,"6":0,"7":0,"8":69,"9":69,"10":69,"11":69,"12":0,"13":0,"14":0,"15":0,"16":2},"f":{"0":1102,"1":0,"2":0,"3":0,"4":0,"5":0,"6":69,"7":0,"8":0,"9":0,"10":0},"b":{"0":[69,69]}}
,"C:\\pets\\mouselord\\grider\\src\\entities\\points\\tile-merc-point.ts": {"path":"C:\\pets\\mouselord\\grider\\src\\entities\\points\\tile-merc-point.ts","statementMap":{"0":{"start":{"line":1,"column":0},"end":{"line":1,"column":42}},"1":{"start":{"line":3,"column":0},"end":{"line":3,"column":51}},"2":{"start":{"line":4,"column":0},"end":{"line":4,"column":51}},"3":{"start":{"line":5,"column":0},"end":{"line":5,"column":43}},"4":{"start":{"line":6,"column":0},"end":{"line":6,"column":37}},"5":{"start":{"line":7,"column":0},"end":{"line":7,"column":39}},"6":{"start":{"line":8,"column":0},"end":{"line":8,"column":30}},"7":{"start":{"line":28,"column":4},"end":{"line":28,"column":16}},"8":{"start":{"line":30,"column":4},"end":{"line":30,"column":23}},"9":{"start":{"line":31,"column":4},"end":{"line":31,"column":23}},"10":{"start":{"line":32,"column":4},"end":{"line":32,"column":31}},"11":{"start":{"line":33,"column":4},"end":{"line":33,"column":33}},"12":{"start":{"line":34,"column":4},"end":{"line":34,"column":21}},"13":{"start":{"line":38,"column":4},"end":{"line":38,"column":70}},"14":{"start":{"line":42,"column":4},"end":{"line":42,"column":71}},"15":{"start":{"line":52,"column":8},"end":{"line":52,"column":12}},"16":{"start":{"line":54,"column":4},"end":{"line":60,"column":6}},"17":{"start":{"line":70,"column":8},"end":{"line":70,"column":12}},"18":{"start":{"line":72,"column":4},"end":{"line":78,"column":6}},"19":{"start":{"line":88,"column":8},"end":{"line":88,"column":12}},"20":{"start":{"line":90,"column":4},"end":{"line":96,"column":6}},"21":{"start":{"line":106,"column":8},"end":{"line":106,"column":12}},"22":{"start":{"line":108,"column":4},"end":{"line":114,"column":6}},"23":{"start":{"line":118,"column":4},"end":{"line":118,"column":39}},"24":{"start":{"line":122,"column":4},"end":{"line":122,"column":49}},"25":{"start":{"line":126,"column":4},"end":{"line":126,"column":48}},"26":{"start":{"line":130,"column":4},"end":{"line":130,"column":39}},"27":{"start":{"line":134,"column":4},"end":{"line":137,"column":6}},"28":{"start":{"line":141,"column":23},"end":{"line":141,"column":37}},"29":{"start":{"line":143,"column":4},"end":{"line":146,"column":6}},"30":{"start":{"line":150,"column":22},"end":{"line":150,"column":35}},"31":{"start":{"line":152,"column":4},"end":{"line":155,"column":6}},"32":{"start":{"line":159,"column":4},"end":{"line":162,"column":6}},"33":{"start":{"line":166,"column":21},"end":{"line":166,"column":44}},"34":{"start":{"line":167,"column":23},"end":{"line":167,"column":60}},"35":{"start":{"line":168,"column":24},"end":{"line":168,"column":53}},"36":{"start":{"line":169,"column":28},"end":{"line":169,"column":54}},"37":{"start":{"line":171,"column":27},"end":{"line":175,"column":null}},"38":{"start":{"line":178,"column":4},"end":{"line":178,"column":47}},"39":{"start":{"line":182,"column":12},"end":{"line":182,"column":45}},"40":{"start":{"line":183,"column":14},"end":{"line":183,"column":47}},"41":{"start":{"line":185,"column":4},"end":{"line":187,"column":null}},"42":{"start":{"line":186,"column":6},"end":{"line":186,"column":27}},"43":{"start":{"line":189,"column":4},"end":{"line":189,"column":27}},"44":{"start":{"line":193,"column":22},"end":{"line":193,"column":35}},"45":{"start":{"line":195,"column":4},"end":{"line":200,"column":7}},"46":{"start":{"line":204,"column":4},"end":{"line":209,"column":6}},"47":{"start":{"line":213,"column":4},"end":{"line":226,"column":7}},"48":{"start":{"line":214,"column":24},"end":{"line":214,"column":41}},"49":{"start":{"line":215,"column":29},"end":{"line":219,"column":null}},"50":{"start":{"line":222,"column":16},"end":{"line":222,"column":65}},"51":{"start":{"line":223,"column":16},"end":{"line":223,"column":66}},"52":{"start":{"line":225,"column":6},"end":{"line":225,"column":29}},"53":{"start":{"line":238,"column":4},"end":{"line":246,"column":6}},"54":{"start":{"line":256,"column":14},"end":{"line":256,"column":76}},"55":{"start":{"line":257,"column":14},"end":{"line":257,"column":77}},"56":{"start":{"line":259,"column":4},"end":{"line":267,"column":6}},"57":{"start":{"line":280,"column":4},"end":{"line":280,"column":78}},"58":{"start":{"line":289,"column":18},"end":{"line":289,"column":86}},"59":{"start":{"line":290,"column":18},"end":{"line":290,"column":87}},"60":{"start":{"line":292,"column":4},"end":{"line":300,"column":6}},"61":{"start":{"line":12,"column":0},"end":{"line":12,"column":13}}},"fnMap":{"0":{"name":"(anonymous_0)","decl":{"start":{"line":19,"column":2},"end":{"line":19,"column":null}},"loc":{"start":{"line":26,"column":16},"end":{"line":35,"column":3}}},"1":{"name":"(anonymous_1)","decl":{"start":{"line":37,"column":2},"end":{"line":37,"column":6}},"loc":{"start":{"line":37,"column":15},"end":{"line":39,"column":3}}},"2":{"name":"(anonymous_2)","decl":{"start":{"line":41,"column":2},"end":{"line":41,"column":6}},"loc":{"start":{"line":41,"column":15},"end":{"line":43,"column":3}}},"3":{"name":"(anonymous_3)","decl":{"start":{"line":45,"column":2},"end":{"line":45,"column":6}},"loc":{"start":{"line":45,"column":15},"end":{"line":61,"column":3}}},"4":{"name":"(anonymous_4)","decl":{"start":{"line":63,"column":2},"end":{"line":63,"column":6}},"loc":{"start":{"line":63,"column":15},"end":{"line":79,"column":3}}},"5":{"name":"(anonymous_5)","decl":{"start":{"line":81,"column":2},"end":{"line":81,"column":6}},"loc":{"start":{"line":81,"column":14},"end":{"line":97,"column":3}}},"6":{"name":"(anonymous_6)","decl":{"start":{"line":99,"column":2},"end":{"line":99,"column":6}},"loc":{"start":{"line":99,"column":14},"end":{"line":115,"column":3}}},"7":{"name":"(anonymous_7)","decl":{"start":{"line":117,"column":2},"end":{"line":117,"column":6}},"loc":{"start":{"line":117,"column":16},"end":{"line":119,"column":3}}},"8":{"name":"(anonymous_8)","decl":{"start":{"line":121,"column":2},"end":{"line":121,"column":6}},"loc":{"start":{"line":121,"column":16},"end":{"line":123,"column":3}}},"9":{"name":"(anonymous_9)","decl":{"start":{"line":125,"column":2},"end":{"line":125,"column":6}},"loc":{"start":{"line":125,"column":15},"end":{"line":127,"column":3}}},"10":{"name":"(anonymous_10)","decl":{"start":{"line":129,"column":2},"end":{"line":129,"column":6}},"loc":{"start":{"line":129,"column":15},"end":{"line":131,"column":3}}},"11":{"name":"(anonymous_11)","decl":{"start":{"line":133,"column":2},"end":{"line":133,"column":6}},"loc":{"start":{"line":133,"column":11},"end":{"line":138,"column":3}}},"12":{"name":"(anonymous_12)","decl":{"start":{"line":140,"column":2},"end":{"line":140,"column":6}},"loc":{"start":{"line":140,"column":11},"end":{"line":147,"column":3}}},"13":{"name":"(anonymous_13)","decl":{"start":{"line":149,"column":2},"end":{"line":149,"column":6}},"loc":{"start":{"line":149,"column":10},"end":{"line":156,"column":3}}},"14":{"name":"(anonymous_14)","decl":{"start":{"line":158,"column":2},"end":{"line":158,"column":6}},"loc":{"start":{"line":158,"column":10},"end":{"line":163,"column":3}}},"15":{"name":"(anonymous_15)","decl":{"start":{"line":165,"column":2},"end":{"line":165,"column":23}},"loc":{"start":{"line":165,"column":42},"end":{"line":179,"column":3}}},"16":{"name":"(anonymous_16)","decl":{"start":{"line":181,"column":2},"end":{"line":181,"column":16}},"loc":{"start":{"line":181,"column":46},"end":{"line":190,"column":3}}},"17":{"name":"(anonymous_17)","decl":{"start":{"line":192,"column":2},"end":{"line":192,"column":8}},"loc":{"start":{"line":192,"column":8},"end":{"line":201,"column":3}}},"18":{"name":"(anonymous_18)","decl":{"start":{"line":203,"column":2},"end":{"line":203,"column":15}},"loc":{"start":{"line":203,"column":43},"end":{"line":210,"column":3}}},"19":{"name":"(anonymous_19)","decl":{"start":{"line":212,"column":2},"end":{"line":212,"column":18}},"loc":{"start":{"line":212,"column":37},"end":{"line":227,"column":3}}},"20":{"name":"(anonymous_20)","decl":{"start":{"line":213,"column":22},"end":{"line":213,"column":23}},"loc":{"start":{"line":213,"column":35},"end":{"line":226,"column":5}}},"21":{"name":"(anonymous_21)","decl":{"start":{"line":229,"column":2},"end":{"line":229,"column":9}},"loc":{"start":{"line":229,"column":9},"end":{"line":247,"column":3}}},"22":{"name":"(anonymous_22)","decl":{"start":{"line":249,"column":2},"end":{"line":249,"column":8}},"loc":{"start":{"line":254,"column":16},"end":{"line":268,"column":3}}},"23":{"name":"(anonymous_23)","decl":{"start":{"line":270,"column":2},"end":{"line":270,"column":8}},"loc":{"start":{"line":278,"column":21},"end":{"line":281,"column":3}}},"24":{"name":"(anonymous_24)","decl":{"start":{"line":283,"column":2},"end":{"line":283,"column":8}},"loc":{"start":{"line":287,"column":16},"end":{"line":301,"column":3}}}},"branchMap":{"0":{"loc":{"start":{"line":185,"column":4},"end":{"line":187,"column":null}},"type":"if","locations":[{"start":{"line":185,"column":4},"end":{"line":187,"column":null}},{"start":{"line":185,"column":4},"end":{"line":187,"column":null}}]},"1":{"loc":{"start":{"line":205,"column":6},"end":{"line":205,"column":28}},"type":"binary-expr","locations":[{"start":{"line":205,"column":6},"end":{"line":205,"column":28}},{"start":{"line":206,"column":6},"end":{"line":206,"column":28}},{"start":{"line":207,"column":6},"end":{"line":207,"column":27}},{"start":{"line":208,"column":6},"end":{"line":208,"column":27}}]}},"s":{"0":1,"1":1,"2":1,"3":1,"4":1,"5":1,"6":1,"7":0,"8":0,"9":0,"10":0,"11":0,"12":0,"13":0,"14":0,"15":0,"16":0,"17":0,"18":0,"19":0,"20":0,"21":0,"22":0,"23":0,"24":0,"25":0,"26":0,"27":0,"28":0,"29":0,"30":0,"31":0,"32":0,"33":0,"34":0,"35":0,"36":0,"37":0,"38":0,"39":0,"40":0,"41":0,"42":0,"43":0,"44":0,"45":0,"46":0,"47":0,"48":0,"49":0,"50":0,"51":0,"52":0,"53":0,"54":0,"55":0,"56":0,"57":0,"58":0,"59":0,"60":0,"61":1},"f":{"0":0,"1":0,"2":0,"3":0,"4":0,"5":0,"6":0,"7":0,"8":0,"9":0,"10":0,"11":0,"12":0,"13":0,"14":0,"15":0,"16":0,"17":0,"18":0,"19":0,"20":0,"21":0,"22":0,"23":0,"24":0},"b":{"0":[0,0],"1":[0,0,0,0]}}
,"C:\\pets\\mouselord\\grider\\src\\entities\\points\\center-point\\center-point.ts": {"path":"C:\\pets\\mouselord\\grider\\src\\entities\\points\\center-point\\center-point.ts","statementMap":{"0":{"start":{"line":4,"column":0},"end":{"line":4,"column":40}},"1":{"start":{"line":5,"column":0},"end":{"line":5,"column":null}},"2":{"start":{"line":8,"column":0},"end":{"line":8,"column":47}},"3":{"start":{"line":9,"column":0},"end":{"line":9,"column":null}},"4":{"start":{"line":20,"column":0},"end":{"line":20,"column":null}},"5":{"start":{"line":44,"column":8},"end":{"line":44,"column":20}},"6":{"start":{"line":46,"column":4},"end":{"line":55,"column":6}},"7":{"start":{"line":67,"column":8},"end":{"line":67,"column":22}},"8":{"start":{"line":69,"column":4},"end":{"line":73,"column":6}},"9":{"start":{"line":85,"column":8},"end":{"line":85,"column":22}},"10":{"start":{"line":87,"column":4},"end":{"line":91,"column":6}},"11":{"start":{"line":103,"column":8},"end":{"line":103,"column":21}},"12":{"start":{"line":105,"column":4},"end":{"line":109,"column":6}},"13":{"start":{"line":121,"column":8},"end":{"line":121,"column":21}},"14":{"start":{"line":123,"column":4},"end":{"line":127,"column":6}},"15":{"start":{"line":135,"column":8},"end":{"line":135,"column":26}},"16":{"start":{"line":137,"column":4},"end":{"line":139,"column":6}},"17":{"start":{"line":147,"column":8},"end":{"line":147,"column":26}},"18":{"start":{"line":149,"column":4},"end":{"line":151,"column":6}},"19":{"start":{"line":159,"column":8},"end":{"line":159,"column":26}},"20":{"start":{"line":161,"column":4},"end":{"line":163,"column":6}},"21":{"start":{"line":171,"column":8},"end":{"line":171,"column":26}},"22":{"start":{"line":173,"column":4},"end":{"line":175,"column":6}},"23":{"start":{"line":179,"column":22},"end":{"line":179,"column":54}},"24":{"start":{"line":181,"column":4},"end":{"line":181,"column":43}},"25":{"start":{"line":186,"column":40},"end":{"line":186,"column":52}},"26":{"start":{"line":188,"column":29},"end":{"line":189,"column":14}},"27":{"start":{"line":191,"column":30},"end":{"line":191,"column":79}},"28":{"start":{"line":193,"column":22},"end":{"line":193,"column":46}},"29":{"start":{"line":195,"column":4},"end":{"line":195,"column":50}},"30":{"start":{"line":199,"column":22},"end":{"line":199,"column":61}},"31":{"start":{"line":201,"column":22},"end":{"line":202,"column":14}},"32":{"start":{"line":204,"column":4},"end":{"line":204,"column":55}},"33":{"start":{"line":209,"column":30},"end":{"line":209,"column":34}},"34":{"start":{"line":210,"column":30},"end":{"line":210,"column":36}},"35":{"start":{"line":212,"column":4},"end":{"line":215,"column":null}},"36":{"start":{"line":213,"column":6},"end":{"line":213,"column":45}},"37":{"start":{"line":214,"column":6},"end":{"line":214,"column":45}},"38":{"start":{"line":217,"column":4},"end":{"line":217,"column":38}},"39":{"start":{"line":221,"column":4},"end":{"line":222,"column":51}},"40":{"start":{"line":226,"column":24},"end":{"line":227,"column":29}},"41":{"start":{"line":229,"column":4},"end":{"line":229,"column":57}},"42":{"start":{"line":233,"column":14},"end":{"line":233,"column":28}},"43":{"start":{"line":234,"column":14},"end":{"line":234,"column":28}},"44":{"start":{"line":235,"column":14},"end":{"line":237,"column":30}},"45":{"start":{"line":239,"column":22},"end":{"line":240,"column":14}},"46":{"start":{"line":242,"column":4},"end":{"line":242,"column":55}},"47":{"start":{"line":249,"column":4},"end":{"line":249,"column":44}},"48":{"start":{"line":24,"column":0},"end":{"line":24,"column":13}}},"fnMap":{"0":{"name":"(anonymous_0)","decl":{"start":{"line":25,"column":2},"end":{"line":25,"column":6}},"loc":{"start":{"line":25,"column":15},"end":{"line":56,"column":3}}},"1":{"name":"(anonymous_1)","decl":{"start":{"line":58,"column":2},"end":{"line":58,"column":6}},"loc":{"start":{"line":58,"column":20},"end":{"line":74,"column":3}}},"2":{"name":"(anonymous_2)","decl":{"start":{"line":76,"column":2},"end":{"line":76,"column":6}},"loc":{"start":{"line":76,"column":20},"end":{"line":92,"column":3}}},"3":{"name":"(anonymous_3)","decl":{"start":{"line":94,"column":2},"end":{"line":94,"column":6}},"loc":{"start":{"line":94,"column":19},"end":{"line":110,"column":3}}},"4":{"name":"(anonymous_4)","decl":{"start":{"line":112,"column":2},"end":{"line":112,"column":6}},"loc":{"start":{"line":112,"column":19},"end":{"line":128,"column":3}}},"5":{"name":"(anonymous_5)","decl":{"start":{"line":130,"column":2},"end":{"line":130,"column":6}},"loc":{"start":{"line":130,"column":24},"end":{"line":140,"column":3}}},"6":{"name":"(anonymous_6)","decl":{"start":{"line":142,"column":2},"end":{"line":142,"column":6}},"loc":{"start":{"line":142,"column":24},"end":{"line":152,"column":3}}},"7":{"name":"(anonymous_7)","decl":{"start":{"line":154,"column":2},"end":{"line":154,"column":6}},"loc":{"start":{"line":154,"column":24},"end":{"line":164,"column":3}}},"8":{"name":"(anonymous_8)","decl":{"start":{"line":166,"column":2},"end":{"line":166,"column":6}},"loc":{"start":{"line":166,"column":24},"end":{"line":176,"column":3}}},"9":{"name":"(anonymous_9)","decl":{"start":{"line":178,"column":2},"end":{"line":178,"column":8}},"loc":{"start":{"line":178,"column":52},"end":{"line":182,"column":3}}},"10":{"name":"(anonymous_10)","decl":{"start":{"line":184,"column":2},"end":{"line":184,"column":8}},"loc":{"start":{"line":184,"column":34},"end":{"line":196,"column":3}}},"11":{"name":"(anonymous_11)","decl":{"start":{"line":198,"column":2},"end":{"line":198,"column":22}},"loc":{"start":{"line":198,"column":41},"end":{"line":205,"column":3}}},"12":{"name":"(anonymous_12)","decl":{"start":{"line":207,"column":2},"end":{"line":207,"column":12}},"loc":{"start":{"line":207,"column":32},"end":{"line":218,"column":3}}},"13":{"name":"(anonymous_13)","decl":{"start":{"line":220,"column":2},"end":{"line":220,"column":29}},"loc":{"start":{"line":220,"column":49},"end":{"line":223,"column":3}}},"14":{"name":"(anonymous_14)","decl":{"start":{"line":225,"column":2},"end":{"line":225,"column":22}},"loc":{"start":{"line":225,"column":22},"end":{"line":230,"column":3}}},"15":{"name":"(anonymous_15)","decl":{"start":{"line":232,"column":2},"end":{"line":232,"column":12}},"loc":{"start":{"line":232,"column":41},"end":{"line":243,"column":3}}},"16":{"name":"(anonymous_16)","decl":{"start":{"line":245,"column":2},"end":{"line":245,"column":8}},"loc":{"start":{"line":247,"column":22},"end":{"line":250,"column":3}}}},"branchMap":{"0":{"loc":{"start":{"line":47,"column":13},"end":{"line":47,"column":18}},"type":"binary-expr","locations":[{"start":{"line":47,"column":13},"end":{"line":47,"column":18}},{"start":{"line":47,"column":22},"end":{"line":47,"column":63}}]},"1":{"loc":{"start":{"line":48,"column":13},"end":{"line":48,"column":18}},"type":"binary-expr","locations":[{"start":{"line":48,"column":13},"end":{"line":48,"column":18}},{"start":{"line":48,"column":22},"end":{"line":48,"column":63}}]},"2":{"loc":{"start":{"line":49,"column":12},"end":{"line":49,"column":16}},"type":"binary-expr","locations":[{"start":{"line":49,"column":12},"end":{"line":49,"column":16}},{"start":{"line":49,"column":20},"end":{"line":49,"column":60}}]},"3":{"loc":{"start":{"line":50,"column":12},"end":{"line":50,"column":16}},"type":"binary-expr","locations":[{"start":{"line":50,"column":12},"end":{"line":50,"column":16}},{"start":{"line":50,"column":20},"end":{"line":50,"column":60}}]},"4":{"loc":{"start":{"line":70,"column":17},"end":{"line":70,"column":26}},"type":"binary-expr","locations":[{"start":{"line":70,"column":17},"end":{"line":70,"column":26}},{"start":{"line":70,"column":30},"end":{"line":70,"column":75}}]},"5":{"loc":{"start":{"line":71,"column":13},"end":{"line":71,"column":18}},"type":"binary-expr","locations":[{"start":{"line":71,"column":13},"end":{"line":71,"column":18}},{"start":{"line":71,"column":22},"end":{"line":71,"column":63}}]},"6":{"loc":{"start":{"line":72,"column":17},"end":{"line":72,"column":26}},"type":"binary-expr","locations":[{"start":{"line":72,"column":17},"end":{"line":72,"column":26}},{"start":{"line":72,"column":30},"end":{"line":72,"column":75}}]},"7":{"loc":{"start":{"line":88,"column":17},"end":{"line":88,"column":26}},"type":"binary-expr","locations":[{"start":{"line":88,"column":17},"end":{"line":88,"column":26}},{"start":{"line":88,"column":30},"end":{"line":88,"column":75}}]},"8":{"loc":{"start":{"line":89,"column":13},"end":{"line":89,"column":18}},"type":"binary-expr","locations":[{"start":{"line":89,"column":13},"end":{"line":89,"column":18}},{"start":{"line":89,"column":22},"end":{"line":89,"column":63}}]},"9":{"loc":{"start":{"line":90,"column":17},"end":{"line":90,"column":26}},"type":"binary-expr","locations":[{"start":{"line":90,"column":17},"end":{"line":90,"column":26}},{"start":{"line":90,"column":30},"end":{"line":90,"column":75}}]},"10":{"loc":{"start":{"line":106,"column":17},"end":{"line":106,"column":26}},"type":"binary-expr","locations":[{"start":{"line":106,"column":17},"end":{"line":106,"column":26}},{"start":{"line":106,"column":30},"end":{"line":106,"column":75}}]},"11":{"loc":{"start":{"line":107,"column":12},"end":{"line":107,"column":16}},"type":"binary-expr","locations":[{"start":{"line":107,"column":12},"end":{"line":107,"column":16}},{"start":{"line":107,"column":20},"end":{"line":107,"column":60}}]},"12":{"loc":{"start":{"line":108,"column":17},"end":{"line":108,"column":26}},"type":"binary-expr","locations":[{"start":{"line":108,"column":17},"end":{"line":108,"column":26}},{"start":{"line":108,"column":30},"end":{"line":108,"column":75}}]},"13":{"loc":{"start":{"line":124,"column":17},"end":{"line":124,"column":26}},"type":"binary-expr","locations":[{"start":{"line":124,"column":17},"end":{"line":124,"column":26}},{"start":{"line":124,"column":30},"end":{"line":124,"column":75}}]},"14":{"loc":{"start":{"line":125,"column":12},"end":{"line":125,"column":16}},"type":"binary-expr","locations":[{"start":{"line":125,"column":12},"end":{"line":125,"column":16}},{"start":{"line":125,"column":20},"end":{"line":125,"column":60}}]},"15":{"loc":{"start":{"line":126,"column":17},"end":{"line":126,"column":26}},"type":"binary-expr","locations":[{"start":{"line":126,"column":17},"end":{"line":126,"column":26}},{"start":{"line":126,"column":30},"end":{"line":126,"column":75}}]},"16":{"loc":{"start":{"line":212,"column":4},"end":{"line":215,"column":null}},"type":"if","locations":[{"start":{"line":212,"column":4},"end":{"line":215,"column":null}},{"start":{"line":212,"column":4},"end":{"line":215,"column":null}}]},"17":{"loc":{"start":{"line":236,"column":6},"end":{"line":236,"column":15}},"type":"cond-expr","locations":[{"start":{"line":236,"column":6},"end":{"line":236,"column":15}},{"start":{"line":237,"column":6},"end":{"line":237,"column":30}}]}},"s":{"0":1,"1":1,"2":1,"3":1,"4":1,"5":0,"6":0,"7":0,"8":0,"9":0,"10":0,"11":0,"12":0,"13":0,"14":0,"15":0,"16":0,"17":0,"18":0,"19":0,"20":0,"21":0,"22":0,"23":0,"24":0,"25":0,"26":0,"27":0,"28":0,"29":0,"30":0,"31":0,"32":0,"33":0,"34":0,"35":0,"36":0,"37":0,"38":0,"39":0,"40":0,"41":0,"42":0,"43":0,"44":0,"45":0,"46":0,"47":0,"48":1},"f":{"0":0,"1":0,"2":0,"3":0,"4":0,"5":0,"6":0,"7":0,"8":0,"9":0,"10":0,"11":0,"12":0,"13":0,"14":0,"15":0,"16":0},"b":{"0":[0,0],"1":[0,0],"2":[0,0],"3":[0,0],"4":[0,0],"5":[0,0],"6":[0,0],"7":[0,0],"8":[0,0],"9":[0,0],"10":[0,0],"11":[0,0],"12":[0,0],"13":[0,0],"14":[0,0],"15":[0,0],"16":[0,0],"17":[0,0]}}
,"C:\\pets\\mouselord\\grider\\src\\entities\\points\\center-point\\index.ts": {"path":"C:\\pets\\mouselord\\grider\\src\\entities\\points\\center-point\\index.ts","statementMap":{"0":{"start":{"line":1,"column":0},"end":{"line":1,"column":8}},"1":{"start":{"line":1,"column":8},"end":{"line":1,"column":43}}},"fnMap":{},"branchMap":{},"s":{"0":1,"1":1},"f":{},"b":{}}
,"C:\\pets\\mouselord\\grider\\src\\entities\\points\\center-point\\utils\\center-finder.ts": {"path":"C:\\pets\\mouselord\\grider\\src\\entities\\points\\center-point\\utils\\center-finder.ts","statementMap":{"0":{"start":{"line":8,"column":20},"end":{"line":8,"column":26}},"1":{"start":{"line":11,"column":6},"end":{"line":11,"column":13}},"2":{"start":{"line":13,"column":16},"end":{"line":13,"column":47}},"3":{"start":{"line":14,"column":16},"end":{"line":14,"column":47}},"4":{"start":{"line":15,"column":16},"end":{"line":17,"column":13}},"5":{"start":{"line":19,"column":2},"end":{"line":23,"column":4}},"6":{"start":{"line":4,"column":0},"end":{"line":4,"column":16}}},"fnMap":{"0":{"name":"getNextCenterByCellSide","decl":{"start":{"line":4,"column":16},"end":{"line":4,"column":39}},"loc":{"start":{"line":6,"column":19},"end":{"line":24,"column":1}}}},"branchMap":{"0":{"loc":{"start":{"line":16,"column":4},"end":{"line":16,"column":35}},"type":"cond-expr","locations":[{"start":{"line":16,"column":4},"end":{"line":16,"column":35}},{"start":{"line":17,"column":4},"end":{"line":17,"column":13}}]},"1":{"loc":{"start":{"line":15,"column":16},"end":{"line":15,"column":31}},"type":"binary-expr","locations":[{"start":{"line":15,"column":16},"end":{"line":15,"column":31}},{"start":{"line":15,"column":35},"end":{"line":15,"column":54}}]}},"s":{"0":0,"1":0,"2":0,"3":0,"4":0,"5":0,"6":1},"f":{"0":0},"b":{"0":[0,0],"1":[0,0]}}
,"C:\\pets\\mouselord\\grider\\src\\entities\\points\\center-point\\utils\\is-neighbor.ts": {"path":"C:\\pets\\mouselord\\grider\\src\\entities\\points\\center-point\\utils\\is-neighbor.ts","statementMap":{"0":{"start":{"line":7,"column":16},"end":{"line":11,"column":4}},"1":{"start":{"line":13,"column":2},"end":{"line":13,"column":70}},"2":{"start":{"line":20,"column":16},"end":{"line":20,"column":54}},"3":{"start":{"line":22,"column":2},"end":{"line":22,"column":48}},"4":{"start":{"line":31,"column":6},"end":{"line":31,"column":20}},"5":{"start":{"line":33,"column":2},"end":{"line":37,"column":null}},"6":{"start":{"line":34,"column":4},"end":{"line":34,"column":43}},"7":{"start":{"line":36,"column":4},"end":{"line":36,"column":44}},"8":{"start":{"line":25,"column":0},"end":{"line":25,"column":16}}},"fnMap":{"0":{"name":"isHexNeighbor","decl":{"start":{"line":3,"column":9},"end":{"line":3,"column":22}},"loc":{"start":{"line":5,"column":36},"end":{"line":14,"column":1}}},"1":{"name":"isRectNeighbor","decl":{"start":{"line":16,"column":9},"end":{"line":16,"column":23}},"loc":{"start":{"line":18,"column":29},"end":{"line":23,"column":1}}},"2":{"name":"isNeighbor","decl":{"start":{"line":25,"column":16},"end":{"line":25,"column":26}},"loc":{"start":{"line":27,"column":22},"end":{"line":38,"column":1}}}},"branchMap":{"0":{"loc":{"start":{"line":13,"column":9},"end":{"line":13,"column":26}},"type":"binary-expr","locations":[{"start":{"line":13,"column":9},"end":{"line":13,"column":26}},{"start":{"line":13,"column":30},"end":{"line":13,"column":47}},{"start":{"line":13,"column":51},"end":{"line":13,"column":69}}]},"1":{"loc":{"start":{"line":22,"column":9},"end":{"line":22,"column":26}},"type":"binary-expr","locations":[{"start":{"line":22,"column":9},"end":{"line":22,"column":26}},{"start":{"line":22,"column":30},"end":{"line":22,"column":47}}]},"2":{"loc":{"start":{"line":33,"column":2},"end":{"line":37,"column":null}},"type":"if","locations":[{"start":{"line":33,"column":2},"end":{"line":37,"column":null}},{"start":{"line":33,"column":2},"end":{"line":37,"column":null}}]}},"s":{"0":0,"1":0,"2":0,"3":0,"4":0,"5":0,"6":0,"7":0,"8":1},"f":{"0":0,"1":0,"2":0},"b":{"0":[0,0,0],"1":[0,0],"2":[0,0]}}
,"C:\\pets\\mouselord\\grider\\src\\entities\\points\\center-point\\utils\\neighborer.ts": {"path":"C:\\pets\\mouselord\\grider\\src\\entities\\points\\center-point\\utils\\neighborer.ts","statementMap":{"0":{"start":{"line":20,"column":6},"end":{"line":20,"column":19}},"1":{"start":{"line":21,"column":22},"end":{"line":21,"column":37}},"2":{"start":{"line":23,"column":15},"end":{"line":23,"column":21}},"3":{"start":{"line":24,"column":14},"end":{"line":24,"column":20}},"4":{"start":{"line":26,"column":2},"end":{"line":38,"column":null}},"5":{"start":{"line":27,"column":4},"end":{"line":27,"column":11}},"6":{"start":{"line":28,"column":4},"end":{"line":28,"column":11}},"7":{"start":{"line":29,"column":9},"end":{"line":38,"column":null}},"8":{"start":{"line":30,"column":4},"end":{"line":30,"column":11}},"9":{"start":{"line":31,"column":4},"end":{"line":31,"column":11}},"10":{"start":{"line":32,"column":9},"end":{"line":38,"column":null}},"11":{"start":{"line":33,"column":4},"end":{"line":33,"column":11}},"12":{"start":{"line":34,"column":4},"end":{"line":34,"column":11}},"13":{"start":{"line":35,"column":9},"end":{"line":38,"column":null}},"14":{"start":{"line":36,"column":4},"end":{"line":36,"column":11}},"15":{"start":{"line":37,"column":4},"end":{"line":37,"column":11}},"16":{"start":{"line":40,"column":2},"end":{"line":42,"column":4}},"17":{"start":{"line":14,"column":0},"end":{"line":14,"column":16}},"18":{"start":{"line":50,"column":6},"end":{"line":50,"column":19}},"19":{"start":{"line":52,"column":18},"end":{"line":52,"column":24}},"20":{"start":{"line":54,"column":2},"end":{"line":60,"column":null}},"21":{"start":{"line":55,"column":4},"end":{"line":55,"column":11}},"22":{"start":{"line":56,"column":4},"end":{"line":56,"column":11}},"23":{"start":{"line":57,"column":9},"end":{"line":60,"column":null}},"24":{"start":{"line":58,"column":4},"end":{"line":58,"column":11}},"25":{"start":{"line":59,"column":4},"end":{"line":59,"column":24}},"26":{"start":{"line":62,"column":2},"end":{"line":64,"column":4}},"27":{"start":{"line":45,"column":0},"end":{"line":45,"column":16}},"28":{"start":{"line":72,"column":6},"end":{"line":72,"column":19}},"29":{"start":{"line":74,"column":18},"end":{"line":74,"column":24}},"30":{"start":{"line":76,"column":2},"end":{"line":82,"column":null}},"31":{"start":{"line":77,"column":4},"end":{"line":77,"column":11}},"32":{"start":{"line":78,"column":4},"end":{"line":78,"column":11}},"33":{"start":{"line":79,"column":9},"end":{"line":82,"column":null}},"34":{"start":{"line":80,"column":4},"end":{"line":80,"column":11}},"35":{"start":{"line":81,"column":4},"end":{"line":81,"column":24}},"36":{"start":{"line":84,"column":2},"end":{"line":86,"column":4}},"37":{"start":{"line":67,"column":0},"end":{"line":67,"column":16}},"38":{"start":{"line":95,"column":6},"end":{"line":95,"column":19}},"39":{"start":{"line":96,"column":22},"end":{"line":96,"column":37}},"40":{"start":{"line":98,"column":15},"end":{"line":98,"column":21}},"41":{"start":{"line":99,"column":14},"end":{"line":99,"column":20}},"42":{"start":{"line":101,"column":2},"end":{"line":113,"column":null}},"43":{"start":{"line":102,"column":4},"end":{"line":102,"column":11}},"44":{"start":{"line":103,"column":4},"end":{"line":103,"column":11}},"45":{"start":{"line":104,"column":9},"end":{"line":113,"column":null}},"46":{"start":{"line":105,"column":4},"end":{"line":105,"column":11}},"47":{"start":{"line":106,"column":4},"end":{"line":106,"column":11}},"48":{"start":{"line":107,"column":9},"end":{"line":113,"column":null}},"49":{"start":{"line":108,"column":4},"end":{"line":108,"column":11}},"50":{"start":{"line":109,"column":4},"end":{"line":109,"column":11}},"51":{"start":{"line":110,"column":9},"end":{"line":113,"column":null}},"52":{"start":{"line":111,"column":4},"end":{"line":111,"column":11}},"53":{"start":{"line":112,"column":4},"end":{"line":112,"column":11}},"54":{"start":{"line":115,"column":2},"end":{"line":117,"column":4}},"55":{"start":{"line":89,"column":0},"end":{"line":89,"column":16}},"56":{"start":{"line":130,"column":6},"end":{"line":130,"column":19}},"57":{"start":{"line":131,"column":22},"end":{"line":131,"column":37}},"58":{"start":{"line":133,"column":18},"end":{"line":133,"column":24}},"59":{"start":{"line":135,"column":2},"end":{"line":147,"column":null}},"60":{"start":{"line":136,"column":4},"end":{"line":136,"column":11}},"61":{"start":{"line":137,"column":9},"end":{"line":147,"column":null}},"62":{"start":{"line":138,"column":4},"end":{"line":138,"column":11}},"63":{"start":{"line":139,"column":9},"end":{"line":147,"column":null}},"64":{"start":{"line":140,"column":4},"end":{"line":140,"column":11
[...]
end":{"line":75,"column":34}},"33":{"start":{"line":76,"column":4},"end":{"line":76,"column":33}},"34":{"start":{"line":80,"column":4},"end":{"line":80,"column":20}},"35":{"start":{"line":82,"column":4},"end":{"line":82,"column":30}},"36":{"start":{"line":83,"column":4},"end":{"line":83,"column":29}},"37":{"start":{"line":84,"column":4},"end":{"line":84,"column":24}},"38":{"start":{"line":85,"column":4},"end":{"line":85,"column":35}},"39":{"start":{"line":87,"column":4},"end":{"line":87,"column":28}},"40":{"start":{"line":8,"column":0},"end":{"line":8,"column":13}}},"fnMap":{"0":{"name":"(anonymous_0)","decl":{"start":{"line":8,"column":0},"end":{"line":8,"column":13}},"loc":{"start":{"line":8,"column":0},"end":{"line":89,"column":1}}},"1":{"name":"(anonymous_1)","decl":{"start":{"line":50,"column":29},"end":{"line":50,"column":30}},"loc":{"start":{"line":50,"column":59},"end":{"line":60,"column":3}}},"2":{"name":"(anonymous_2)","decl":{"start":{"line":62,"column":27},"end":{"line":62,"column":28}},"loc":{"start":{"line":62,"column":55},"end":{"line":72,"column":3}}},"3":{"name":"(anonymous_3)","decl":{"start":{"line":21,"column":2},"end":{"line":21,"column":6}},"loc":{"start":{"line":22,"column":35},"end":{"line":35,"column":3}}},"4":{"name":"(anonymous_4)","decl":{"start":{"line":31,"column":37},"end":{"line":31,"column":38}},"loc":{"start":{"line":31,"column":50},"end":{"line":34,"column":5}}},"5":{"name":"(anonymous_5)","decl":{"start":{"line":37,"column":10},"end":{"line":37,"column":18}},"loc":{"start":{"line":37,"column":18},"end":{"line":48,"column":3}}},"6":{"name":"(anonymous_6)","decl":{"start":{"line":74,"column":10},"end":{"line":74,"column":22}},"loc":{"start":{"line":74,"column":35},"end":{"line":77,"column":3}}},"7":{"name":"(anonymous_7)","decl":{"start":{"line":79,"column":2},"end":{"line":79,"column":7}},"loc":{"start":{"line":79,"column":7},"end":{"line":88,"column":3}}}},"branchMap":{"0":{"loc":{"start":{"line":54,"column":4},"end":{"line":56,"column":null}},"type":"if","locations":[{"start":{"line":54,"column":4},"end":{"line":56,"column":null}},{"start":{"line":54,"column":4},"end":{"line":56,"column":null}}]},"1":{"loc":{"start":{"line":66,"column":4},"end":{"line":68,"column":null}},"type":"if","locations":[{"start":{"line":66,"column":4},"end":{"line":68,"column":null}},{"start":{"line":66,"column":4},"end":{"line":68,"column":null}}]},"2":{"loc":{"start":{"line":24,"column":4},"end":{"line":29,"column":null}},"type":"if","locations":[{"start":{"line":24,"column":4},"end":{"line":29,"column":null}},{"start":{"line":24,"column":4},"end":{"line":29,"column":null}}]},"3":{"loc":{"start":{"line":38,"column":4},"end":{"line":47,"column":null}},"type":"if","locations":[{"start":{"line":38,"column":4},"end":{"line":47,"column":null}},{"start":{"line":38,"column":4},"end":{"line":47,"column":null}}]}},"s":{"0":1,"1":0,"2":0,"3":0,"4":0,"5":0,"6":0,"7":0,"8":0,"9":0,"10":0,"11":0,"12":0,"13":0,"14":0,"15":0,"16":0,"17":0,"18":0,"19":0,"20":0,"21":0,"22":0,"23":0,"24":0,"25":0,"26":0,"27":0,"28":0,"29":0,"30":0,"31":0,"32":0,"33":0,"34":0,"35":0,"36":0,"37":0,"38":0,"39":0,"40":1},"f":{"0":0,"1":0,"2":0,"3":0,"4":0,"5":0,"6":0,"7":0},"b":{"0":[0,0],"1":[0,0],"2":[0,0],"3":[0,0]}}
,"C:\\pets\\mouselord\\grider\\src\\utils\\geo-utils.ts": {"path":"C:\\pets\\mouselord\\grider\\src\\utils\\geo-utils.ts","statementMap":{"0":{"start":{"line":1,"column":0},"end":{"line":1,"column":38}},"1":{"start":{"line":4,"column":12},"end":{"line":4,"column":30}},"2":{"start":{"line":6,"column":2},"end":{"line":6,"column":11}},"3":{"start":{"line":3,"column":0},"end":{"line":3,"column":16}},"4":{"start":{"line":10,"column":2},"end":{"line":10,"column":27}},"5":{"start":{"line":9,"column":0},"end":{"line":9,"column":16}},"6":{"start":{"line":14,"column":15},"end":{"line":17,"column":null}},"7":{"start":{"line":20,"column":2},"end":{"line":20,"column":35}},"8":{"start":{"line":13,"column":0},"end":{"line":13,"column":16}},"9":{"start":{"line":24,"column":15},"end":{"line":24,"column":28}},"10":{"start":{"line":26,"column":2},"end":{"line":26,"column":34}},"11":{"start":{"line":23,"column":0},"end":{"line":23,"column":16}},"12":{"start":{"line":30,"column":2},"end":{"line":32,"column":null}},"13":{"start":{"line":31,"column":4},"end":{"line":31,"column":15}},"14":{"start":{"line":34,"column":2},"end":{"line":40,"column":null}},"15":{"start":{"line":35,"column":4},"end":{"line":35,"column":21}},"16":{"start":{"line":36,"column":9},"end":{"line":40,"column":null}},"17":{"start":{"line":37,"column":4},"end":{"line":37,"column":22}},"18":{"start":{"line":39,"column":4},"end":{"line":39,"column":15}},"19":{"start":{"line":29,"column":0},"end":{"line":29,"column":16}},"20":{"start":{"line":44,"column":2},"end":{"line":46,"column":null}},"21":{"start":{"line":45,"column":4},"end":{"line":45,"column":15}},"22":{"start":{"line":48,"column":2},"end":{"line":54,"column":null}},"23":{"start":{"line":49,"column":4},"end":{"line":49,"column":21}},"24":{"start":{"line":50,"column":9},"end":{"line":54,"column":null}},"25":{"start":{"line":51,"column":4},"end":{"line":51,"column":21}},"26":{"start":{"line":53,"column":4},"end":{"line":53,"column":15}},"27":{"start":{"line":43,"column":0},"end":{"line":43,"column":16}},"28":{"start":{"line":58,"column":2},"end":{"line":60,"column":null}},"29":{"start":{"line":59,"column":4},"end":{"line":59,"column":13}},"30":{"start":{"line":62,"column":2},"end":{"line":64,"column":null}},"31":{"start":{"line":63,"column":4},"end":{"line":63,"column":14}},"32":{"start":{"line":66,"column":2},"end":{"line":66,"column":25}},"33":{"start":{"line":57,"column":0},"end":{"line":57,"column":16}},"34":{"start":{"line":70,"column":2},"end":{"line":70,"column":23}},"35":{"start":{"line":72,"column":2},"end":{"line":72,"column":25}},"36":{"start":{"line":69,"column":0},"end":{"line":69,"column":16}}},"fnMap":{"0":{"name":"semiLatToY","decl":{"start":{"line":3,"column":16},"end":{"line":3,"column":26}},"loc":{"start":{"line":3,"column":38},"end":{"line":7,"column":1}}},"1":{"name":"semiLngToX","decl":{"start":{"line":9,"column":16},"end":{"line":9,"column":26}},"loc":{"start":{"line":9,"column":38},"end":{"line":11,"column":1}}},"2":{"name":"latToY","decl":{"start":{"line":13,"column":16},"end":{"line":13,"column":22}},"loc":{"start":{"line":13,"column":34},"end":{"line":21,"column":1}}},"3":{"name":"lngToX","decl":{"start":{"line":23,"column":16},"end":{"line":23,"column":22}},"loc":{"start":{"line":23,"column":34},"end":{"line":27,"column":1}}},"4":{"name":"reduceLat","decl":{"start":{"line":29,"column":16},"end":{"line":29,"column":25}},"loc":{"start":{"line":29,"column":37},"end":{"line":41,"column":1}}},"5":{"name":"reduceLng","decl":{"start":{"line":43,"column":16},"end":{"line":43,"column":25}},"loc":{"start":{"line":43,"column":37},"end":{"line":55,"column":1}}},"6":{"name":"formatLat","decl":{"start":{"line":57,"column":16},"end":{"line":57,"column":25}},"loc":{"start":{"line":57,"column":37},"end":{"line":67,"column":1}}},"7":{"name":"formatLng","decl":{"start":{"line":69,"column":16},"end":{"line":69,"column":25}},"loc":{"start":{"line":69,"column":37},"end":{"line":73,"column":1}}}},"branchMap":{"0":{"loc":{"start":{"line":30,"column":2},"end":{"line":32,"column":null}},"type":"if","locations":[{"start":{"line":30,"column":2},"end":{"line":32,"column":null}},{"start":{"line":30,"column":2},"end":{"line":32,"column":null}}]},"1":{"loc":{"start":{"line":30,"column":6},"end":{"line":30,"column":16}},"type":"binary-expr","locations":[{"start":{"line":30,"column":6},"end":{"line":30,"column":16}},{"start":{"line":30,"column":20},"end":{"line":30,"column":31}}]},"2":{"loc":{"start":{"line":34,"column":2},"end":{"line":40,"column":null}},"type":"if","locations":[{"start":{"line":34,"column":2},"end":{"line":40,"column":null}},{"start":{"line":34,"column":2},"end":{"line":40,"column":null}}]},"3":{"loc":{"start":{"line":36,"column":9},"end":{"line":40,"column":null}},"type":"if","locations":[{"start":{"line":36,"column":9},"end":{"line":40,"column":null}},{"start":{"line":36,"column":9},"end":{"line":40,"column":null}}]},"4":{"loc":{"start":{"line":44,"column":2},"end":{"line":46,"column":null}},"type":"if","locations":[{"start":{"line":44,"column":2},"end":{"line":46,"column":null}},{"start":{"line":44,"column":2},"end":{"line":46,"column":null}}]},"5":{"loc":{"start":{"line":44,"column":6},"end":{"line":44,"column":16}},"type":"binary-expr","locations":[{"start":{"line":44,"column":6},"end":{"line":44,"column":16}},{"start":{"line":44,"column":20},"end":{"line":44,"column":31}}]},"6":{"loc":{"start":{"line":48,"column":2},"end":{"line":54,"column":null}},"type":"if","locations":[{"start":{"line":48,"column":2},"end":{"line":54,"column":null}},{"start":{"line":48,"column":2},"end":{"line":54,"column":null}}]},"7":{"loc":{"start":{"line":50,"column":9},"end":{"line":54,"column":null}},"type":"if","locations":[{"start":{"line":50,"column":9},"end":{"line":54,"column":null}},{"start":{"line":50,"column":9},"end":{"line":54,"column":null}}]},"8":{"loc":{"start":{"line":58,"column":2},"end":{"line":60,"column":null}},"type":"if","locations":[{"start":{"line":58,"column":2},"end":{"line":60,"column":null}},{"start":{"line":58,"column":2},"end":{"line":60,"column":null}}]},"9":{"loc":{"start":{"line":62,"column":2},"end":{"line":64,"column":null}},"type":"if","locations":[{"start":{"line":62,"column":2},"end":{"line":64,"column":null}},{"start":{"line":62,"column":2},"end":{"line":64,"column":null}}]}},"s":{"0":2,"1":0,"2":0,"3":2,"4":0,"5":2,"6":476,"7":476,"8":2,"9":476,"10":476,"11":2,"12":0,"13":0,"14":0,"15":0,"16":0,"17":0,"18":0,"19":2,"20":117,"21":0,"22":117,"23":4,"24":113,"25":1,"26":112,"27":2,"28":117,"29":0,"30":117,"31":0,"32":117,"33":2,"34":117,"35":117,"36":2},"f":{"0":0,"1":0,"2":476,"3":476,"4":0,"5":117,"6":117,"7":117},"b":{"0":[0,0],"1":[0,0],"2":[0,0],"3":[0,0],"4":[0,117],"5":[117,117],"6":[4,113],"7":[1,112],"8":[0,117],"9":[0,117]}}
,"C:\\pets\\mouselord\\grider\\src\\utils\\math-utils.ts": {"path":"C:\\pets\\mouselord\\grider\\src\\utils\\math-utils.ts","statementMap":{"0":{"start":{"line":2,"column":2},"end":{"line":2,"column":29}},"1":{"start":{"line":1,"column":0},"end":{"line":1,"column":16}},"2":{"start":{"line":6,"column":2},"end":{"line":6,"column":29}},"3":{"start":{"line":5,"column":0},"end":{"line":5,"column":16}},"4":{"start":{"line":10,"column":17},"end":{"line":10,"column":27}},"5":{"start":{"line":12,"column":2},"end":{"line":24,"column":null}},"6":{"start":{"line":12,"column":35},"end":{"line":12,"column":46}},"7":{"start":{"line":13,"column":4},"end":{"line":13,"column":15}},"8":{"start":{"line":14,"column":9},"end":{"line":24,"column":null}},"9":{"start":{"line":15,"column":4},"end":{"line":15,"column":33}},"10":{"start":{"line":16,"column":9},"end":{"line":24,"column":null}},"11":{"start":{"line":17,"column":4},"end":{"line":17,"column":28}},"12":{"start":{"line":18,"column":9},"end":{"line":24,"column":null}},"13":{"start":{"line":19,"column":4},"end":{"line":19,"column":34}},"14":{"start":{"line":21,"column":22},"end":{"line":21,"column":42}},"15":{"start":{"line":23,"column":4},"end":{"line":23,"column":76}},"16":{"start":{"line":9,"column":0},"end":{"line":9,"column":16}},"17":{"start":{"line":28,"column":27},"end":{"line":28,"column":34}},"18":{"start":{"line":29,"column":28},"end":{"line":29,"column":35}},"19":{"start":{"line":31,"column":2},"end":{"line":37,"column":null}},"20":{"start":{"line":35,"column":4},"end":{"line":35,"column":20}},"21":{"start":{"line":36,"column":4},"end":{"line":36,"column":21}},"22":{"start":{"line":39,"column":25},"end":{"line":41,"column":15}},"23":{"start":{"line":43,"column":2},"end":{"line":43,"column":16}},"24":{"start":{"line":27,"column":0},"end":{"line":27,"column":16}},"25":{"start":{"line":47,"column":22},"end":{"line":47,"column":35}},"26":{"start":{"line":48,"column":25},"end":{"line":48,"column":38}},"27":{"start":{"line":50,"column":2},"end":{"line":50,"column":16}},"28":{"start":{"line":46,"column":0},"end":{"line":46,"column":16}},"29":{"start":{"line":54,"column":22},"end":{"line":54,"column":35}},"30":{"start":{"line":55,"column":25},"end":{"line":55,"column":38}},"31":{"start":{"line":57,"column":2},"end":{"line":57,"column":16}},"32":{"start":{"line":53,"column":0},"end":{"line":53,"column":16}},"33":{"start":{"line":61,"column":2},"end":{"line":61,"column":27}},"34":{"start":{"line":61,"column":17},"end":{"line":61,"column":27}},"35":{"start":{"line":63,"column":26},"end":{"line":63,"column":31}},"36":{"start":{"line":64,"column":16},"end":{"line":64,"column":17}},"37":{"start":{"line":65,"column":27},"end":{"line":65,"column":29}},"38":{"start":{"line":67,"column":2},"end":{"line":74,"column":null}},"39":{"start":{"line":68,"column":4},"end":{"line":73,"column":null}},"40":{"start":{"line":69,"column":6},"end":{"line":69,"column":27}},"41":{"start":{"line":70,"column":6},"end":{"line":70,"column":27}},"42":{"start":{"line":72,"column":6},"end":{"line":72,"column":19}},"43":{"start":{"line":76,"column":2},"end":{"line":78,"column":null}},"44":{"start":{"line":77,"column":4},"end":{"line":77,"column":27}},"45":{"start":{"line":80,"column":2},"end":{"line":80,"column":16}},"46":{"start":{"line":60,"column":0},"end":{"line":60,"column":16}},"47":{"start":{"line":84,"column":2},"end":{"line":84,"column":35}},"48":{"start":{"line":83,"column":0},"end":{"line":83,"column":16}}},"fnMap":{"0":{"name":"degToRad","decl":{"start":{"line":1,"column":16},"end":{"line":1,"column":24}},"loc":{"start":{"line":1,"column":36},"end":{"line":3,"column":1}}},"1":{"name":"radToDeg","decl":{"start":{"line":5,"column":16},"end":{"line":5,"column":24}},"loc":{"start":{"line":5,"column":36},"end":{"line":7,"column":1}}},"2":{"name":"floorNumStrByOrder","decl":{"start":{"line":9,"column":16},"end":{"line":9,"column":34}},"loc":{"start":{"line":9,"column":46},"end":{"line":25,"column":1}}},"3":{"name":"(anonymous_3)","decl":{"start":{"line":12,"column":26},"end":{"line":12,"column":27}},"loc":{"start":{"line":12,"column":35},"end":{"line":12,"column":46}}},"4":{"name":"calcClosestMultiple","decl":{"start":{"line":27,"column":16},"end":{"line":27,"column":35}},"loc":{"start":{"line":27,"column":69},"end":{"line":44,"column":1}}},"5":{"name":"cosDeg","decl":{"start":{"line":46,"column":16},"end":{"line":46,"column":22}},"loc":{"start":{"line":46,"column":34},"end":{"line":51,"column":1}}},"6":{"name":"sinDeg","decl":{"start":{"line":53,"column":16},"end":{"line":53,"column":22}},"loc":{"start":{"line":53,"column":34},"end":{"line":58,"column":1}}},"7":{"name":"findPrimeFactors","decl":{"start":{"line":60,"column":16},"end":{"line":60,"column":32}},"loc":{"start":{"line":60,"column":46},"end":{"line":81,"column":1}}},"8":{"name":"decRemain","decl":{"start":{"line":83,"column":16},"end":{"line":83,"column":25}},"loc":{"start":{"line":83,"column":39},"end":{"line":85,"column":1}}}},"branchMap":{"0":{"loc":{"start":{"line":12,"column":2},"end":{"line":24,"column":null}},"type":"if","locations":[{"start":{"line":12,"column":2},"end":{"line":24,"column":null}},{"start":{"line":12,"column":2},"end":{"line":24,"column":null}}]},"1":{"loc":{"start":{"line":14,"column":9},"end":{"line":24,"column":null}},"type":"if","locations":[{"start":{"line":14,"column":9},"end":{"line":24,"column":null}},{"start":{"line":14,"column":9},"end":{"line":24,"column":null}}]},"2":{"loc":{"start":{"line":16,"column":9},"end":{"line":24,"column":null}},"type":"if","locations":[{"start":{"line":16,"column":9},"end":{"line":24,"column":null}},{"start":{"line":16,"column":9},"end":{"line":24,"column":null}}]},"3":{"loc":{"start":{"line":18,"column":9},"end":{"line":24,"column":null}},"type":"if","locations":[{"start":{"line":18,"column":9},"end":{"line":24,"column":null}},{"start":{"line":18,"column":9},"end":{"line":24,"column":null}}]},"4":{"loc":{"start":{"line":32,"column":4},"end":{"line":32,"column":34}},"type":"binary-expr","locations":[{"start":{"line":32,"column":4},"end":{"line":32,"column":34}},{"start":{"line":33,"column":4},"end":{"line":33,"column":35}}]},"5":{"loc":{"start":{"line":40,"column":4},"end":{"line":40,"column":14}},"type":"cond-expr","locations":[{"start":{"line":40,"column":4},"end":{"line":40,"column":14}},{"start":{"line":41,"column":4},"end":{"line":41,"column":15}}]},"6":{"loc":{"start":{"line":61,"column":2},"end":{"line":61,"column":27}},"type":"if","locations":[{"start":{"line":61,"column":2},"end":{"line":61,"column":27}},{"start":{"line":61,"column":2},"end":{"line":61,"column":27}}]},"7":{"loc":{"start":{"line":68,"column":4},"end":{"line":73,"column":null}},"type":"if","locations":[{"start":{"line":68,"column":4},"end":{"line":73,"column":null}},{"start":{"line":68,"column":4},"end":{"line":73,"column":null}}]},"8":{"loc":{"start":{"line":76,"column":2},"end":{"line":78,"column":null}},"type":"if","locations":[{"start":{"line":76,"column":2},"end":{"line":78,"column":null}},{"start":{"line":76,"column":2},"end":{"line":78,"column":null}}]}},"s":{"0":1724,"1":2,"2":10,"3":2,"4":0,"5":0,"6":0,"7":0,"8":0,"9":0,"10":0,"11":0,"12":0,"13":0,"14":0,"15":0,"16":2,"17":40,"18":40,"19":40,"20":32473,"21":32473,"22":40,"23":40,"24":2,"25":386,"26":386,"27":386,"28":2,"29":386,"30":386,"31":386,"32":2,"33":0,"34":0,"35":0,"36":0,"37":0,"38":0,"39":0,"40":0,"41":0,"42":0,"43":0,"44":0,"45":0,"46":2,"47":0,"48":2},"f":{"0":1724,"1":10,"2":0,"3":0,"4":40,"5":386,"6":386,"7":0,"8":0},"b":{"0":[0,0],"1":[0,0],"2":[0,0],"3":[0,0],"4":[32513,32473],"5":[40,0],"6":[0,0],"7":[0,0],"8":[0,0]}}
,"C:\\pets\\mouselord\\grider\\src\\utils\\merc-utils.ts": {"path":"C:\\pets\\mouselord\\grider\\src\\utils\\merc-utils.ts","statementMap":{"0":{"start":{"line":1,"column":0},"end":{"line":1,"column":38}},"1":{"start":{"line":4,"column":18},"end":{"line":6,"column":17}},"2":{"start":{"line":8,"column":2},"end":{"line":8,"column":30}},"3":{"start":{"line":3,"column":0},"end":{"line":3,"column":16}},"4":{"start":{"line":12,"column":17},"end":{"line":12,"column":38}},"5":{"start":{"line":14,"column":2},"end":{"line":14,"column":26}},"6":{"start":{"line":11,"column":0},"end":{"line":11,"column":16}},"7":{"start":{"line":18,"column":2},"end":{"line":18,"column":26}},"8":{"start":{"line":17,"column":0},"end":{"line":17,"column":16}},"9":{"start":{"line":22,"column":2},"end":{"line":22,"column":25}},"10":{"start":{"line":21,"column":0},"end":{"line":21,"column":16}},"11":{"start":{"line":26,"column":2},"end":{"line":26,"column":12}},"12":{"start":{"line":28,"column":2},"end":{"line":28,"column":26}},"13":{"start":{"line":25,"column":0},"end":{"line":25,"column":16}}},"fnMap":{"0":{"name":"yToLat","decl":{"start":{"line":3,"column":16},"end":{"line":3,"column":22}},"loc":{"start":{"line":3,"column":32},"end":{"line":9,"column":1}}},"1":{"name":"xToLng","decl":{"start":{"line":11,"column":16},"end":{"line":11,"column":22}},"loc":{"start":{"line":11,"column":32},"end":{"line":15,"column":1}}},"2":{"name":"yToSemiLat","decl":{"start":{"line":17,"column":16},"end":{"line":17,"column":26}},"loc":{"start":{"line":17,"column":36},"end":{"line":19,"column":1}}},"3":{"name":"xToSemiLng","decl":{"start":{"line":21,"column":16},"end":{"line":21,"column":26}},"loc":{"start":{"line":21,"column":36},"end":{"line":23,"column":1}}},"4":{"name":"reduceX","decl":{"start":{"line":25,"column":16},"end":{"line":25,"column":23}},"loc":{"start":{"line":25,"column":33},"end":{"line":29,"column":1}}}},"branchMap":{"0":{"loc":{"start":{"line":28,"column":17},"end":{"line":28,"column":22}},"type":"cond-expr","locations":[{"start":{"line":28,"column":17},"end":{"line":28,"column":22}},{"start":{"line":28,"column":24},"end":{"line":28,"column":25}}]}},"s":{"0":2,"1":5,"2":5,"3":2,"4":5,"5":5,"6":2,"7":0,"8":2,"9":0,"10":2,"11":964,"12":964,"13":2},"f":{"0":5,"1":5,"2":0,"3":0,"4":964},"b":{"0":[0,964]}}
}
