TN:
SF:C:\pets\mouselord\grider\src\constants.ts
FNF:0
FNH:0
DA:1,2
LF:1
LH:1
BRF:0
BRH:0
end_of_record
TN:
SF:C:\pets\mouselord\grider\src\entities\grid-params\grid-params.ts
FN:19,(anonymous_0)
FN:37,(anonymous_1)
FN:46,(anonymous_2)
FN:53,(anonymous_3)
FN:75,(anonymous_4)
FN:79,(anonymous_5)
FNF:6
FNH:2
FNDA:20,(anonymous_0)
FNDA:0,(anonymous_1)
FNDA:0,(anonymous_2)
FNDA:0,(anonymous_3)
FNDA:0,(anonymous_4)
FNDA:20,(anonymous_5)
DA:2,2
DA:10,2
DA:28,20
DA:29,20
DA:30,20
DA:31,20
DA:32,20
DA:33,20
DA:34,20
DA:38,0
DA:39,0
DA:40,0
DA:41,0
DA:43,0
DA:47,0
DA:62,0
DA:64,0
DA:76,0
DA:85,20
DA:86,20
DA:88,20
DA:89,20
DA:90,20
DA:91,20
DA:93,20
LF:25
LH:16
BRDA:40,0,0,0
BRDA:40,0,1,0
BRDA:47,1,0,0
BRDA:47,1,1,0
BRDA:47,1,2,0
BRDA:47,1,3,0
BRDA:80,2,0,20
BRDA:85,3,0,0
BRDA:85,3,1,20
BRF:9
BRH:2
end_of_record
TN:
SF:C:\pets\mouselord\grider\src\entities\grid-params\index.ts
FNF:0
FNH:0
DA:1,2
LF:1
LH:1
BRF:0
BRH:0
end_of_record
TN:
SF:C:\pets\mouselord\grider\src\entities\grid-params\utils\index.ts
FN:10,(anonymous_0)
FN:22,(anonymous_1)
FN:38,(anonymous_2)
FN:44,(anonymous_3)
FN:50,(anonymous_4)
FN:58,(anonymous_5)
FN:64,(anonymous_6)
FN:70,(anonymous_7)
FN:79,calcAxesParams
FN:110,calcInitialCellWidth
FN:129,calcInitialCellHeight
FNF:11
FNH:7
FNDA:5,(anonymous_0)
FNDA:15,(anonymous_1)
FNDA:0,(anonymous_2)
FNDA:5,(anonymous_3)
FNDA:0,(anonymous_4)
FNDA:0,(anonymous_5)
FNDA:15,(anonymous_6)
FNDA:0,(anonymous_7)
FNDA:20,calcAxesParams
FNDA:20,calcInitialCellWidth
FNDA:20,calcInitialCellHeight
DA:1,2
DA:2,2
DA:4,2
DA:6,2
DA:11,5
DA:23,15
DA:33,2
DA:39,0
DA:45,5
DA:51,0
DA:59,0
DA:65,15
DA:71,0
DA:79,2
DA:85,20
DA:87,5
DA:88,5
DA:91,15
DA:92,15
DA:95,20
DA:96,20
DA:98,20
DA:110,2
DA:114,20
DA:115,20
DA:116,20
DA:118,20
DA:119,0
DA:122,20
DA:123,0
DA:126,20
DA:129,2
DA:130,20
DA:131,20
DA:133,20
DA:135,20
DA:136,0
DA:139,20
DA:140,0
DA:143,20
LF:40
LH:32
BRDA:86,0,0,5
BRDA:86,0,1,15
BRDA:86,0,2,15
BRDA:95,1,0,0
BRDA:95,1,1,20
BRDA:96,2,0,0
BRDA:96,2,1,20
BRDA:118,3,0,0
BRDA:118,3,1,20
BRDA:122,4,0,0
BRDA:122,4,1,20
BRDA:135,5,0,0
BRDA:135,5,1,20
BRDA:139,6,0,0
BRDA:139,6,1,20
BRF:15
BRH:9
end_of_record
TN:
SF:C:\pets\mouselord\grider\src\entities\lines\line.ts
FN:23,(anonymous_0)
FN:5,(anonymous_1)
FN:9,(anonymous_2)
FN:13,(anonymous_3)
FN:29,(anonymous_4)
FN:39,(anonymous_5)
FN:45,(anonymous_6)
FN:51,(anonymous_7)
FN:57,(anonymous_8)
FN:65,(anonymous_9)
FN:69,(anonymous_10)
FN:91,(anonymous_11)
FN:103,(anonymous_12)
FN:112,(anonymous_13)
FN:121,(anonymous_14)
FNF:15
FNH:11
FNDA:714,(anonymous_0)
FNDA:276,(anonymous_1)
FNDA:276,(anonymous_2)
FNDA:376,(anonymous_3)
FNDA:69,(anonymous_4)
FNDA:69,(anonymous_5)
FNDA:69,(anonymous_6)
FNDA:69,(anonymous_7)
FNDA:0,(anonymous_8)
FNDA:0,(anonymous_9)
FNDA:0,(anonymous_10)
FNDA:0,(anonymous_11)
FNDA:33,(anonymous_12)
FNDA:36,(anonymous_13)
FNDA:69,(anonymous_14)
DA:1,2
DA:2,2
DA:4,2
DA:6,276
DA:10,276
DA:17,376
DA:24,714
DA:25,714
DA:26,714
DA:30,69
DA:31,69
DA:33,69
DA:40,69
DA:42,69
DA:46,69
DA:48,69
DA:52,69
DA:54,69
DA:60,0
DA:62,0
DA:66,0
DA:72,0
DA:74,0
DA:75,0
DA:79,0
DA:80,0
DA:86,0
DA:88,0
DA:94,0
DA:96,0
DA:104,33
DA:105,33
DA:107,33
DA:109,33
DA:113,36
DA:114,36
DA:116,36
DA:118,36
DA:122,69
DA:125,0
DA:127,69
DA:132,69
DA:133,0
DA:134,69
DA:135,36
DA:137,33
DA:140,69
DA:141,0
DA:142,69
DA:143,33
DA:145,36
DA:148,69
DA:149,0
DA:152,69
DA:153,0
DA:156,69
DA:158,69
LF:57
LH:40
BRDA:34,0,0,0
BRDA:34,0,1,69
BRDA:35,1,0,0
BRDA:35,1,1,69
BRDA:46,2,0,0
BRDA:46,2,1,69
BRDA:52,3,0,0
BRDA:52,3,1,69
BRDA:74,4,0,0
BRDA:74,4,1,0
BRDA:79,5,0,0
BRDA:79,5,1,0
BRDA:107,6,0,0
BRDA:107,6,1,33
BRDA:116,7,0,0
BRDA:116,7,1,36
BRDA:122,8,0,0
BRDA:122,8,1,69
BRDA:123,9,0,69
BRDA:123,9,1,0
BRDA:123,9,2,69
BRDA:123,9,3,0
BRDA:132,10,0,0
BRDA:132,10,1,69
BRDA:134,11,0,36
BRDA:134,11,1,33
BRDA:140,12,0,0
BRDA:140,12,1,69
BRDA:142,13,0,33
BRDA:142,13,1,36
BRDA:148,14,0,0
BRDA:148,14,1,69
BRDA:148,15,0,69
BRDA:148,15,1,0
BRDA:149,16,0,0
BRDA:149,16,1,0
BRDA:152,17,0,0
BRDA:152,17,1,69
BRDA:152,18,0,69
BRDA:152,18,1,69
BRDA:153,19,0,0
BRDA:153,19,1,0
BRDA:156,20,0,0
BRDA:156,20,1,69
BRDA:156,21,0,69
BRDA:156,21,1,69
BRF:46
BRH:23
end_of_record
TN:
SF:C:\pets\mouselord\grider\src\entities\lines\merc-line.ts
FN:5,(anonymous_0)
FN:11,(anonymous_1)
FN:17,(anonymous_2)
FN:23,(anonymous_3)
FN:29,(anonymous_4)
FNF:5
FNH:3
FNDA:238,(anonymous_0)
FNDA:69,(anonymous_1)
FNDA:0,(anonymous_2)
FNDA:0,(anonymous_3)
FNDA:69,(anonymous_4)
DA:1,2
DA:2,2
DA:4,2
DA:6,238
DA:8,238
DA:12,69
DA:14,69
DA:18,0
DA:20,0
DA:24,0
DA:26,0
DA:30,69
DA:32,69
DA:34,69
DA:36,69
LF:15
LH:11
BRDA:32,0,0,0
BRDA:32,0,1,69
BRF:2
BRH:1
end_of_record
TN:
SF:C:\pets\mouselord\grider\src\entities\lines\rhumb-line.ts
FN:15,(anonymous_0)
FN:26,(anonymous_1)
FN:39,(anonymous_2)
FN:54,(anonymous_3)
FNF:4
FNH:2
FNDA:100,(anonymous_0)
FNDA:100,(anonymous_1)
FNDA:0,(anonymous_2)
FNDA:0,(anonymous_3)
DA:1,2
DA:6,2
DA:10,2
DA:12,2
DA:21,100
DA:23,100
DA:27,100
DA:29,100
DA:30,0
DA:31,0
DA:34,100
DA:36,100
DA:40,0
DA:41,0
DA:43,0
DA:45,0
DA:47,0
DA:48,0
DA:51,0
DA:55,0
DA:56,0
DA:59,0
DA:60,0
DA:62,0
DA:64,0
LF:25
LH:10
BRDA:29,0,0,0
BRDA:29,0,1,100
BRDA:43,1,0,0
BRDA:43,1,1,0
BRDA:47,2,0,0
BRDA:47,2,1,0
BRDA:55,3,0,0
BRDA:55,3,1,0
BRDA:62,4,0,0
BRDA:62,4,1,0
BRF:10
BRH:1
end_of_record
TN:
SF:C:\pets\mouselord\grider\src\entities\points\geo-point.ts
FN:14,(anonymous_0)
FN:19,(anonymous_1)
FN:27,(anonymous_2)
FN:34,(anonymous_3)
FN:40,(anonymous_4)
FN:54,(anonymous_5)
FN:61,(anonymous_6)
FN:68,(anonymous_7)
FN:77,(anonymous_8)
FN:84,(anonymous_9)
FN:90,(anonymous_10)
FN:96,(anonymous_11)
FN:100,(anonymous_12)
FN:104,(anonymous_13)
FN:113,(anonymous_14)
FN:120,(anonymous_15)
FN:126,(anonymous_16)
FN:130,(anonymous_17)
FN:140,(anonymous_18)
FN:147,(anonymous_19)
FNF:20
FNH:5
FNDA:260,(anonymous_0)
FNDA:0,(anonymous_1)
FNDA:238,(anonymous_2)
FNDA:0,(anonymous_3)
FNDA:0,(anonymous_4)
FNDA:476,(anonymous_5)
FNDA:0,(anonymous_6)
FNDA:0,(anonymous_7)
FNDA:117,(anonymous_8)
FNDA:0,(anonymous_9)
FNDA:0,(anonymous_10)
FNDA:0,(anonymous_11)
FNDA:0,(anonymous_12)
FNDA:0,(anonymous_13)
FNDA:0,(anonymous_14)
FNDA:0,(anonymous_15)
FNDA:0,(anonymous_16)
FNDA:0,(anonymous_17)
FNDA:0,(anonymous_18)
FNDA:5,(anonymous_19)
DA:1,2
DA:11,2
DA:13,2
DA:15,260
DA:16,260
DA:20,0
DA:21,0
DA:23,0
DA:28,238
DA:29,238
DA:31,238
DA:35,0
DA:37,0
DA:41,0
DA:43,0
DA:44,0
DA:45,0
DA:48,0
DA:49,0
DA:51,0
DA:55,476
DA:56,476
DA:58,476
DA:62,0
DA:65,0
DA:69,0
DA:70,0
DA:72,0
DA:74,0
DA:78,117
DA:79,117
DA:81,117
DA:85,0
DA:91,0
DA:97,0
DA:101,0
DA:105,0
DA:107,0
DA:114,0
DA:123,0
DA:127,0
DA:134,0
DA:135,0
DA:137,0
DA:141,0
DA:142,0
DA:144,0
DA:148,5
DA:150,5
LF:49
LH:16
BRDA:23,0,0,0
BRDA:23,0,1,0
BRDA:43,1,0,0
BRDA:43,1,1,0
BRDA:86,2,0,0
BRDA:86,2,1,0
BRDA:92,3,0,0
BRDA:92,3,1,0
BRF:8
BRH:0
end_of_record
TN:
SF:C:\pets\mouselord\grider\src\entities\points\index.ts
FNF:0
FNH:0
DA:1,1
DA:2,1
DA:3,1
DA:4,1
DA:5,1
DA:6,1
DA:7,1
LF:7
LH:7
BRF:0
BRH:0
end_of_record
TN:
SF:C:\pets\mouselord\grider\src\entities\points\merc-point.ts
FN:12,(anonymous_0)
FN:18,(anonymous_1)
FN:25,(anonymous_2)
FN:31,(anonymous_3)
FN:38,(anonymous_4)
FN:49,(anonymous_5)
FN:56,(anonymous_6)
FN:63,(anonymous_7)
FN:69,(anonymous_8)
FN:75,(anonymous_9)
FN:79,(anonymous_10)
FNF:11
FNH:4
FNDA:964,(anonymous_0)
FNDA:345,(anonymous_1)
FNDA:0,(anonymous_2)
FNDA:138,(anonymous_3)
FNDA:0,(anonymous_4)
FNDA:5,(anonymous_5)
FNDA:0,(anonymous_6)
FNDA:0,(anonymous_7)
FNDA:0,(anonymous_8)
FNDA:0,(anonymous_9)
FNDA:0,(anonymous_10)
DA:1,2
DA:3,2
DA:11,2
DA:13,964
DA:15,964
DA:19,345
DA:26,0
DA:28,0
DA:32,138
DA:33,138
DA:35,138
DA:39,0
DA:41,0
DA:42,0
DA:43,0
DA:46,0
DA:50,5
DA:51,5
DA:53,5
DA:57,0
DA:58,0
DA:60,0
DA:64,0
DA:70,0
DA:76,0
DA:80,0
LF:26
LH:12
BRDA:41,0,0,0
BRDA:41,0,1,0
BRDA:65,1,0,0
BRDA:65,1,1,0
BRDA:71,2,0,0
BRDA:71,2,1,0
BRF:6
BRH:0
end_of_record
TN:
SF:C:\pets\mouselord\grider\src\entities\points\point.ts
FN:5,(anonymous_0)
FN:10,(anonymous_1)
FN:19,(anonymous_2)
FN:23,(anonymous_3)
FN:30,(anonymous_4)
FN:34,(anonymous_5)
FN:40,(anonymous_6)
FN:50,(anonymous_7)
FN:54,(anonymous_8)
FN:58,(anonymous_9)
FN:62,(anonymous_10)
FNF:11
FNH:2
FNDA:1102,(anonymous_0)
FNDA:0,(anonymous_1)
FNDA:0,(anonymous_2)
FNDA:0,(anonymous_3)
FNDA:0,(anonymous_4)
FNDA:0,(anonymous_5)
FNDA:69,(anonymous_6)
FNDA:0,(anonymous_7)
FNDA:0,(anonymous_8)
FNDA:0,(anonymous_9)
FNDA:0,(anonymous_10)
DA:4,2
DA:6,1102
DA:7,1102
DA:13,0
DA:20,0
DA:24,0
DA:31,0
DA:35,0
DA:37,0
DA:41,69
DA:42,69
DA:44,69
DA:47,69
DA:51,0
DA:55,0
DA:59,0
DA:65,0
LF:17
LH:7
BRDA:44,0,0,69
BRDA:44,0,1,69
BRF:2
BRH:2
end_of_record
TN:
SF:C:\pets\mouselord\grider\src\entities\points\tile-merc-point.ts
FN:19,(anonymous_0)
FN:37,(anonymous_1)
FN:41,(anonymous_2)
FN:45,(anonymous_3)
FN:63,(anonymous_4)
FN:81,(anonymous_5)
FN:99,(anonymous_6)
FN:117,(anonymous_7)
FN:121,(anonymous_8)
FN:125,(anonymous_9)
FN:129,(anonymous_10)
FN:133,(anonymous_11)
FN:140,(anonymous_12)
FN:149,(anonymous_13)
FN:158,(anonymous_14)
FN:165,(anonymous_15)
FN:181,(anonymous_16)
FN:192,(anonymous_17)
FN:203,(anonymous_18)
FN:212,(anonymous_19)
FN:213,(anonymous_20)
FN:229,(anonymous_21)
FN:249,(anonymous_22)
FN:270,(anonymous_23)
FN:283,(anonymous_24)
FNF:25
FNH:0
FNDA:0,(anonymous_0)
FNDA:0,(anonymous_1)
FNDA:0,(anonymous_2)
FNDA:0,(anonymous_3)
FNDA:0,(anonymous_4)
FNDA:0,(anonymous_5)
FNDA:0,(anonymous_6)
FNDA:0,(anonymous_7)
FNDA:0,(anonymous_8)
FNDA:0,(anonymous_9)
FNDA:0,(anonymous_10)
FNDA:0,(anonymous_11)
FNDA:0,(anonymous_12)
FNDA:0,(anonymous_13)
FNDA:0,(anonymous_14)
FNDA:0,(anonymous_15)
FNDA:0,(anonymous_16)
FNDA:0,(anonymous_17)
FNDA:0,(anonymous_18)
FNDA:0,(anonymous_19)
FNDA:0,(anonymous_20)
FNDA:0,(anonymous_21)
FNDA:0,(anonymous_22)
FNDA:0,(anonymous_23)
FNDA:0,(anonymous_24)
DA:1,1
DA:3,1
DA:4,1
DA:5,1
DA:6,1
DA:7,1
DA:8,1
DA:12,1
DA:28,0
DA:30,0
DA:31,0
DA:32,0
DA:33,0
DA:34,0
DA:38,0
DA:42,0
DA:52,0
DA:54,0
DA:70,0
DA:72,0
DA:88,0
DA:90,0
DA:106,0
DA:108,0
DA:118,0
DA:122,0
DA:126,0
DA:130,0
DA:134,0
DA:141,0
DA:143,0
DA:150,0
DA:152,0
DA:159,0
DA:166,0
DA:167,0
DA:168,0
DA:169,0
DA:171,0
DA:178,0
DA:182,0
DA:183,0
DA:185,0
DA:186,0
DA:189,0
DA:193,0
DA:195,0
DA:204,0
DA:213,0
DA:214,0
DA:215,0
DA:222,0
DA:223,0
DA:225,0
DA:238,0
DA:256,0
DA:257,0
DA:259,0
DA:280,0
DA:289,0
DA:290,0
DA:292,0
LF:62
LH:8
BRDA:185,0,0,0
BRDA:185,0,1,0
BRDA:205,1,0,0
BRDA:205,1,1,0
BRDA:205,1,2,0
BRDA:205,1,3,0
BRF:6
BRH:0
end_of_record
TN:
SF:C:\pets\mouselord\grider\src\entities\points\center-point\center-point.ts
FN:25,(anonymous_0)
FN:58,(anonymous_1)
FN:76,(anonymous_2)
FN:94,(anonymous_3)
FN:112,(anonymous_4)
FN:130,(anonymous_5)
FN:142,(anonymous_6)
FN:154,(anonymous_7)
FN:166,(anonymous_8)
FN:178,(anonymous_9)
FN:184,(anonymous_10)
FN:198,(anonymous_11)
FN:207,(anonymous_12)
FN:220,(anonymous_13)
FN:225,(anonymous_14)
FN:232,(anonymous_15)
FN:245,(anonymous_16)
FNF:17
FNH:0
FNDA:0,(anonymous_0)
FNDA:0,(anonymous_1)
FNDA:0,(anonymous_2)
FNDA:0,(anonymous_3)
FNDA:0,(anonymous_4)
FNDA:0,(anonymous_5)
FNDA:0,(anonymous_6)
FNDA:0,(anonymous_7)
FNDA:0,(anonymous_8)
FNDA:0,(anonymous_9)
FNDA:0,(anonymous_10)
FNDA:0,(anonymous_11)
FNDA:0,(anonymous_12)
FNDA:0,(anonymous_13)
FNDA:0,(anonymous_14)
FNDA:0,(anonymous_15)
FNDA:0,(anonymous_16)
DA:4,1
DA:5,1
DA:8,1
DA:9,1
DA:20,1
DA:24,1
DA:44,0
DA:46,0
DA:67,0
DA:69,0
DA:85,0
DA:87,0
DA:103,0
DA:105,0
DA:121,0
DA:123,0
DA:135,0
DA:137,0
DA:147,0
DA:149,0
DA:159,0
DA:161,0
DA:171,0
DA:173,0
DA:179,0
DA:181,0
DA:186,0
DA:188,0
DA:191,0
DA:193,0
DA:195,0
DA:199,0
DA:201,0
DA:204,0
DA:209,0
DA:210,0
DA:212,0
DA:213,0
DA:214,0
DA:217,0
DA:221,0
DA:226,0
DA:229,0
DA:233,0
DA:234,0
DA:235,0
DA:239,0
DA:242,0
DA:249,0
LF:49
LH:6
BRDA:47,0,0,0
BRDA:47,0,1,0
BRDA:48,1,0,0
BRDA:48,1,1,0
BRDA:49,2,0,0
BRDA:49,2,1,0
BRDA:50,3,0,0
BRDA:50,3,1,0
BRDA:70,4,0,0
BRDA:70,4,1,0
BRDA:71,5,0,0
BRDA:71,5,1,0
BRDA:72,6,0,0
BRDA:72,6,1,0
BRDA:88,7,0,0
BRDA:88,7,1,0
BRDA:89,8,0,0
BRDA:89,8,1,0
BRDA:90,9,0,0
BRDA:90,9,1,0
BRDA:106,10,0,0
BRDA:106,10,1,0
BRDA:107,11,0,0
BRDA:107,11,1,0
BRDA:108,12,0,0
BRDA:108,12,1,0
BRDA:124,13,0,0
BRDA:124,13,1,0
BRDA:125,14,0,0
BRDA:125,14,1,0
BRDA:126,15,0,0
BRDA:126,15,1,0
BRDA:212,16,0,0
BRDA:212,16,1,0
BRDA:236,17,0,0
BRDA:236,17,1,0
BRF:36
BRH:0
end_of_record
TN:
SF:C:\pets\mouselord\grider\src\entities\points\center-point\index.ts
FNF:0
FNH:0
DA:1,1
LF:1
LH:1
BRF:0
BRH:0
end_of_record
TN:
SF:C:\pets\mouselord\grider\src\entities\points\center-point\utils\center-finder.ts
FN:4,getNextCenterByCellSide
FNF:1
FNH:0
FNDA:0,getNextCenterByCellSide
DA:4,1
DA:8,0
DA:11,0
DA:13,0
DA:14,0
DA:15,0
DA:19,0
LF:7
LH:1
BRDA:16,0,0,0
BRDA:16,0,1,0
BRDA:15,1,0,0
BRDA:15,1,1,0
BRF:4
BRH:0
end_of_record
TN:
SF:C:\pets\mouselord\grider\src\entities\points\center-point\utils\is-neighbor.ts
FN:3,isHexNeighbor
FN:16,isRectNeighbor
FN:25,isNeighbor
FNF:3
FNH:0
FNDA:0,isHexNeighbor
FNDA:0,isRectNeighbor
FNDA:0,isNeighbor
DA:7,0
DA:13,0
DA:20,0
DA:22,0
DA:25,1
DA:31,0
DA:33,0
DA:34,0
DA:36,0
LF:9
LH:1
BRDA:13,0,0,0
BRDA:13,0,1,0
BRDA:13,0,2,0
BRDA:22,1,0,0
BRDA:22,1,1,0
BRDA:33,2,0,0
BRDA:33,2,1,0
BRF:7
BRH:0
end_of_record
TN:
SF:C:\pets\mouselord\grider\src\entities\points\center-point\utils\neighborer.ts
FN:14,getNorthWest
FN:45,getNorthEast
FN:67,getSouthWest
FN:89,getSouthEast
FN:120,getNorth
FN:154,getSouth
FN:188,getEast
FN:222,getWest
FN:257,getAll
FNF:9
FNH:0
FNDA:0,getNorthWest
FNDA:0,getNorthEast
FNDA:0,getSouthWest
FNDA:0,getSouthEast
FNDA:0,getNorth
FNDA:0,getSouth
FNDA:0,getEast
FNDA:0,getWest
FNDA:0,getAll
DA:14,1
DA:20,0
DA:21,0
DA:23,0
DA:24,0
DA:26,0
DA:27,0
DA:28,0
DA:29,0
DA:30,0
DA:31,0
DA:32,0
DA:33,0
DA:34,0
DA:35,0
DA:36,0
DA:37,0
DA:40,0
DA:45,1
DA:50,0
DA:52,0
DA:54,0
DA:55,0
DA:56,0
DA:57,0
DA:58,0
DA:59,0
DA:62,0
DA:67,1
DA:72,0
DA:74,0
DA:76,0
DA:77,0
DA:78,0
DA:79,0
DA:80,0
DA:81,0
DA:84,0
DA:89,1
DA:95,0
DA:96,0
DA:98,0
DA:99,0
DA:101,0
DA:102,0
DA:103,0
DA:104,0
DA:105,0
DA:106,0
DA:107,0
DA:108,0
DA:109,0
DA:110,0
DA:111,0
DA:112,0
DA:115,0
DA:120,1
DA:130,0
DA:131,0
DA:133,0
DA:135,0
DA:136,0
DA:137,0
DA:138,0
DA:139,0
DA:140,0
DA:141,0
DA:142,0
DA:143,0
DA:149,0
DA:154,1
DA:164,0
DA:165,0
DA:167,0
DA:169,0
DA:170,0
DA:171,0
DA:172,0
DA:173,0
DA:174,0
DA:175,0
DA:176,0
DA:177,0
DA:183,0
DA:188,1
DA:198,0
DA:199,0
DA:201,0
DA:203,0
DA:204,0
DA:205,0
DA:206,0
DA:207,0
DA:208,0
DA:212,0
DA:213,0
DA:214,0
DA:217,0
DA:222,1
DA:232,0
DA:233,0
DA:235,0
DA:237,0
DA:238,0
DA:239,0
DA:240,0
DA:241,0
DA:242,0
DA:246,0
DA:247,0
DA:248,0
DA:251,0
DA:257,1
DA:263,0
DA:265,0
DA:267,0
DA:268,0
DA:278,0
DA:279,0
DA:289,0
LF:120
LH:9
BRDA:26,0,0,0
BRDA:26,0,1,0
BRDA:26,1,0,0
BRDA:26,1,1,0
BRDA:29,2,0,0
BRDA:29,2,1,0
BRDA:29,3,0,0
BRDA:29,3,1,0
BRDA:32,4,0,0
BRDA:32,4,1,0
BRDA:32,5,0,0
BRDA:32,5,1,0
BRDA:35,6,0,0
BRDA:35,6,1,0
BRDA:35,7,0,0
BRDA:35,7,1,0
BRDA:54,8,0,0
BRDA:54,8,1,0
BRDA:57,9,0,0
BRDA:57,9,1,0
BRDA:76,10,0,0
BRDA:76,10,1,0
BRDA:79,11,0,0
BRDA:79,11,1,0
BRDA:101,12,0,0
BRDA:101,12,1,0
BRDA:101,13,0,0
BRDA:101,13,1,0
BRDA:104,14,0,0
BRDA:104,14,1,0
BRDA:104,15,0,0
BRDA:104,15,1,0
BRDA:107,16,0,0
BRDA:107,16,1,0
BRDA:107,17,0,0
BRDA:107,17,1,0
BRDA:110,18,0,0
BRDA:110,18,1,0
BRDA:110,19,0,0
BRDA:110,19,1,0
BRDA:135,20,0,0
BRDA:135,20,1,0
BRDA:135,21,0,0
BRDA:135,21,1,0
BRDA:137,22,0,0
BRDA:137,22,1,0
BRDA:137,23,0,0
BRDA:137,23,1,0
BRDA:139,24,0,0
BRDA:139,24,1,0
BRDA:139,25,0,0
BRDA:139,25,1,0
BRDA:142,26,0,0
BRDA:142,26,1,0
BRDA:142,27,0,0
BRDA:142,27,1,0
BRDA:169,28,0,0
BRDA:169,28,1,0
BRDA:169,29,0,0
BRDA:169,29,1,0
BRDA:171,30,0,0
BRDA:171,30,1,0
BRDA:171,31,0,0
BRDA:171,31,1,0
BRDA:173,32,0,0
BRDA:173,32,1,0
BRDA:173,33,0,0
BRDA:173,33,1,0
BRDA:176,34,0,0
BRDA:176,34,1,0
BRDA:176,35,0,0
BRDA:176,35,1,0
BRDA:203,36,0,0
BRDA:203,36,1,0
BRDA:203,37,0,0
BRDA:203,37,1,0
BRDA:205,38,0,0
BRDA:205,38,1,0
BRDA:205,39,0,0
BRDA:205,39,1,0
BRDA:207,40,0,0
BRDA:207,40,1,0
BRDA:207,41,0,0
BRDA:207,41,1,0
BRDA:212,42,0,0
BRDA:212,42,1,0
BRDA:212,43,0,0
BRDA:212,43,1,0
BRDA:237,44,0,0
BRDA:237,44,1,0
BRDA:237,45,0,0
BRDA:237,45,1,0
BRDA:239,46,0,0
BRDA:239,46,1,0
BRDA:239,47,0,0
BRDA:239,47,1,0
BRDA:241,48,0,0
BRDA:241,48,1,0
BRDA:241,49,0,0
BRDA:241,49,1,0
BRDA:246,50,0,0
BRDA:246,50,1,0
BRDA:246,51,0,0
BRDA:246,51,1,0
BRDA:267,52,0,0
BRDA:267,52,1,0
BRDA:267,53,0,0
BRDA:267,53,1,0
BRDA:278,54,0,0
BRDA:278,54,1,0
BRDA:278,55,0,0
BRDA:278,55,1,0
BRF:112
BRH:0
end_of_record
TN:
SF:C:\pets\mouselord\grider\src\entities\points\center-point\utils\rounder.ts
FN:4,calcPointDecimalRemains
FN:6,(anonymous_1)
FN:18,roundHexGridPoint
FN:21,(anonymous_3)
FN:24,(anonymous_4)
FN:29,(anonymous_5)
FN:43,roundRectGridPoint
FN:45,(anonymous_7)
FN:54,round
FNF:9
FNH:0
FNDA:0,calcPointDecimalRemains
FNDA:0,(anonymous_1)
FNDA:0,roundHexGridPoint
FNDA:0,(anonymous_3)
FNDA:0,(anonymous_4)
FNDA:0,(anonymous_5)
FNDA:0,roundRectGridPoint
FNDA:0,(anonymous_7)
FNDA:0,round
DA:1,1
DA:5,0
DA:7,0
DA:8,0
DA:10,0
DA:12,0
DA:15,0
DA:19,0
DA:20,0
DA:21,0
DA:23,0
DA:24,0
DA:26,0
DA:28,0
DA:30,0
DA:31,0
DA:32,0
DA:34,0
DA:37,0
DA:40,0
DA:44,0
DA:46,0
DA:48,0
DA:51,0
DA:54,1
DA:55,0
DA:57,0
DA:58,0
DA:60,0
DA:62,0
DA:64,0
LF:31
LH:2
BRDA:30,0,0,0
BRDA:30,0,1,0
BRDA:57,1,0,0
BRDA:57,1,1,0
BRF:4
BRH:0
end_of_record
TN:
SF:C:\pets\mouselord\grider\src\entities\points\grid-point\grid-point.ts
FN:18,(anonymous_0)
FN:30,(anonymous_1)
FN:34,(anonymous_2)
FN:38,(anonymous_3)
FN:42,(anonymous_4)
FN:46,(anonymous_5)
FN:50,(anonymous_6)
FN:57,(anonymous_7)
FN:63,(anonymous_8)
FN:74,(anonymous_9)
FN:81,(anonymous_10)
FN:87,(anonymous_11)
FN:113,(anonymous_12)
FN:126,(anonymous_13)
FN:133,(anonymous_14)
FN:139,(anonymous_15)
FNF:16
FNH:6
FNDA:245,(anonymous_0)
FNDA:0,(anonymous_1)
FNDA:0,(anonymous_2)
FNDA:0,(anonymous_3)
FNDA:0,(anonymous_4)
FNDA:0,(anonymous_5)
FNDA:1,(anonymous_6)
FNDA:117,(anonymous_7)
FNDA:234,(anonymous_8)
FNDA:0,(anonymous_9)
FNDA:0,(anonymous_10)
FNDA:0,(anonymous_11)
FNDA:0,(anonymous_12)
FNDA:0,(anonymous_13)
FNDA:67,(anonymous_14)
FNDA:152,(anonymous_15)
DA:2,2
DA:3,2
DA:7,2
DA:12,2
DA:24,245
DA:25,245
DA:26,245
DA:27,245
DA:31,0
DA:35,0
DA:39,0
DA:43,0
DA:47,0
DA:51,1
DA:52,1
DA:54,1
DA:60,117
DA:62,117
DA:64,234
DA:66,234
DA:69,117
DA:71,117
DA:75,0
DA:76,0
DA:78,0
DA:82,0
DA:84,0
DA:88,0
DA:89,0
DA:90,0
DA:92,0
DA:96,0
DA:97,0
DA:98,0
DA:102,0
DA:106,0
DA:107,0
DA:110,0
DA:114,0
DA:119,0
DA:120,0
DA:123,0
DA:130,0
DA:134,67
DA:137,67
DA:139,67
DA:140,152
DA:142,152
DA:145,67
LF:49
LH:23
BRDA:54,0,0,1
BRDA:54,0,1,1
BRDA:54,0,2,1
BRDA:92,1,0,0
BRDA:92,1,1,0
BRDA:93,2,0,0
BRDA:93,2,1,0
BRDA:106,3,0,0
BRDA:106,3,1,0
BRDA:119,4,0,0
BRDA:119,4,1,0
BRF:11
BRH:3
end_of_record
TN:
SF:C:\pets\mouselord\grider\src\entities\points\grid-point\index.ts
FNF:0
FNH:0
DA:1,2
LF:1
LH:1
BRF:0
BRH:0
end_of_record
TN:
SF:C:\pets\mouselord\grider\src\entities\points\grid-point\utils\corrector.ts
FN:4,correctForGrid
FN:17,correctForGeo
FNF:2
FNH:2
FNDA:67,correctForGrid
FNDA:117,correctForGeo
DA:2,2
DA:4,2
DA:8,67
DA:9,0
DA:11,0
DA:13,67
DA:17,2
DA:21,117
DA:23,117
DA:24,0
DA:26,0
DA:29,117
LF:12
LH:8
BRDA:8,0,0,0
BRDA:8,0,1,67
BRDA:23,1,0,0
BRDA:23,1,1,117
BRF:4
BRH:2
end_of_record
TN:
SF:C:\pets\mouselord\grider\src\entities\points\grid-point\utils\transformer.ts
FN:9,rotateToGrid
FN:29,rotateToGeo
FN:61,toGridScale
FN:71,toGeoScale
FN:81,toGrid
FN:92,toGeo
FNF:6
FNH:6
FNDA:152,rotateToGrid
FNDA:234,rotateToGeo
FNDA:152,toGridScale
FNDA:234,toGeoScale
FNDA:152,toGrid
FNDA:234,toGeo
DA:1,2
DA:9,2
DA:14,152
DA:15,152
DA:17,152
DA:18,152
DA:20,152
DA:21,152
DA:22,152
DA:24,152
DA:26,152
DA:29,2
DA:35,234
DA:37,234
DA:38,234
DA:40,234
DA:41,234
DA:42,234
DA:46,234
DA:48,117
DA:49,117
DA:51,117
DA:52,117
DA:54,0
DA:55,0
DA:58,234
DA:61,2
DA:65,152
DA:66,152
DA:68,152
DA:71,2
DA:75,234
DA:76,234
DA:78,234
DA:81,2
DA:86,152
DA:87,152
DA:89,152
DA:92,2
DA:96,234
DA:97,234
DA:99,234
LF:42
LH:40
BRDA:14,0,0,0
BRDA:14,0,1,152
BRDA:15,1,0,0
BRDA:15,1,1,152
BRDA:37,2,0,0
BRDA:37,2,1,234
BRDA:38,3,0,0
BRDA:38,3,1,234
BRDA:47,4,0,117
BRDA:47,4,1,117
BRDA:47,4,2,0
BRF:11
BRH:6
end_of_record
TN:
SF:C:\pets\mouselord\grider\src\entities\points\peak-point\index.ts
FNF:0
FNH:0
DA:1,1
LF:1
LH:1
BRF:0
BRH:0
end_of_record
TN:
SF:C:\pets\mouselord\grider\src\entities\points\peak-point\peak-point.ts
FN:9,(anonymous_0)
FN:11,(anonymous_1)
FN:19,(anonymous_2)
FN:20,(anonymous_3)
FN:23,(anonymous_4)
FN:34,(anonymous_5)
FN:37,(anonymous_6)
FN:52,(anonymous_7)
FN:59,(anonymous_8)
FNF:9
FNH:9
FNDA:18,(anonymous_0)
FNDA:66,(anonymous_1)
FNDA:3,(anonymous_2)
FNDA:11,(anonymous_3)
FNDA:22,(anonymous_4)
FNDA:5,(anonymous_5)
FNDA:20,(anonymous_6)
FNDA:1,(anonymous_7)
FNDA:1,(anonymous_8)
DA:3,2
DA:5,2
DA:6,2
DA:8,2
DA:10,18
DA:12,66
DA:13,66
DA:15,66
DA:20,11
DA:24,22
DA:26,22
DA:35,5
DA:37,5
DA:41,20
DA:42,20
DA:44,20
DA:45,15
DA:48,20
DA:56,1
DA:60,1
DA:62,1
LF:21
LH:21
BRDA:30,0,0,22
BRDA:30,0,1,9
BRDA:44,1,0,15
BRDA:44,1,1,5
BRF:4
BRH:4
end_of_record
TN:
SF:C:\pets\mouselord\grider\src\entities\points\peak-point\utils\nearest-peaks.ts
FN:3,nearestRectPeaks
FN:21,nearestHexPeaks
FN:57,calcNearestPeaks
FNF:3
FNH:3
FNDA:14,nearestRectPeaks
FNDA:9,nearestHexPeaks
FNDA:20,calcNearestPeaks
DA:3,2
DA:6,14
DA:21,2
DA:24,9
DA:26,9
DA:27,2
DA:41,7
DA:57,2
DA:60,20
DA:62,20
DA:63,7
DA:65,13
LF:12
LH:12
BRDA:26,0,0,2
BRDA:26,0,1,7
BRDA:62,1,0,7
BRDA:62,1,1,13
BRF:4
BRH:4
end_of_record
TN:
SF:C:\pets\mouselord\grider\src\entities\polygons\generic-polygon.ts
FN:17,(anonymous_0)
FN:21,(anonymous_1)
FN:22,(anonymous_2)
FN:23,(anonymous_3)
FN:35,(anonymous_4)
FN:36,(anonymous_5)
FN:46,(anonymous_6)
FN:47,(anonymous_7)
FN:61,(anonymous_8)
FN:62,(anonymous_9)
FN:77,(anonymous_10)
FN:84,(anonymous_11)
FN:91,(anonymous_12)
FN:95,(anonymous_13)
FN:101,(anonymous_14)
FN:107,(anonymous_15)
FN:113,(anonymous_16)
FN:116,(anonymous_17)
FN:126,(anonymous_18)
FN:129,(anonymous_19)
FN:139,(anonymous_20)
FN:147,(anonymous_21)
FN:158,(anonymous_22)
FN:161,(anonymous_23)
FN:162,(anonymous_24)
FN:170,(anonymous_25)
FN:178,(anonymous_26)
FN:179,(anonymous_27)
FN:187,(anonymous_28)
FN:195,(anonymous_29)
FN:207,(anonymous_30)
FN:217,(anonymous_31)
FN:218,(anonymous_32)
FNF:33
FNH:8
FNDA:5,(anonymous_0)
FNDA:0,(anonymous_1)
FNDA:0,(anonymous_2)
FNDA:0,(anonymous_3)
FNDA:20,(anonymous_4)
FNDA:80,(anonymous_5)
FNDA:0,(anonymous_6)
FNDA:0,(anonymous_7)
FNDA:0,(anonymous_8)
FNDA:0,(anonymous_9)
FNDA:80,(anonymous_10)
FNDA:0,(anonymous_11)
FNDA:80,(anonymous_12)
FNDA:0,(anonymous_13)
FNDA:80,(anonymous_14)
FNDA:0,(anonymous_15)
FNDA:0,(anonymous_16)
FNDA:0,(anonymous_17)
FNDA:0,(anonymous_18)
FNDA:0,(anonymous_19)
FNDA:20,(anonymous_20)
FNDA:80,(anonymous_21)
FNDA:0,(anonymous_22)
FNDA:0,(anonymous_23)
FNDA:0,(anonymous_24)
FNDA:0,(anonymous_25)
FNDA:0,(anonymous_26)
FNDA:0,(anonymous_27)
FNDA:0,(anonymous_28)
FNDA:0,(anonymous_29)
FNDA:0,(anonymous_30)
FNDA:0,(anonymous_31)
FNDA:0,(anonymous_32)
DA:13,1
DA:18,5
DA:22,0
DA:23,0
DA:24,0
DA:26,0
DA:27,0
DA:30,0
DA:36,20
DA:40,80
DA:42,69
DA:47,0
DA:51,0
DA:53,0
DA:54,0
DA:57,0
DA:62,0
DA:67,0
DA:69,0
DA:70,0
DA:73,0
DA:78,80
DA:85,0
DA:92,80
DA:96,0
DA:98,0
DA:102,80
DA:104,80
DA:108,0
DA:110,0
DA:116,0
DA:120,0
DA:122,0
DA:129,0
DA:133,0
DA:135,0
DA:147,20
DA:152,80
DA:154,80
DA:161,0
DA:162,0
DA:163,0
DA:165,0
DA:178,0
DA:179,0
DA:180,0
DA:182,0
DA:195,0
DA:200,0
DA:201,0
DA:203,0
DA:215,0
DA:217,0
DA:218,0
DA:219,0
DA:222,0
DA:224,0
LF:57
LH:12
BRDA:26,0,0,0
BRDA:26,0,1,0
BRDA:40,1,0,11
BRDA:40,1,1,69
BRDA:53,2,0,0
BRDA:53,2,1,0
BRDA:69,3,0,0
BRDA:69,3,1,0
BRDA:92,4,0,20
BRDA:92,4,1,60
BRDA:98,5,0,0
BRDA:98,5,1,0
BRDA:163,6,0,0
BRDA:163,6,1,0
BRDA:180,7,0,0
BRDA:180,7,1,0
BRDA:219,8,0,0
BRDA:219,8,1,0
BRDA:220,9,0,0
BRDA:220,9,1,0
BRDA:220,9,2,0
BRF:21
BRH:4
end_of_record
TN:
SF:C:\pets\mouselord\grider\src\entities\polygons\index.ts
FNF:0
FNH:0
DA:1,1
DA:2,1
DA:3,1
DA:4,1
DA:5,1
DA:6,1
DA:7,1
DA:8,1
LF:8
LH:8
BRF:0
BRH:0
end_of_record
TN:
SF:C:\pets\mouselord\grider\src\entities\polygons\merc-polygon.ts
FN:6,(anonymous_0)
FNF:1
FNH:0
FNDA:0,(anonymous_0)
DA:2,1
DA:3,1
DA:5,1
DA:7,0
DA:9,0
LF:5
LH:3
BRF:0
BRH:0
end_of_record
TN:
SF:C:\pets\mouselord\grider\src\entities\polygons\polygon.ts
FN:6,(anonymous_0)
FNF:1
FNH:0
FNDA:0,(anonymous_0)
DA:2,1
DA:3,1
DA:5,1
DA:7,0
DA:9,0
LF:5
LH:3
BRF:0
BRH:0
end_of_record
TN:
SF:C:\pets\mouselord\grider\src\entities\polygons\area\area.ts
FN:36,(anonymous_0)
FN:9,(anonymous_1)
FN:26,(anonymous_2)
FNF:3
FNH:0
FNDA:0,(anonymous_0)
FNDA:0,(anonymous_1)
FNDA:0,(anonymous_2)
DA:3,1
DA:4,1
DA:6,1
DA:10,0
DA:12,0
DA:13,0
DA:16,0
DA:18,0
DA:20,0
DA:21,0
DA:23,0
DA:27,0
DA:29,0
DA:30,0
DA:33,0
DA:38,0
DA:39,0
DA:41,0
LF:18
LH:3
BRDA:10,0,0,0
BRDA:10,0,1,0
BRDA:12,1,0,0
BRDA:12,1,1,0
BRDA:27,2,0,0
BRDA:27,2,1,0
BRDA:29,3,0,0
BRDA:29,3,1,0
BRF:8
BRH:0
end_of_record
TN:
SF:C:\pets\mouselord\grider\src\entities\polygons\area\index.ts
FNF:0
FNH:0
DA:1,1
LF:1
LH:1
BRF:0
BRH:0
end_of_record
TN:
SF:C:\pets\mouselord\grider\src\entities\polygons\area\utils\area-worker.ts
FN:11,(anonymous_1)
FN:17,(anonymous_2)
FN:23,(anonymous_3)
FN:34,(anonymous_4)
FN:46,(anonymous_5)
FN:51,(anonymous_6)
FN:54,(anonymous_7)
FN:62,(anonymous_8)
FN:66,(anonymous_9)
FN:66,(anonymous_10)
FNF:10
FNH:0
FNDA:0,(anonymous_1)
FNDA:0,(anonymous_2)
FNDA:0,(anonymous_3)
FNDA:0,(anonymous_4)
FNDA:0,(anonymous_5)
FNDA:0,(anonymous_6)
FNDA:0,(anonymous_7)
FNDA:0,(anonymous_8)
FNDA:0,(anonymous_9)
FNDA:0,(anonymous_10)
DA:1,1
DA:2,1
DA:4,1
DA:5,1
DA:7,1
DA:12,0
DA:13,0
DA:18,0
DA:20,0
DA:24,0
DA:26,0
DA:35,0
DA:37,0
DA:39,0
DA:40,0
DA:43,0
DA:46,0
DA:51,0
DA:55,0
DA:56,0
DA:59,0
DA:62,0
DA:66,0
LF:23
LH:5
BRDA:12,0,0,0
BRDA:12,0,1,0
BRDA:18,1,0,0
BRDA:18,1,1,0
BRDA:24,2,0,0
BRDA:24,2,1,0
BRDA:35,3,0,0
BRDA:35,3,1,0
BRDA:39,4,0,0
BRDA:39,4,1,0
BRDA:55,5,0,0
BRDA:55,5,1,0
BRF:12
BRH:0
end_of_record
TN:
SF:C:\pets\mouselord\grider\src\entities\polygons\area\workers\build-area.worker.ts
FN:26,(anonymous_0)
FN:52,(anonymous_1)
FN:58,(anonymous_2)
FN:74,(anonymous_3)
FN:79,(anonymous_4)
FN:79,(anonymous_5)
FNF:6
FNH:0
FNDA:0,(anonymous_0)
FNDA:0,(anonymous_1)
FNDA:0,(anonymous_2)
FNDA:0,(anonymous_3)
FNDA:0,(anonymous_4)
FNDA:0,(anonymous_5)
DA:1,1
DA:2,1
DA:3,1
DA:4,1
DA:6,1
DA:7,1
DA:26,1
DA:27,0
DA:29,0
DA:32,0
DA:34,0
DA:36,0
DA:38,0
DA:41,0
DA:47,0
DA:49,0
DA:51,0
DA:52,0
DA:55,0
DA:57,0
DA:58,0
DA:61,0
DA:64,0
DA:65,0
DA:71,0
DA:73,0
DA:74,0
DA:76,0
DA:78,0
DA:79,0
DA:84,1
LF:31
LH:8
BRDA:29,0,0,0
BRDA:29,0,1,0
BRDA:41,1,0,0
BRDA:41,1,1,0
BRDA:64,2,0,0
BRDA:64,2,1,0
BRDA:65,3,0,0
BRDA:65,3,1,0
BRF:8
BRH:0
end_of_record
TN:
SF:C:\pets\mouselord\grider\src\entities\polygons\area\workers\entities\centers-matrix\centers-matrix.ts
FN:94,(anonymous_0)
FN:12,(anonymous_1)
FN:40,(anonymous_2)
FN:44,(anonymous_3)
FN:48,(anonymous_4)
FN:60,(anonymous_5)
FN:66,(anonymous_6)
FN:67,(anonymous_7)
FN:71,(anonymous_8)
FN:73,(anonymous_9)
FN:73,(anonymous_10)
FN:87,(anonymous_11)
FN:99,(anonymous_12)
FN:100,(anonymous_13)
FN:101,(anonymous_14)
FN:107,(anonymous_15)
FN:120,(anonymous_16)
FN:121,(anonymous_17)
FN:128,(anonymous_18)
FN:129,(anonymous_19)
FN:130,(anonymous_20)
FN:141,(anonymous_21)
FN:145,(anonymous_22)
FN:151,(anonymous_23)
FN:154,(anonymous_24)
FN:159,(anonymous_25)
FN:162,(anonymous_26)
FN:167,(anonymous_27)
FN:170,(anonymous_28)
FN:175,(anonymous_29)
FN:178,(anonymous_30)
FN:183,(anonymous_31)
FN:186,(anonymous_32)
FN:191,(anonymous_33)
FN:194,(anonymous_34)
FN:199,(anonymous_35)
FN:202,(anonymous_36)
FN:207,(anonymous_37)
FN:210,(anonymous_38)
FNF:39
FNH:0
FNDA:0,(anonymous_0)
FNDA:0,(anonymous_1)
FNDA:0,(anonymous_2)
FNDA:0,(anonymous_3)
FNDA:0,(anonymous_4)
FNDA:0,(anonymous_5)
FNDA:0,(anonymous_6)
FNDA:0,(anonymous_7)
FNDA:0,(anonymous_8)
FNDA:0,(anonymous_9)
FNDA:0,(anonymous_10)
FNDA:0,(anonymous_11)
FNDA:0,(anonymous_12)
FNDA:0,(anonymous_13)
FNDA:0,(anonymous_14)
FNDA:0,(anonymous_15)
FNDA:0,(anonymous_16)
FNDA:0,(anonymous_17)
FNDA:0,(anonymous_18)
FNDA:0,(anonymous_19)
FNDA:0,(anonymous_20)
FNDA:0,(anonymous_21)
FNDA:0,(anonymous_22)
FNDA:0,(anonymous_23)
FNDA:0,(anonymous_24)
FNDA:0,(anonymous_25)
FNDA:0,(anonymous_26)
FNDA:0,(anonymous_27)
FNDA:0,(anonymous_28)
FNDA:0,(anonymous_29)
FNDA:0,(anonymous_30)
FNDA:0,(anonymous_31)
FNDA:0,(anonymous_32)
FNDA:0,(anonymous_33)
FNDA:0,(anonymous_34)
FNDA:0,(anonymous_35)
FNDA:0,(anonymous_36)
FNDA:0,(anonymous_37)
FNDA:0,(anonymous_38)
DA:1,1
DA:2,1
DA:3,1
DA:4,1
DA:5,1
DA:6,1
DA:7,1
DA:11,1
DA:13,0
DA:15,0
DA:16,0
DA:18,0
DA:19,0
DA:21,0
DA:22,0
DA:25,0
DA:26,0
DA:29,0
DA:30,0
DA:33,0
DA:34,0
DA:37,0
DA:41,0
DA:42,0
DA:44,0
DA:45,0
DA:47,0
DA:48,0
DA:50,0
DA:52,0
DA:54,0
DA:56,0
DA:64,0
DA:66,0
DA:67,0
DA:68,0
DA:70,0
DA:71,0
DA:73,0
DA:76,0
DA:78,0
DA:80,0
DA:82,0
DA:88,0
DA:89,0
DA:90,0
DA:92,0
DA:95,0
DA:96,0
DA:100,0
DA:101,0
DA:104,0
DA:106,0
DA:107,0
DA:108,0
DA:110,0
DA:112,0
DA:115,0
DA:116,0
DA:120,0
DA:121,0
DA:123,0
DA:125,0
DA:129,0
DA:131,0
DA:137,0
DA:142,0
DA:146,0
DA:148,0
DA:152,0
DA:154,0
DA:160,0
DA:162,0
DA:168,0
DA:170,0
DA:176,0
DA:178,0
DA:184,0
DA:186,0
DA:192,0
DA:194,0
DA:200,0
DA:202,0
DA:208,0
DA:210,0
LF:85
LH:8
BRDA:45,0,0,0
BRDA:45,0,1,0
BRDA:48,1,0,0
BRDA:48,1,1,0
BRDA:50,2,0,0
BRDA:50,2,1,0
BRDA:68,3,0,0
BRDA:68,3,1,0
BRDA:70,4,0,0
BRDA:70,4,1,0
BRDA:71,5,0,0
BRDA:71,5,1,0
BRDA:73,6,0,0
BRDA:73,6,1,0
BRDA:76,7,0,0
BRDA:76,7,1,0
BRDA:108,8,0,0
BRDA:108,8,1,0
BRDA:115,9,0,0
BRDA:115,9,1,0
BRDA:132,10,0,0
BRDA:132,10,1,0
BRDA:131,11,0,0
BRDA:131,11,1,0
BRDA:154,12,0,0
BRDA:154,12,1,0
BRDA:162,13,0,0
BRDA:162,13,1,0
BRDA:170,14,0,0
BRDA:170,14,1,0
BRDA:178,15,0,0
BRDA:178,15,1,0
BRDA:186,16,0,0
BRDA:186,16,1,0
BRDA:194,17,0,0
BRDA:194,17,1,0
BRDA:202,18,0,0
BRDA:202,18,1,0
BRDA:210,19,0,0
BRDA:210,19,1,0
BRF:40
BRH:0
end_of_record
TN:
SF:C:\pets\mouselord\grider\src\entities\polygons\area\workers\entities\centers-matrix\index.ts
FNF:0
FNH:0
DA:1,1
LF:1
LH:1
BRF:0
BRH:0
end_of_record
TN:
SF:C:\pets\mouselord\grider\src\entities\polygons\area\workers\entities\centers-matrix\utils\build-matrix.ts
FN:3,buildMatrix
FN:8,(anonymous_1)
FN:12,(anonymous_2)
FN:14,(anonymous_3)
FN:27,(anonymous_4)
FN:30,(anonymous_5)
FNF:6
FNH:0
FNDA:0,buildMatrix
FNDA:0,(anonymous_1)
FNDA:0,(anonymous_2)
FNDA:0,(anonymous_3)
FNDA:0,(anonymous_4)
FNDA:0,(anonymous_5)
DA:3,1
DA:7,0
DA:8,0
DA:11,0
DA:12,0
DA:13,0
DA:14,0
DA:16,0
DA:17,0
DA:18,0
DA:19,0
DA:21,0
DA:22,0
DA:24,0
DA:27,0
DA:30,0
DA:31,0
DA:32,0
DA:34,0
DA:39,0
LF:20
LH:1
BRDA:8,0,0,0
BRDA:8,0,1,0
BRDA:35,1,0,0
BRDA:35,1,1,0
BRF:4
BRH:0
end_of_record
TN:
SF:C:\pets\mouselord\grider\src\entities\polygons\area\workers\entities\centers-matrix\utils\is-anti-meridian.ts
FN:3,isOnAntiMeridian
FN:7,(anonymous_1)
FNF:2
FNH:0
FNDA:0,isOnAntiMeridian
FNDA:0,(anonymous_1)
DA:3,1
DA:4,0
DA:5,0
DA:7,0
DA:8,0
DA:9,0
DA:12,0
DA:13,0
DA:17,0
LF:9
LH:1
BRDA:8,0,0,0
BRDA:8,0,1,0
BRDA:12,1,0,0
BRDA:12,1,1,0
BRF:4
BRH:0
end_of_record
TN:
SF:C:\pets\mouselord\grider\src\entities\polygons\area\workers\entities\centers-matrix\utils\nearest-empties.ts
FN:5,getNearestEmpties
FN:17,(anonymous_1)
FN:24,(anonymous_2)
FN:34,(anonymous_3)
FNF:4
FNH:0
FNDA:0,getNearestEmpties
FNDA:0,(anonymous_1)
FNDA:0,(anonymous_2)
FNDA:0,(anonymous_3)
DA:2,1
DA:3,1
DA:5,1
DA:12,0
DA:13,0
DA:16,0
DA:17,0
DA:19,0
DA:21,0
DA:23,0
DA:25,0
DA:27,0
DA:29,0
DA:31,0
DA:34,0
DA:35,0
DA:38,0
LF:17
LH:3
BRDA:12,0,0,0
BRDA:12,0,1,0
BRDA:17,1,0,0
BRDA:17,1,1,0
BRDA:19,2,0,0
BRDA:19,2,1,0
BRDA:25,3,0,0
BRDA:25,3,1,0
BRDA:27,4,0,0
BRDA:27,4,1,0
BRDA:27,5,0,0
BRDA:27,5,1,0
BRF:12
BRH:0
end_of_record
TN:
SF:C:\pets\mouselord\grider\src\entities\polygons\area\workers\entities\inner-centers-matrix\index.ts
FNF:0
FNH:0
DA:1,1
LF:1
LH:1
BRF:0
BRH:0
end_of_record
TN:
SF:C:\pets\mouselord\grider\src\entities\polygons\area\workers\entities\inner-centers-matrix\inner-centers-matrix.ts
FN:11,(anonymous_0)
FN:12,(anonymous_1)
FN:15,(anonymous_2)
FN:26,(anonymous_3)
FN:35,(anonymous_4)
FN:39,(anonymous_5)
FN:43,(anonymous_6)
FN:47,(anonymous_7)
FNF:8
FNH:0
FNDA:0,(anonymous_0)
FNDA:0,(anonymous_1)
FNDA:0,(anonymous_2)
FNDA:0,(anonymous_3)
FNDA:0,(anonymous_4)
FNDA:0,(anonymous_5)
FNDA:0,(anonymous_6)
FNDA:0,(anonymous_7)
DA:3,1
DA:5,1
DA:6,1
DA:10,1
DA:12,0
DA:19,0
DA:20,0
DA:22,0
DA:30,0
DA:32,0
DA:36,0
DA:40,0
DA:44,0
DA:48,0
DA:50,0
LF:15
LH:4
BRF:0
BRH:0
end_of_record
TN:
SF:C:\pets\mouselord\grider\src\entities\polygons\area\workers\entities\inner-centers-matrix\utils\get-inner-centers.ts
FN:5,getInnerCentersMatrix
FN:14,(anonymous_1)
FN:15,(anonymous_2)
FN:18,(anonymous_3)
FN:24,(anonymous_4)
FN:33,(anonymous_5)
FN:33,(anonymous_6)
FNF:7
FNH:0
FNDA:0,getInnerCentersMatrix
FNDA:0,(anonymous_1)
FNDA:0,(anonymous_2)
FNDA:0,(anonymous_3)
FNDA:0,(anonymous_4)
FNDA:0,(anonymous_5)
FNDA:0,(anonymous_6)
DA:2,1
DA:5,1
DA:12,0
DA:14,0
DA:16,0
DA:18,0
DA:19,0
DA:21,0
DA:23,0
DA:25,0
DA:27,0
DA:29,0
DA:32,0
DA:33,0
DA:36,0
DA:39,0
LF:16
LH:2
BRDA:16,0,0,0
BRDA:16,0,1,0
BRDA:17,1,0,0
BRDA:17,1,1,0
BRDA:18,2,0,0
BRDA:18,2,1,0
BRDA:21,3,0,0
BRDA:21,3,1,0
BRDA:25,4,0,0
BRDA:25,4,1,0
BRDA:27,5,0,0
BRDA:27,5,1,0
BRDA:27,6,0,0
BRDA:27,6,1,0
BRDA:33,7,0,0
BRDA:33,7,1,0
BRDA:36,8,0,0
BRDA:36,8,1,0
BRF:18
BRH:0
end_of_record
TN:
SF:C:\pets\mouselord\grider\src\entities\polygons\area\workers\entities\outer-centers-matrix\index.ts
FNF:0
FNH:0
DA:1,1
LF:1
LH:1
BRF:0
BRH:0
end_of_record
TN:
SF:C:\pets\mouselord\grider\src\entities\polygons\area\workers\entities\outer-centers-matrix\outer-centers-matrix.ts
FN:11,(anonymous_0)
FN:12,(anonymous_1)
FN:15,(anonymous_2)
FN:23,(anonymous_3)
FN:32,(anonymous_4)
FN:36,(anonymous_5)
FN:40,(anonymous_6)
FN:44,(anonymous_7)
FNF:8
FNH:0
FNDA:0,(anonymous_0)
FNDA:0,(anonymous_1)
FNDA:0,(anonymous_2)
FNDA:0,(anonymous_3)
FNDA:0,(anonymous_4)
FNDA:0,(anonymous_5)
FNDA:0,(anonymous_6)
FNDA:0,(anonymous_7)
DA:1,1
DA:3,1
DA:5,1
DA:6,1
DA:10,1
DA:12,0
DA:16,0
DA:17,0
DA:19,0
DA:27,0
DA:29,0
DA:33,0
DA:37,0
DA:41,0
DA:48,0
DA:50,0
LF:16
LH:5
BRF:0
BRH:0
end_of_record
TN:
SF:C:\pets\mouselord\grider\src\entities\polygons\area\workers\entities\outer-centers-matrix\utils\get-outer-centers.ts
FN:5,getOuterCentersMatrix
FN:17,(anonymous_1)
FN:18,(anonymous_2)
FN:21,(anonymous_3)
FN:34,(anonymous_4)
FN:43,(anonymous_5)
FN:43,(anonymous_6)
FN:50,(anonymous_7)
FNF:8
FNH:0
FNDA:0,getOuterCentersMatrix
FNDA:0,(anonymous_1)
FNDA:0,(anonymous_2)
FNDA:0,(anonymous_3)
FNDA:0,(anonymous_4)
FNDA:0,(anonymous_5)
FNDA:0,(anonymous_6)
FNDA:0,(anonymous_7)
DA:2,1
DA:5,1
DA:12,0
DA:14,0
DA:15,0
DA:17,0
DA:19,0
DA:21,0
DA:22,0
DA:24,0
DA:26,0
DA:31,0
DA:33,0
DA:35,0
DA:37,0
DA:39,0
DA:42,0
DA:43,0
DA:46,0
DA:50,0
DA:51,0
DA:52,0
DA:55,0
DA:57,0
DA:58,0
DA:60,0
LF:26
LH:2
BRDA:19,0,0,0
BRDA:19,0,1,0
BRDA:20,1,0,0
BRDA:20,1,1,0
BRDA:21,2,0,0
BRDA:21,2,1,0
BRDA:24,3,0,0
BRDA:24,3,1,0
BRDA:26,4,0,0
BRDA:26,4,1,0
BRDA:27,5,0,0
BRDA:27,5,1,0
BRDA:27,5,2,0
BRDA:27,5,3,0
BRDA:35,6,0,0
BRDA:35,6,1,0
BRDA:37,7,0,0
BRDA:37,7,1,0
BRDA:37,8,0,0
BRDA:37,8,1,0
BRDA:43,9,0,0
BRDA:43,9,1,0
BRDA:46,10,0,0
BRDA:46,10,1,0
BRF:24
BRH:0
end_of_record
TN:
SF:C:\pets\mouselord\grider\src\entities\polygons\area\workers\entities\poly-matrix\index.ts
FNF:0
FNH:0
DA:1,1
LF:1
LH:1
BRF:0
BRH:0
end_of_record
TN:
SF:C:\pets\mouselord\grider\src\entities\polygons\area\workers\entities\poly-matrix\poly-matrix.ts
FN:16,(anonymous_0)
FN:20,(anonymous_1)
FN:26,(anonymous_2)
FN:36,(anonymous_3)
FN:45,(anonymous_4)
FNF:5
FNH:0
FNDA:0,(anonymous_0)
FNDA:0,(anonymous_1)
FNDA:0,(anonymous_2)
FNDA:0,(anonymous_3)
FNDA:0,(anonymous_4)
DA:3,1
DA:4,1
DA:5,1
DA:6,1
DA:7,1
DA:8,1
DA:10,1
DA:17,0
DA:23,0
DA:33,0
DA:42,0
DA:46,0
LF:12
LH:7
BRDA:40,0,0,0
BRF:1
BRH:0
end_of_record
TN:
SF:C:\pets\mouselord\grider\src\entities\polygons\area\workers\entities\poly-matrix\utils\build-poly.ts
FN:4,buildPoly
FNF:1
FNH:0
FNDA:0,buildPoly
DA:4,1
DA:8,0
DA:9,0
DA:11,0
DA:17,0
DA:18,0
DA:20,0
DA:21,0
DA:23,0
DA:25,0
DA:33,0
DA:34,0
DA:35,0
DA:36,0
DA:39,0
LF:15
LH:1
BRDA:6,0,0,0
BRDA:20,1,0,0
BRDA:20,1,1,0
BRF:3
BRH:0
end_of_record
TN:
SF:C:\pets\mouselord\grider\src\entities\polygons\area\workers\entities\poly-matrix\utils\next-indexes.ts
FN:4,callNextIndexes
FN:15,(anonymous_1)
FN:26,(anonymous_2)
FN:29,(anonymous_3)
FN:33,(anonymous_4)
FNF:5
FNH:0
FNDA:0,callNextIndexes
FNDA:0,(anonymous_1)
FNDA:0,(anonymous_2)
FNDA:0,(anonymous_3)
FNDA:0,(anonymous_4)
DA:4,1
DA:12,0
DA:14,0
DA:16,0
DA:18,0
DA:21,0
DA:25,0
DA:26,0
DA:28,0
DA:29,0
DA:32,0
DA:33,0
DA:36,0
LF:13
LH:1
BRDA:21,0,0,0
BRDA:21,0,1,0
BRDA:22,1,0,0
BRDA:22,1,1,0
BRDA:22,1,2,0
BRDA:26,2,0,0
BRDA:26,2,1,0
BRDA:28,3,0,0
BRDA:28,3,1,0
BRDA:32,4,0,0
BRDA:32,4,1,0
BRDA:33,5,0,0
BRDA:33,5,1,0
BRF:13
BRH:0
end_of_record
TN:
SF:C:\pets\mouselord\grider\src\entities\polygons\area\workers\entities\poly-matrix\utils\next-points.ts
FN:5,getOuterCommonCell
FN:12,(anonymous_1)
FN:18,(anonymous_2)
FN:23,getInnerCommonCell
FN:32,(anonymous_4)
FN:36,(anonymous_5)
FN:41,getNextPoints
FN:50,(anonymous_7)
FN:60,(anonymous_8)
FN:77,(anonymous_9)
FNF:10
FNH:0
FNDA:0,getOuterCommonCell
FNDA:0,(anonymous_1)
FNDA:0,(anonymous_2)
FNDA:0,getInnerCommonCell
FNDA:0,(anonymous_4)
FNDA:0,(anonymous_5)
FNDA:0,getNextPoints
FNDA:0,(anonymous_7)
FNDA:0,(anonymous_8)
FNDA:0,(anonymous_9)
DA:10,0
DA:11,0
DA:12,0
DA:14,0
DA:15,0
DA:17,0
DA:18,0
DA:28,0
DA:29,0
DA:30,0
DA:31,0
DA:32,0
DA:35,0
DA:36,0
DA:41,1
DA:48,0
DA:49,0
DA:50,0
DA:51,0
DA:53,0
DA:57,0
DA:58,0
DA:60,0
DA:61,0
DA:63,0
DA:66,0
DA:70,0
DA:72,0
DA:74,0
DA:76,0
DA:78,0
DA:81,0
DA:82,0
DA:83,0
DA:86,0
LF:35
LH:1
BRDA:10,0,0,0
BRDA:10,0,1,0
BRDA:12,1,0,0
BRDA:12,1,1,0
BRDA:14,2,0,0
BRDA:14,2,1,0
BRDA:28,3,0,0
BRDA:28,3,1,0
BRDA:30,4,0,0
BRDA:30,4,1,0
BRDA:32,5,0,0
BRDA:32,5,1,0
BRDA:46,6,0,0
BRDA:58,7,0,0
BRDA:58,7,1,0
BRDA:63,8,0,0
BRDA:63,8,1,0
BRDA:67,9,0,0
BRDA:67,9,1,0
BRDA:70,10,0,0
BRDA:70,10,1,0
BRDA:74,11,0,0
BRDA:74,11,1,0
BRF:23
BRH:0
end_of_record
TN:
SF:C:\pets\mouselord\grider\src\entities\polygons\area\workers\entities\poly-matrix\utils\start-indexes.ts
FN:5,getStartIndexesTouchedBy
FN:15,(anonymous_1)
FN:19,(anonymous_2)
FNF:3
FNH:0
FNDA:0,getStartIndexesTouchedBy
FNDA:0,(anonymous_1)
FNDA:0,(anonymous_2)
DA:2,1
DA:5,1
DA:12,0
DA:14,0
DA:15,0
DA:16,0
DA:18,0
DA:19,0
DA:20,0
DA:23,0
DA:26,0
LF:11
LH:2
BRDA:16,0,0,0
BRDA:16,0,1,0
BRDA:20,1,0,0
BRDA:20,1,1,0
BRDA:20,1,2,0
BRDA:23,2,0,0
BRDA:23,2,1,0
BRF:7
BRH:0
end_of_record
TN:
SF:C:\pets\mouselord\grider\src\entities\polygons\area\workers\entities\poly-matrix\utils\start-point.ts
FN:4,getStartPoints
FN:16,(anonymous_1)
FN:24,(anonymous_2)
FN:28,(anonymous_3)
FN:42,(anonymous_4)
FN:48,(anonymous_5)
FNF:6
FNH:0
FNDA:0,getStartPoints
FNDA:0,(anonymous_1)
FNDA:0,(anonymous_2)
FNDA:0,(anonymous_3)
FNDA:0,(anonymous_4)
FNDA:0,(anonymous_5)
DA:4,1
DA:12,0
DA:13,0
DA:14,0
DA:16,0
DA:18,0
DA:19,0
DA:21,0
DA:22,0
DA:24,0
DA:25,0
DA:27,0
DA:29,0
DA:35,0
DA:36,0
DA:38,0
DA:43,0
DA:45,0
DA:48,0
DA:49,0
DA:51,0
DA:52,0
DA:56,0
LF:23
LH:1
BRDA:16,0,0,0
BRDA:16,0,1,0
BRDA:30,1,0,0
BRDA:30,1,1,0
BRDA:30,1,2,0
BRDA:30,1,3,0
BRDA:35,2,0,0
BRDA:35,2,1,0
BRDA:36,3,0,0
BRDA:36,3,1,0
BRDA:38,4,0,0
BRDA:38,4,1,0
BRDA:51,5,0,0
BRDA:51,5,1,0
BRDA:51,6,0,0
BRDA:51,6,1,0
BRF:16
BRH:0
end_of_record
TN:
SF:C:\pets\mouselord\grider\src\entities\polygons\area\workers\utils\biggest-set.ts
FN:5,unionNearestCenters
FN:27,(anonymous_1)
FN:34,getBiggestSet
FN:37,(anonymous_3)
FN:38,(anonymous_4)
FN:41,(anonymous_5)
FN:49,(anonymous_6)
FNF:7
FNH:0
FNDA:0,unionNearestCenters
FNDA:0,(anonymous_1)
FNDA:0,getBiggestSet
FNDA:0,(anonymous_3)
FNDA:0,(anonymous_4)
FNDA:0,(anonymous_5)
FNDA:0,(anonymous_6)
DA:1,1
DA:3,1
DA:5,1
DA:11,0
DA:12,0
DA:15,0
DA:17,0
DA:19,0
DA:21,0
DA:23,0
DA:25,0
DA:27,0
DA:28,0
DA:31,0
DA:34,1
DA:37,0
DA:39,0
DA:41,0
DA:43,0
DA:45,0
DA:47,0
DA:49,0
DA:51,0
LF:23
LH:4
BRDA:11,0,0,0
BRDA:11,0,1,0
BRDA:17,1,0,0
BRDA:17,1,1,0
BRDA:19,2,0,0
BRDA:19,2,1,0
BRDA:21,3,0,0
BRDA:21,3,1,0
BRDA:39,4,0,0
BRDA:39,4,1,0
BRDA:41,5,0,0
BRDA:41,5,1,0
BRF:12
BRH:0
end_of_record
TN:
SF:C:\pets\mouselord\grider\src\entities\polygons\area\workers\utils\build-area.ts
FN:10,buildArea
FN:21,(anonymous_1)
FN:25,(anonymous_2)
FN:31,pickBiggestSet
FNF:4
FNH:0
FNDA:0,buildArea
FNDA:0,(anonymous_1)
FNDA:0,(anonymous_2)
FNDA:0,pickBiggestSet
DA:4,1
DA:5,1
DA:6,1
DA:7,1
DA:8,1
DA:10,1
DA:11,0
DA:12,0
DA:14,0
DA:15,0
DA:16,0
DA:17,0
DA:19,0
DA:20,0
DA:21,0
DA:23,0
DA:24,0
DA:25,0
DA:28,0
DA:31,1
DA:32,0
DA:34,0
DA:36,0
LF:23
LH:7
BRDA:11,0,0,0
BRDA:11,0,1,0
BRDA:12,1,0,0
BRDA:12,1,1,0
BRDA:32,2,0,0
BRDA:32,2,1,0
BRF:6
BRH:0
end_of_record
TN:
SF:C:\pets\mouselord\grider\src\entities\polygons\area\workers\utils\calc-top-left.ts
FN:3,calcTopLeft
FN:6,(anonymous_1)
FN:7,(anonymous_2)
FN:10,(anonymous_3)
FNF:4
FNH:0
FNDA:0,calcTopLeft
FNDA:0,(anonymous_1)
FNDA:0,(anonymous_2)
FNDA:0,(anonymous_3)
DA:1,1
DA:3,1
DA:6,0
DA:7,0
DA:9,0
DA:10,0
DA:12,0
DA:14,0
LF:8
LH:2
BRF:0
BRH:0
end_of_record
TN:
SF:C:\pets\mouselord\grider\src\entities\polygons\area\workers\utils\nearest-indexes.ts
FN:3,calcNearestIndexes
FN:25,calcNearestAndTouchedIndexes
FNF:2
FNH:0
FNDA:0,calcNearestIndexes
FNDA:0,calcNearestAndTouchedIndexes
DA:3,1
DA:8,0
DA:15,0
DA:17,0
DA:22,0
DA:25,1
DA:30,0
DA:39,0
DA:41,0
DA:46,0
LF:10
LH:2
BRDA:15,0,0,0
BRDA:15,0,1,0
BRDA:39,1,0,0
BRDA:39,1,1,0
BRF:4
BRH:0
end_of_record
TN:
SF:C:\pets\mouselord\grider\src\entities\polygons\cell\cell.ts
FN:18,(anonymous_0)
FN:22,(anonymous_1)
FN:23,(anonymous_2)
FN:31,(anonymous_3)
FN:64,(anonymous_4)
FN:82,(anonymous_5)
FN:100,(anonymous_6)
FN:118,(anonymous_7)
FN:136,(anonymous_8)
FN:148,(anonymous_9)
FN:160,(anonymous_10)
FN:172,(anonymous_11)
FN:184,(anonymous_12)
FN:188,(anonymous_13)
FN:194,(anonymous_14)
FN:200,(anonymous_15)
FN:205,(anonymous_16)
FN:209,(anonymous_17)
FN:212,(anonymous_18)
FN:218,(anonymous_19)
FN:221,(anonymous_20)
FN:227,(anonymous_21)
FN:235,(anonymous_22)
FN:251,(anonymous_23)
FN:267,(anonymous_24)
FN:268,(anonymous_25)
FN:275,(anonymous_26)
FN:276,(anonymous_27)
FN:283,(anonymous_28)
FN:284,(anonymous_29)
FN:291,(anonymous_30)
FN:292,(anonymous_31)
FN:299,(anonymous_32)
FN:305,(anonymous_33)
FN:311,(anonymous_34)
FN:315,(anonymous_35)
FN:329,(anonymous_36)
FN:335,(anonymous_37)
FN:341,(anonymous_38)
FN:346,(anonymous_39)
FN:362,(anonymous_40)
FN:371,(anonymous_41)
FN:391,(anonymous_42)
FN:395,(anonymous_43)
FN:399,(anonymous_44)
FNF:45
FNH:0
FNDA:0,(anonymous_0)
FNDA:0,(anonymous_1)
FNDA:0,(anonymous_2)
FNDA:0,(anonymous_3)
FNDA:0,(anonymous_4)
FNDA:0,(anonymous_5)
FNDA:0,(anonymous_6)
FNDA:0,(anonymous_7)
FNDA:0,(anonymous_8)
FNDA:0,(anonymous_9)
FNDA:0,(anonymous_10)
FNDA:0,(anonymous_11)
FNDA:0,(anonymous_12)
FNDA:0,(anonymous_13)
FNDA:0,(anonymous_14)
FNDA:0,(anonymous_15)
FNDA:0,(anonymous_16)
FNDA:0,(anonymous_17)
FNDA:0,(anonymous_18)
FNDA:0,(anonymous_19)
FNDA:0,(anonymous_20)
FNDA:0,(anonymous_21)
FNDA:0,(anonymous_22)
FNDA:0,(anonymous_23)
FNDA:0,(anonymous_24)
FNDA:0,(anonymous_25)
FNDA:0,(anonymous_26)
FNDA:0,(anonymous_27)
FNDA:0,(anonymous_28)
FNDA:0,(anonymous_29)
FNDA:0,(anonymous_30)
FNDA:0,(anonymous_31)
FNDA:0,(anonymous_32)
FNDA:0,(anonymous_33)
FNDA:0,(anonymous_34)
FNDA:0,(anonymous_35)
FNDA:0,(anonymous_36)
FNDA:0,(anonymous_37)
FNDA:0,(anonymous_38)
FNDA:0,(anonymous_39)
FNDA:0,(anonymous_40)
FNDA:0,(anonymous_41)
FNDA:0,(anonymous_42)
FNDA:0,(anonymous_43)
FNDA:0,(anonymous_44)
DA:2,1
DA:5,1
DA:6,1
DA:8,1
DA:10,1
DA:11,1
DA:12,1
DA:14,1
DA:21,0
DA:22,0
DA:23,0
DA:25,0
DA:27,0
DA:28,0
DA:50,0
DA:52,0
DA:73,0
DA:75,0
DA:91,0
DA:93,0
DA:109,0
DA:111,0
DA:127,0
DA:129,0
DA:141,0
DA:143,0
DA:153,0
DA:155,0
DA:165,0
DA:167,0
DA:177,0
DA:179,0
DA:185,0
DA:189,0
DA:191,0
DA:195,0
DA:197,0
DA:201,0
DA:208,0
DA:209,0
DA:215,0
DA:221,0
DA:225,0
DA:227,0
DA:228,0
DA:231,0
DA:236,0
DA:237,0
DA:238,0
DA:240,0
DA:241,0
DA:244,0
DA:245,0
DA:248,0
DA:252,0
DA:253,0
DA:254,0
DA:256,0
DA:257,0
DA:260,0
DA:261,0
DA:264,0
DA:268,0
DA:270,0
DA:272,0
DA:276,0
DA:278,0
DA:280,0
DA:284,0
DA:286,0
DA:288,0
DA:292,0
DA:294,0
DA:296,0
DA:300,0
DA:302,0
DA:306,0
DA:308,0
DA:312,0
DA:316,0
DA:317,0
DA:318,0
DA:320,0
DA:330,0
DA:332,0
DA:336,0
DA:338,0
DA:342,0
DA:344,0
DA:346,0
DA:350,0
DA:352,0
DA:353,0
DA:355,0
DA:358,0
DA:361,0
DA:362,0
DA:364,0
DA:366,0
DA:368,0
DA:375,0
DA:377,0
DA:378,0
DA:380,0
DA:382,0
DA:384,0
DA:386,0
DA:388,0
DA:392,0
DA:396,0
DA:400,0
DA:402,0
LF:112
LH:8
BRDA:53,0,0,0
BRDA:53,0,1,0
BRDA:55,1,0,0
BRDA:55,1,1,0
BRDA:57,2,0,0
BRDA:57,2,1,0
BRDA:59,3,0,0
BRDA:59,3,1,0
BRDA:76,4,0,0
BRDA:76,4,1,0
BRDA:77,5,0,0
BRDA:77,5,1,0
BRDA:78,6,0,0
BRDA:78,6,1,0
BRDA:94,7,0,0
BRDA:94,7,1,0
BRDA:95,8,0,0
BRDA:95,8,1,0
BRDA:96,9,0,0
BRDA:96,9,1,0
BRDA:112,10,0,0
BRDA:112,10,1,0
BRDA:113,11,0,0
BRDA:113,11,1,0
BRDA:114,12,0,0
BRDA:114,12,1,0
BRDA:130,13,0,0
BRDA:130,13,1,0
BRDA:131,14,0,0
BRDA:131,14,1,0
BRDA:132,15,0,0
BRDA:132,15,1,0
BRDA:227,16,0,0
BRDA:227,16,1,0
BRDA:227,17,0,0
BRDA:227,17,1,0
BRDA:240,18,0,0
BRDA:240,18,1,0
BRDA:244,19,0,0
BRDA:244,19,1,0
BRDA:256,20,0,0
BRDA:256,20,1,0
BRDA:260,21,0,0
BRDA:260,21,1,0
BRDA:270,22,0,0
BRDA:270,22,1,0
BRDA:278,23,0,0
BRDA:278,23,1,0
BRDA:286,24,0,0
BRDA:286,24,1,0
BRDA:294,25,0,0
BRDA:294,25,1,0
BRDA:344,26,0,0
BRDA:344,26,1,0
BRDA:352,27,0,0
BRDA:352,27,1,0
BRDA:364,28,0,0
BRDA:364,28,1,0
BRDA:382,29,0,0
BRDA:382,29,1,0
BRDA:386,30,0,0
BRDA:386,30,1,0
BRF:62
BRH:0
end_of_record
TN:
SF:C:\pets\mouselord\grider\src\entities\polygons\cell\index.ts
FNF:0
FNH:0
DA:1,1
LF:1
LH:1
BRF:0
BRH:0
end_of_record
TN:
SF:C:\pets\mouselord\grider\src\entities\polygons\cell\utils\cell-expander.ts
FN:3,getHexPoints
FN:33,getRectPoints
FN:51,expand
FNF:3
FNH:0
FNDA:0,getHexPoints
FNDA:0,getRectPoints
FNDA:0,expand
DA:6,0
DA:36,0
DA:51,1
DA:54,0
DA:56,0
DA:57,0
DA:59,0
LF:7
LH:1
BRDA:56,0,0,0
BRDA:56,0,1,0
BRF:2
BRH:0
end_of_record
TN:
SF:C:\pets\mouselord\grider\src\entities\polygons\cell\utils\common-points.ts
FN:4,getRectCommonPointsIndexes
FN:31,getHexCommonPointsIndexes
FN:54,getCommonPoints
FN:80,(anonymous_3)
FNF:4
FNH:0
FNDA:0,getRectCommonPointsIndexes
FNDA:0,getHexCommonPointsIndexes
FNDA:0,getCommonPoints
FNDA:0,(anonymous_3)
DA:8,0
DA:9,0
DA:10,0
DA:11,0
DA:12,0
DA:13,0
DA:14,0
DA:15,0
DA:16,0
DA:17,0
DA:18,0
DA:19,0
DA:20,0
DA:21,0
DA:22,0
DA:23,0
DA:24,0
DA:25,0
DA:27,0
DA:35,0
DA:36,0
DA:37,0
DA:38,0
DA:39,0
DA:40,0
DA:41,0
DA:42,0
DA:43,0
DA:44,0
DA:45,0
DA:46,0
DA:47,0
DA:48,0
DA:50,0
DA:54,1
DA:58,0
DA:60,0
DA:65,0
DA:66,0
DA:67,0
DA:69,0
DA:70,0
DA:72,0
DA:73,0
DA:76,0
DA:80,0
LF:46
LH:1
BRDA:8,0,0,0
BRDA:8,0,1,0
BRDA:8,1,0,0
BRDA:8,1,1,0
BRDA:10,2,0,0
BRDA:10,2,1,0
BRDA:10,3,0,0
BRDA:10,3,1,0
BRDA:12,4,0,0
BRDA:12,4,1,0
BRDA:12,5,0,0
BRDA:12,5,1,0
BRDA:14,6,0,0
BRDA:14,6,1,0
BRDA:14,7,0,0
BRDA:14,7,1,0
BRDA:16,8,0,0
BRDA:16,8,1,0
BRDA:16,9,0,0
BRDA:16,9,1,0
BRDA:18,10,0,0
BRDA:18,10,1,0
BRDA:18,11,0,0
BRDA:18,11,1,0
BRDA:20,12,0,0
BRDA:20,12,1,0
BRDA:20,13,0,0
BRDA:20,13,1,0
BRDA:22,14,0,0
BRDA:22,14,1,0
BRDA:22,15,0,0
BRDA:22,15,1,0
BRDA:24,16,0,0
BRDA:24,16,1,0
BRDA:24,17,0,0
BRDA:24,17,1,0
BRDA:35,18,0,0
BRDA:35,18,1,0
BRDA:35,19,0,0
BRDA:35,19,1,0
BRDA:37,20,0,0
BRDA:37,20,1,0
BRDA:37,21,0,0
BRDA:37,21,1,0
BRDA:39,22,0,0
BRDA:39,22,1,0
BRDA:39,23,0,0
BRDA:39,23,1,0
BRDA:41,24,0,0
BRDA:41,24,1,0
BRDA:41,25,0,0
BRDA:41,25,1,0
BRDA:43,26,0,0
BRDA:43,26,1,0
BRDA:43,27,0,0
BRDA:43,27,1,0
BRDA:45,28,0,0
BRDA:45,28,1,0
BRDA:45,29,0,0
BRDA:45,29,1,0
BRDA:47,30,0,0
BRDA:47,30,1,0
BRDA:47,31,0,0
BRDA:47,31,1,0
BRDA:65,32,0,0
BRDA:65,32,1,0
BRDA:77,33,0,0
BRDA:77,33,1,0
BRF:68
BRH:0
end_of_record
TN:
SF:C:\pets\mouselord\grider\src\entities\polygons\cell\utils\intersected-neighbors.ts
FN:4,getIntersectedWithSegmentNeighbor
FNF:1
FNH:0
FNDA:0,getIntersectedWithSegmentNeighbor
DA:4,1
DA:8,0
DA:10,0
DA:11,0
DA:14,0
DA:15,0
DA:16,0
DA:18,0
DA:19,0
LF:9
LH:1
BRDA:10,0,0,0
BRDA:10,0,1,0
BRDA:18,1,0,0
BRDA:18,1,1,0
BRF:4
BRH:0
end_of_record
TN:
SF:C:\pets\mouselord\grider\src\entities\polygons\figure\figure.ts
FN:74,(anonymous_0)
FN:12,(anonymous_1)
FN:20,(anonymous_2)
FN:28,(anonymous_3)
FN:49,(anonymous_4)
FNF:5
FNH:0
FNDA:0,(anonymous_0)
FNDA:0,(anonymous_1)
FNDA:0,(anonymous_2)
FNDA:0,(anonymous_3)
FNDA:0,(anonymous_4)
DA:3,1
DA:5,1
DA:7,1
DA:9,1
DA:13,0
DA:15,0
DA:17,0
DA:21,0
DA:22,0
DA:25,0
DA:33,0
DA:34,0
DA:37,0
DA:39,0
DA:41,0
DA:53,0
DA:54,0
DA:62,0
DA:63,0
DA:65,0
DA:71,0
DA:76,0
DA:77,0
DA:78,0
DA:80,0
LF:25
LH:4
BRDA:13,0,0,0
BRDA:13,0,1,0
BRDA:21,1,0,0
BRDA:21,1,1,0
BRDA:31,2,0,0
BRDA:33,3,0,0
BRDA:33,3,1,0
BRDA:53,4,0,0
BRDA:53,4,1,0
BRDA:53,5,0,0
BRDA:53,5,1,0
BRDA:62,6,0,0
BRDA:62,6,1,0
BRF:13
BRH:0
end_of_record
TN:
SF:C:\pets\mouselord\grider\src\entities\polygons\figure\index.ts
FNF:0
FNH:0
DA:1,1
LF:1
LH:1
BRF:0
BRH:0
end_of_record
TN:
SF:C:\pets\mouselord\grider\src\entities\polygons\figure\utils\figure-worker.ts
FN:11,(anonymous_1)
FN:15,(anonymous_2)
FN:19,(anonymous_3)
FN:28,(anonymous_4)
FN:37,(anonymous_5)
FN:40,(anonymous_6)
FN:56,(anonymous_7)
FN:57,(anonymous_8)
FNF:8
FNH:0
FNDA:0,(anonymous_1)
FNDA:0,(anonymous_2)
FNDA:0,(anonymous_3)
FNDA:0,(anonymous_4)
FNDA:0,(anonymous_5)
FNDA:0,(anonymous_6)
FNDA:0,(anonymous_7)
FNDA:0,(anonymous_8)
DA:1,1
DA:2,1
DA:5,1
DA:6,1
DA:8,1
DA:12,0
DA:16,0
DA:20,0
DA:29,0
DA:37,0
DA:44,0
DA:55,0
DA:56,0
DA:57,0
LF:14
LH:5
BRF:0
BRH:0
end_of_record
TN:
SF:C:\pets\mouselord\grider\src\entities\polygons\figure\workers\build-poly.worker.ts
FN:12,(anonymous_0)
FN:43,(anonymous_1)
FN:58,(anonymous_2)
FN:59,(anonymous_3)
FNF:4
FNH:0
FNDA:0,(anonymous_0)
FNDA:0,(anonymous_1)
FNDA:0,(anonymous_2)
FNDA:0,(anonymous_3)
DA:1,1
DA:2,1
DA:3,1
DA:4,1
DA:5,1
DA:7,1
DA:9,1
DA:12,1
DA:15,0
DA:19,0
DA:20,0
DA:22,0
DA:24,0
DA:26,0
DA:29,0
DA:30,0
DA:32,0
DA:37,0
DA:43,0
DA:46,0
DA:47,0
DA:52,0
DA:54,0
DA:55,0
DA:57,0
DA:58,0
DA:59,0
DA:64,1
LF:28
LH:9
BRDA:19,0,0,0
BRDA:19,0,1,0
BRDA:29,1,0,0
BRDA:29,1,1,0
BRDA:30,2,0,0
BRDA:30,2,1,0
BRDA:46,3,0,0
BRDA:46,3,1,0
BRF:8
BRH:0
end_of_record
TN:
SF:C:\pets\mouselord\grider\src\entities\polygons\figure\workers\utils\calc-figure-points.ts
FN:16,getFigurePointsFromCell
FN:63,calcSidePoints
FN:122,buildFigurePoints
FN:135,(anonymous_3)
FNF:4
FNH:0
FNDA:0,getFigurePointsFromCell
FNDA:0,calcSidePoints
FNDA:0,buildFigurePoints
FNDA:0,(anonymous_3)
DA:4,1
DA:7,1
DA:10,1
DA:11,1
DA:23,0
DA:24,0
DA:25,0
DA:26,0
DA:27,0
DA:29,0
DA:30,0
DA:32,0
DA:33,0
DA:34,0
DA:35,0
DA:37,0
DA:40,0
DA:41,0
DA:42,0
DA:44,0
DA:45,0
DA:48,0
DA:52,0
DA:53,0
DA:56,0
DA:57,0
DA:60,0
DA:70,0
DA:71,0
DA:74,0
DA:75,0
DA:77,0
DA:78,0
DA:81,0
DA:84,0
DA:86,0
DA:88,0
DA:89,0
DA:90,0
DA:93,0
DA:95,0
DA:96,0
DA:98,0
DA:100,0
DA:101,0
DA:104,0
DA:112,0
DA:114,0
DA:116,0
DA:119,0
DA:122,1
DA:127,0
DA:128,0
DA:131,0
DA:133,0
DA:135,0
DA:138,0
DA:140,0
LF:58
LH:5
BRDA:29,0,0,0
BRDA:29,0,1,0
BRDA:32,1,0,0
BRDA:32,1,1,0
BRDA:40,2,0,0
BRDA:40,2,1,0
BRDA:41,3,0,0
BRDA:41,3,1,0
BRDA:44,4,0,0
BRDA:44,4,1,0
BRDA:49,5,0,0
BRDA:49,5,1,0
BRDA:54,6,0,0
BRDA:54,6,1,0
BRDA:74,7,0,0
BRDA:74,7,1,0
BRDA:77,8,0,0
BRDA:77,8,1,0
BRDA:84,9,0,0
BRDA:84,9,1,0
BRDA:88,10,0,0
BRDA:88,10,1,0
BRDA:89,11,0,0
BRDA:89,11,1,0
BRDA:93,12,0,0
BRDA:93,12,1,0
BRDA:98,13,0,0
BRDA:98,13,1,0
BRDA:100,14,0,0
BRDA:100,14,1,0
BRDA:100,15,0,0
BRDA:100,15,1,0
BRDA:116,16,0,0
BRDA:116,16,1,0
BRDA:127,17,0,0
BRDA:127,17,1,0
BRDA:133,18,0,0
BRDA:133,18,1,0
BRF:38
BRH:0
end_of_record
TN:
SF:C:\pets\mouselord\grider\src\entities\polygons\figure\workers\utils\cells-invalid-for-figure.ts
FN:6,getClosestToPeakCells
FN:26,(anonymous_1)
FN:27,(anonymous_2)
FN:40,getInvalidCells
FN:44,(anonymous_4)
FN:50,(anonymous_5)
FN:58,(anonymous_6)
FN:63,(anonymous_7)
FN:64,(anonymous_8)
FN:71,(anonymous_9)
FN:72,(anonymous_10)
FNF:11
FNH:0
FNDA:0,getClosestToPeakCells
FNDA:0,(anonymous_1)
FNDA:0,(anonymous_2)
FNDA:0,getInvalidCells
FNDA:0,(anonymous_4)
FNDA:0,(anonymous_5)
FNDA:0,(anonymous_6)
FNDA:0,(anonymous_7)
FNDA:0,(anonymous_8)
FNDA:0,(anonymous_9)
FNDA:0,(anonymous_10)
DA:3,1
DA:12,0
DA:13,0
DA:18,0
DA:19,0
DA:22,0
DA:26,0
DA:27,0
DA:29,0
DA:30,0
DA:32,0
DA:33,0
DA:37,0
DA:40,1
DA:44,0
DA:49,0
DA:50,0
DA:51,0
DA:52,0
DA:55,0
DA:58,0
DA:62,0
DA:63,0
DA:64,0
DA:67,0
DA:69,0
DA:71,0
DA:72,0
DA:75,0
DA:77,0
LF:30
LH:2
BRDA:10,0,0,0
BRDA:20,1,0,0
BRDA:20,1,1,0
BRDA:23,2,0,0
BRDA:23,2,1,0
BRDA:26,3,0,0
BRDA:26,3,1,0
BRDA:27,4,0,0
BRDA:27,4,1,0
BRDA:29,5,0,0
BRDA:29,5,1,0
BRDA:29,6,0,0
BRDA:29,6,1,0
BRDA:32,7,0,0
BRDA:32,7,1,0
BRDA:32,8,0,0
BRDA:32,8,1,0
BRDA:51,9,0,0
BRDA:51,9,1,0
BRDA:51,10,0,0
BRDA:51,10,1,0
BRF:21
BRH:0
end_of_record
TN:
SF:C:\pets\mouselord\grider\src\entities\polygons\figure\workers\utils\clean-figure.ts
FN:3,indexatePoints
FN:6,(anonymous_1)
FN:26,pickIndexes
FN:27,(anonymous_3)
FN:50,calcSplitIndexes
FN:60,(anonymous_5)
FN:92,(anonymous_6)
FN:119,calcSliceIndexes
FN:125,(anonymous_8)
FN:130,(anonymous_9)
FN:131,(anonymous_10)
FN:149,clearPoints
FN:153,(anonymous_12)
FN:168,cleanFigure
FNF:14
FNH:0
FNDA:0,indexatePoints
FNDA:0,(anonymous_1)
FNDA:0,pickIndexes
FNDA:0,(anonymous_3)
FNDA:0,calcSplitIndexes
FNDA:0,(anonymous_5)
FNDA:0,(anonymous_6)
FNDA:0,calcSliceIndexes
FNDA:0,(anonymous_8)
FNDA:0,(anonymous_9)
FNDA:0,(anonymous_10)
FNDA:0,clearPoints
FNDA:0,(anonymous_12)
FNDA:0,cleanFigure
DA:6,0
DA:11,0
DA:13,0
DA:15,0
DA:16,0
DA:17,0
DA:18,0
DA:20,0
DA:22,0
DA:27,0
DA:32,0
DA:34,0
DA:35,0
DA:37,0
DA:39,0
DA:40,0
DA:42,0
DA:44,0
DA:47,0
DA:57,0
DA:59,0
DA:70,0
DA:72,0
DA:74,0
DA:75,0
DA:78,0
DA:79,0
DA:81,0
DA:85,0
DA:86,0
DA:87,0
DA:90,0
DA:92,0
DA:96,0
DA:98,0
DA:99,0
DA:101,0
DA:102,0
DA:103,0
DA:104,0
DA:108,0
DA:109,0
DA:112,0
DA:123,0
DA:128,0
DA:130,0
DA:137,0
DA:139,0
DA:140,0
DA:141,0
DA:143,0
DA:145,0
DA:153,0
DA:156,0
DA:158,0
DA:159,0
DA:161,0
DA:162,0
DA:165,0
DA:168,1
DA:169,0
DA:170,0
DA:171,0
DA:173,0
LF:64
LH:1
BRDA:15,0,0,0
BRDA:15,0,1,0
BRDA:17,1,0,0
BRDA:17,1,1,0
BRDA:32,2,0,0
BRDA:32,2,1,0
BRDA:44,3,0,0
BRDA:44,3,1,0
BRDA:72,4,0,0
BRDA:72,4,1,0
BRDA:74,5,0,0
BRDA:74,5,1,0
BRDA:81,6,0,0
BRDA:81,6,1,0
BRDA:81,6,2,0
BRDA:85,7,0,0
BRDA:85,7,1,0
BRDA:96,8,0,0
BRDA:96,8,1,0
BRDA:101,9,0,0
BRDA:101,9,1,0
BRDA:101,10,0,0
BRDA:101,10,1,0
BRDA:103,11,0,0
BRDA:103,11,1,0
BRDA:103,12,0,0
BRDA:103,12,1,0
BRDA:108,13,0,0
BRDA:108,13,1,0
BRDA:137,14,0,0
BRDA:137,14,1,0
BRDA:140,15,0,0
BRDA:140,15,1,0
BRDA:161,16,0,0
BRDA:161,16,1,0
BRF:35
BRH:0
end_of_record
TN:
SF:C:\pets\mouselord\grider\src\entities\polygons\figure\workers\utils\start-point-finder.ts
FN:8,checkStartPoint
FN:22,(anonymous_1)
FN:23,(anonymous_2)
FN:27,findFirstPointOfAllCellPoints
FN:36,(anonymous_4)
FN:56,findFirstPointOfSomeCellPoints
FN:66,(anonymous_6)
FN:77,(anonymous_7)
FN:88,findFirstPointForCell
FN:113,findStartPointForSide
FN:137,recalcStartCell
FNF:11
FNH:0
FNDA:0,checkStartPoint
FNDA:0,(anonymous_1)
FNDA:0,(anonymous_2)
FNDA:0,findFirstPointOfAllCellPoints
FNDA:0,(anonymous_4)
FNDA:0,findFirstPointOfSomeCellPoints
FNDA:0,(anonymous_6)
FNDA:0,(anonymous_7)
FNDA:0,findFirstPointForCell
FNDA:0,findStartPointForSide
FNDA:0,recalcStartCell
DA:3,1
DA:5,1
DA:13,0
DA:15,0
DA:17,0
DA:18,0
DA:19,0
DA:20,0
DA:22,0
DA:23,0
DA:32,0
DA:33,0
DA:34,0
DA:36,0
DA:40,0
DA:42,0
DA:43,0
DA:45,0
DA:47,0
DA:49,0
DA:50,0
DA:52,0
DA:61,0
DA:62,0
DA:63,0
DA:66,0
DA:69,0
DA:70,0
DA:71,0
DA:73,0
DA:74,0
DA:76,0
DA:77,0
DA:80,0
DA:82,0
DA:83,0
DA:85,0
DA:94,0
DA:98,0
DA:100,0
DA:101,0
DA:103,0
DA:106,0
DA:107,0
DA:110,0
DA:113,1
DA:119,0
DA:120,0
DA:122,0
DA:126,0
DA:127,0
DA:129,0
DA:131,0
DA:134,0
DA:137,1
DA:142,0
DA:143,0
DA:145,0
DA:146,0
DA:148,0
DA:150,0
DA:151,0
DA:153,0
DA:155,0
DA:156,0
DA:158,0
DA:160,0
DA:163,0
LF:68
LH:4
BRDA:17,0,0,0
BRDA:17,0,1,0
BRDA:19,1,0,0
BRDA:19,1,1,0
BRDA:40,2,0,0
BRDA:40,2,1,0
BRDA:45,3,0,0
BRDA:45,3,1,0
BRDA:45,4,0,0
BRDA:45,4,1,0
BRDA:52,5,0,0
BRDA:52,5,1,0
BRDA:63,6,0,0
BRDA:63,6,1,0
BRDA:76,7,0,0
BRDA:76,7,1,0
BRDA:80,8,0,0
BRDA:80,8,1,0
BRDA:85,9,0,0
BRDA:85,9,1,0
BRDA:92,10,0,0
BRDA:95,11,0,0
BRDA:95,11,1,0
BRDA:98,12,0,0
BRDA:98,12,1,0
BRDA:100,13,0,0
BRDA:100,13,1,0
BRDA:103,14,0,0
BRDA:103,14,1,0
BRDA:106,15,0,0
BRDA:106,15,1,0
BRDA:122,16,0,0
BRDA:122,16,1,0
BRDA:126,17,0,0
BRDA:126,17,1,0
BRDA:126,17,2,0
BRDA:129,18,0,0
BRDA:129,18,1,0
BRDA:148,19,0,0
BRDA:148,19,1,0
BRDA:150,20,0,0
BRDA:150,20,1,0
BRDA:150,20,2,0
BRDA:153,21,0,0
BRDA:153,21,1,0
BRDA:156,22,0,0
BRDA:156,22,1,0
BRDA:158,23,0,0
BRDA:158,23,1,0
BRF:49
BRH:0
end_of_record
TN:
SF:C:\pets\mouselord\grider\src\entities\polygons\geo-polygon\geo-polygon.ts
FN:8,(anonymous_0)
FN:14,(anonymous_1)
FN:20,(anonymous_2)
FN:21,(anonymous_3)
FN:31,(anonymous_4)
FN:41,(anonymous_5)
FN:42,(anonymous_6)
FN:59,(anonymous_7)
FN:63,(anonymous_8)
FN:67,(anonymous_9)
FN:76,(anonymous_10)
FN:77,(anonymous_11)
FN:85,(anonymous_12)
FN:86,(anonymous_13)
FN:89,(anonymous_14)
FN:90,(anonymous_15)
FN:93,(anonymous_16)
FN:94,(anonymous_17)
FN:97,(anonymous_18)
FN:98,(anonymous_19)
FN:101,(anonymous_20)
FN:104,(anonymous_21)
FN:110,(anonymous_22)
FN:122,(anonymous_23)
FN:123,(anonymous_24)
FN:130,(anonymous_25)
FN:131,(anonymous_26)
FN:141,(anonymous_27)
FN:142,(anonymous_28)
FN:152,(anonymous_29)
FN:153,(anonymous_30)
FN:163,(anonymous_31)
FN:164,(anonymous_32)
FN:174,(anonymous_33)
FN:175,(anonymous_34)
FN:178,(anonymous_35)
FN:183,(anonymous_36)
FN:187,(anonymous_37)
FN:200,(anonymous_38)
FN:203,(anonymous_39)
FN:204,(anonymous_40)
FNF:41
FNH:4
FNDA:80,(anonymous_0)
FNDA:0,(anonymous_1)
FNDA:0,(anonymous_2)
FNDA:0,(anonymous_3)
FNDA:0,(anonymous_4)
FNDA:0,(anonymous_5)
FNDA:0,(anonymous_6)
FNDA:20,(anonymous_7)
FNDA:0,(anonymous_8)
FNDA:0,(anonymous_9)
FNDA:0,(anonymous_10)
FNDA:0,(anonymous_11)
FNDA:0,(anonymous_12)
FNDA:0,(anonymous_13)
FNDA:0,(anonymous_14)
FNDA:0,(anonymous_15)
FNDA:0,(anonymous_16)
FNDA:0,(anonymous_17)
FNDA:0,(anonymous_18)
FNDA:0,(anonymous_19)
FNDA:0,(anonymous_20)
FNDA:0,(anonymous_21)
FNDA:0,(anonymous_22)
FNDA:0,(anonymous_23)
FNDA:0,(anonymous_24)
FNDA:0,(anonymous_25)
FNDA:0,(anonymous_26)
FNDA:0,(anonymous_27)
FNDA:0,(anonymous_28)
FNDA:0,(anonymous_29)
FNDA:0,(anonymous_30)
FNDA:0,(anonymous_31)
FNDA:0,(anonymous_32)
FNDA:0,(anonymous_33)
FNDA:0,(anonymous_34)
FNDA:0,(anonymous_35)
FNDA:0,(anonymous_36)
FNDA:0,(anonymous_37)
FNDA:0,(anonymous_38)
FNDA:5,(anonymous_39)
FNDA:20,(anonymous_40)
DA:1,1
DA:2,1
DA:3,1
DA:5,1
DA:9,80
DA:11,80
DA:15,0
DA:17,0
DA:21,0
DA:25,0
DA:27,0
DA:29,0
DA:31,0
DA:32,0
DA:35,0
DA:38,0
DA:42,0
DA:46,0
DA:48,0
DA:49,0
DA:50,0
DA:53,0
DA:56,0
DA:60,20
DA:64,0
DA:68,0
DA:70,0
DA:71,0
DA:73,0
DA:77,0
DA:78,0
DA:79,0
DA:81,0
DA:86,0
DA:90,0
DA:94,0
DA:98,0
DA:102,0
DA:104,0
DA:107,0
DA:111,0
DA:113,0
DA:115,0
DA:117,0
DA:119,0
DA:123,0
DA:124,0
DA:126,0
DA:131,0
DA:134,0
DA:142,0
DA:145,0
DA:153,0
DA:156,0
DA:164,0
DA:167,0
DA:175,0
DA:179,0
DA:181,0
DA:183,0
DA:188,0
DA:193,0
DA:198,0
DA:200,0
DA:204,20
LF:65
LH:8
BRDA:27,0,0,0
BRDA:27,0,1,0
BRDA:31,1,0,0
BRDA:31,1,1,0
BRDA:48,2,0,0
BRDA:48,2,1,0
BRDA:107,3,0,0
BRDA:107,3,1,0
BRDA:111,4,0,0
BRDA:111,4,1,0
BRDA:113,5,0,0
BRDA:113,5,1,0
BRDA:117,6,0,0
BRDA:117,6,1,0
BRDA:126,7,0,0
BRDA:126,7,1,0
BRDA:135,8,0,0
BRDA:135,8,1,0
BRDA:146,9,0,0
BRDA:146,9,1,0
BRDA:157,10,0,0
BRDA:157,10,1,0
BRDA:168,11,0,0
BRDA:168,11,1,0
BRDA:198,12,0,0
BRDA:198,12,1,0
BRF:26
BRH:0
end_of_record
TN:
SF:C:\pets\mouselord\grider\src\entities\polygons\geo-polygon\index.ts
FNF:0
FNH:0
DA:1,1
LF:1
LH:1
BRF:0
BRH:0
end_of_record
TN:
SF:C:\pets\mouselord\grider\src\entities\polygons\indexated-figure\index.ts
FNF:0
FNH:0
DA:1,1
LF:1
LH:1
BRF:0
BRH:0
end_of_record
TN:
SF:C:\pets\mouselord\grider\src\entities\polygons\indexated-figure\indexated-figure.ts
FN:12,(anonymous_0)
FN:40,(anonymous_1)
FN:52,(anonymous_2)
FNF:3
FNH:0
FNDA:0,(anonymous_0)
FNDA:0,(anonymous_1)
FNDA:0,(anonymous_2)
DA:4,1
DA:5,1
DA:7,1
DA:9,1
DA:17,0
DA:18,0
DA:21,0
DA:23,0
DA:29,0
DA:47,0
DA:49,0
DA:53,0
DA:55,0
DA:57,0
DA:59,0
LF:15
LH:4
BRDA:15,0,0,0
BRDA:17,1,0,0
BRDA:17,1,1,0
BRDA:53,2,0,0
BRDA:53,2,1,0
BRDA:55,3,0,0
BRDA:55,3,1,0
BRF:7
BRH:0
end_of_record
TN:
SF:C:\pets\mouselord\grider\src\entities\polygons\indexated-figure\utils\indexation-worker.ts
FN:10,(anonymous_1)
FN:14,(anonymous_2)
FN:18,(anonymous_3)
FN:30,(anonymous_4)
FN:36,(anonymous_5)
FN:39,(anonymous_6)
FN:47,(anonymous_7)
FNF:7
FNH:0
FNDA:0,(anonymous_1)
FNDA:0,(anonymous_2)
FNDA:0,(anonymous_3)
FNDA:0,(anonymous_4)
FNDA:0,(anonymous_5)
FNDA:0,(anonymous_6)
FNDA:0,(anonymous_7)
DA:1,1
DA:2,1
DA:5,1
DA:7,1
DA:11,0
DA:15,0
DA:23,0
DA:30,0
DA:36,0
DA:40,0
DA:47,0
LF:11
LH:4
BRF:0
BRH:0
end_of_record
TN:
SF:C:\pets\mouselord\grider\src\entities\polygons\indexated-figure\workers\border-indexation.worker.ts
FN:35,(anonymous_0)
FN:43,(anonymous_1)
FN:45,(anonymous_2)
FN:51,(anonymous_3)
FN:68,(anonymous_4)
FNF:5
FNH:0
FNDA:0,(anonymous_0)
FNDA:0,(anonymous_1)
FNDA:0,(anonymous_2)
FNDA:0,(anonymous_3)
FNDA:0,(anonymous_4)
DA:1,1
DA:2,1
DA:3,1
DA:4,1
DA:5,1
DA:6,1
DA:8,1
DA:9,1
DA:35,1
DA:36,0
DA:38,0
DA:41,0
DA:43,0
DA:44,0
DA:45,0
DA:47,0
DA:49,0
DA:51,0
DA:53,0
DA:56,0
DA:57,0
DA:63,0
DA:65,0
DA:66,0
DA:68,0
DA:72,1
LF:26
LH:10
BRDA:38,0,0,0
BRDA:38,0,1,0
BRDA:56,1,0,0
BRDA:56,1,1,0
BRDA:57,2,0,0
BRDA:57,2,1,0
BRF:6
BRH:0
end_of_record
TN:
SF:C:\pets\mouselord\grider\src\entities\polygons\indexated-figure\workers\entities\bound-intersection.ts
FN:105,(anonymous_0)
FN:6,(anonymous_1)
FNF:2
FNH:0
FNDA:0,(anonymous_0)
FNDA:0,(anonymous_1)
DA:1,1
DA:2,1
DA:5,1
DA:14,0
DA:15,0
DA:16,0
DA:21,0
DA:23,0
DA:24,0
DA:25,0
DA:27,0
DA:28,0
DA:31,0
DA:33,0
DA:36,0
DA:38,0
DA:40,0
DA:44,0
DA:45,0
DA:46,0
DA:50,0
DA:51,0
DA:52,0
DA:55,0
DA:59,0
DA:60,0
DA:61,0
DA:65,0
DA:66,0
DA:67,0
DA:70,0
DA:71,0
DA:74,0
DA:75,0
DA:76,0
DA:77,0
DA:80,0
DA:82,0
DA:83,0
DA:86,0
DA:87,0
DA:88,0
DA:89,0
DA:90,0
DA:91,0
DA:94,0
DA:102,0
DA:106,0
DA:107,0
DA:108,0
DA:109,0
DA:110,0
LF:52
LH:3
BRDA:16,0,0,0
BRDA:16,0,1,0
BRDA:23,1,0,0
BRDA:23,1,1,0
BRDA:31,2,0,0
BRDA:31,2,1,0
BRDA:31,3,0,0
BRDA:31,3,1,0
BRDA:40,4,0,0
BRDA:40,4,1,0
BRDA:41,5,0,0
BRDA:41,5,1,0
BRDA:41,5,2,0
BRDA:41,5,3,0
BRDA:47,6,0,0
BRDA:47,6,1,0
BRDA:51,7,0,0
BRDA:51,7,1,0
BRDA:52,8,0,0
BRDA:52,8,1,0
BRDA:55,9,0,0
BRDA:55,9,1,0
BRDA:56,10,0,0
BRDA:56,10,1,0
BRDA:56,10,2,0
BRDA:56,10,3,0
BRDA:62,11,0,0
BRDA:62,11,1,0
BRDA:66,12,0,0
BRDA:66,12,1,0
BRDA:67,13,0,0
BRDA:67,13,1,0
BRDA:70,14,0,0
BRDA:70,14,1,0
BRDA:74,15,0,0
BRDA:74,15,1,0
BRDA:74,16,0,0
BRDA:74,16,1,0
BRDA:76,17,0,0
BRDA:76,17,1,0
BRDA:76,18,0,0
BRDA:76,18,1,0
BRDA:80,19,0,0
BRDA:80,19,1,0
BRDA:80,20,0,0
BRDA:80,20,1,0
BRDA:82,21,0,0
BRDA:82,21,1,0
BRDA:86,22,0,0
BRDA:86,22,1,0
BRDA:89,23,0,0
BRDA:89,23,1,0
BRF:52
BRH:0
end_of_record
TN:
SF:C:\pets\mouselord\grider\src\entities\polygons\indexated-figure\workers\entities\split-geo-segment.ts
FN:55,(anonymous_0)
FN:5,(anonymous_1)
FN:10,(anonymous_2)
FN:16,(anonymous_3)
FN:24,(anonymous_4)
FN:30,(anonymous_5)
FN:35,(anonymous_6)
FN:41,(anonymous_7)
FN:49,(anonymous_8)
FNF:9
FNH:0
FNDA:0,(anonymous_0)
FNDA:0,(anonymous_1)
FNDA:0,(anonymous_2)
FNDA:0,(anonymous_3)
FNDA:0,(anonymous_4)
FNDA:0,(anonymous_5)
FNDA:0,(anonymous_6)
FNDA:0,(anonymous_7)
FNDA:0,(anonymous_8)
DA:1,1
DA:4,1
DA:9,0
DA:10,0
DA:11,0
DA:13,0
DA:16,0
DA:18,0
DA:20,0
DA:21,0
DA:24,0
DA:34,0
DA:35,0
DA:36,0
DA:38,0
DA:41,0
DA:43,0
DA:45,0
DA:46,0
DA:49,0
DA:56,0
DA:57,0
DA:59,0
LF:23
LH:2
BRDA:20,0,0,0
BRDA:20,0,1,0
BRDA:25,1,0,0
BRDA:25,1,1,0
BRDA:26,2,0,0
BRDA:26,2,1,0
BRDA:45,3,0,0
BRDA:45,3,1,0
BRDA:50,4,0,0
BRDA:50,4,1,0
BRDA:51,5,0,0
BRDA:51,5,1,0
BRF:12
BRH:0
end_of_record
TN:
SF:C:\pets\mouselord\grider\src\entities\polygons\indexated-figure\workers\entities\tile-intersection.ts
FN:76,(anonymous_0)
FN:8,(anonymous_1)
FN:9,(anonymous_2)
FN:20,(anonymous_3)
FN:29,(anonymous_4)
FN:30,(anonymous_5)
FN:40,(anonymous_6)
FN:41,(anonymous_7)
FN:45,(anonymous_8)
FN:58,(anonymous_9)
FN:61,(anonymous_10)
FN:84,(anonymous_11)
FN:85,(anonymous_12)
FN:89,(anonymous_13)
FN:96,(anonymous_14)
FN:99,(anonymous_15)
FN:104,(anonymous_16)
FN:107,(anonymous_17)
FN:110,(anonymous_18)
FN:118,(anonymous_19)
FN:125,(anonymous_20)
FN:129,(anonymous_21)
FN:132,(anonymous_22)
FN:136,(anonymous_23)
FNF:24
FNH:0
FNDA:0,(anonymous_0)
FNDA:0,(anonymous_1)
FNDA:0,(anonymous_2)
FNDA:0,(anonymous_3)
FNDA:0,(anonymous_4)
FNDA:0,(anonymous_5)
FNDA:0,(anonymous_6)
FNDA:0,(anonymous_7)
FNDA:0,(anonymous_8)
FNDA:0,(anonymous_9)
FNDA:0,(anonymous_10)
FNDA:0,(anonymous_11)
FNDA:0,(anonymous_12)
FNDA:0,(anonymous_13)
FNDA:0,(anonymous_14)
FNDA:0,(anonymous_15)
FNDA:0,(anonymous_16)
FNDA:0,(anonymous_17)
FNDA:0,(anonymous_18)
FNDA:0,(anonymous_19)
FNDA:0,(anonymous_20)
FNDA:0,(anonymous_21)
FNDA:0,(anonymous_22)
FNDA:0,(anonymous_23)
DA:3,1
DA:7,1
DA:9,0
DA:14,0
DA:16,0
DA:21,0
DA:30,0
DA:34,0
DA:36,0
DA:41,0
DA:45,0
DA:48,0
DA:49,0
DA:51,0
DA:52,0
DA:55,0
DA:58,0
DA:68,0
DA:77,0
DA:78,0
DA:79,0
DA:80,0
DA:81,0
DA:85,0
DA:86,0
DA:88,0
DA:89,0
DA:92,0
DA:99,0
DA:100,0
DA:107,0
DA:118,0
DA:126,0
DA:127,0
DA:129,0
DA:133,0
DA:134,0
DA:136,0
LF:38
LH:2
BRDA:14,0,0,0
BRDA:14,0,1,0
BRDA:34,1,0,0
BRDA:34,1,1,0
BRDA:48,2,0,0
BRDA:48,2,1,0
BRDA:51,3,0,0
BRDA:51,3,1,0
BRF:8
BRH:0
end_of_record
TN:
SF:C:\pets\mouselord\grider\src\entities\polygons\indexated-figure\workers\entities\indexation\index.ts
FNF:0
FNH:0
DA:1,1
DA:2,1
LF:2
LH:2
BRF:0
BRH:0
end_of_record
TN:
SF:C:\pets\mouselord\grider\src\entities\polygons\indexated-figure\workers\entities\indexation\indexation.ts
FN:26,(anonymous_0)
FN:17,(anonymous_1)
FN:21,(anonymous_2)
FN:32,(anonymous_3)
FN:40,(anonymous_4)
FN:75,(anonymous_5)
FN:92,(anonymous_6)
FN:110,(anonymous_7)
FN:148,(anonymous_8)
FNF:9
FNH:0
FNDA:0,(anonymous_0)
FNDA:0,(anonymous_1)
FNDA:0,(anonymous_2)
FNDA:0,(anonymous_3)
FNDA:0,(anonymous_4)
FNDA:0,(anonymous_5)
FNDA:0,(anonymous_6)
FNDA:0,(anonymous_7)
FNDA:0,(anonymous_8)
DA:5,1
DA:6,1
DA:7,1
DA:16,1
DA:18,0
DA:20,0
DA:21,0
DA:24,0
DA:27,0
DA:28,0
DA:29,0
DA:33,0
DA:34,0
DA:35,0
DA:36,0
DA:38,0
DA:40,0
DA:43,0
DA:44,0
DA:45,0
DA:46,0
DA:48,0
DA:49,0
DA:51,0
DA:52,0
DA:54,0
DA:55,0
DA:57,0
DA:58,0
DA:62,0
DA:70,0
DA:72,0
DA:76,0
DA:78,0
DA:79,0
DA:83,0
DA:86,0
DA:87,0
DA:89,0
DA:92,0
DA:97,0
DA:99,0
DA:100,0
DA:102,0
DA:103,0
DA:105,0
DA:108,0
DA:110,0
DA:115,0
DA:116,0
DA:118,0
DA:119,0
DA:120,0
DA:121,0
DA:124,0
DA:125,0
DA:127,0
DA:128,0
DA:131,0
DA:133,0
DA:136,0
DA:138,0
DA:139,0
DA:141,0
DA:142,0
DA:143,0
DA:148,0
DA:150,0
DA:153,0
DA:155,0
DA:156,0
DA:158,0
DA:161,0
DA:162,0
DA:163,0
DA:164,0
DA:165,0
DA:169,0
DA:170,0
DA:172,0
DA:178,0
DA:179,0
DA:182,0
DA:184,0
DA:187,0
DA:189,0
DA:192,0
DA:194,0
LF:88
LH:4
BRDA:48,0,0,0
BRDA:48,0,1,0
BRDA:51,1,0,0
BRDA:51,1,1,0
BRDA:54,2,0,0
BRDA:54,2,1,0
BRDA:57,3,0,0
BRDA:57,3,1,0
BRDA:78,4,0,0
BRDA:78,4,1,0
BRDA:80,5,0,0
BRDA:80,5,1,0
BRDA:86,6,0,0
BRDA:86,6,1,0
BRDA:97,7,0,0
BRDA:97,7,1,0
BRDA:102,8,0,0
BRDA:102,8,1,0
BRDA:118,9,0,0
BRDA:118,9,1,0
BRDA:118,10,0,0
BRDA:118,10,1,0
BRDA:120,11,0,0
BRDA:120,11,1,0
BRDA:124,12,0,0
BRDA:124,12,1,0
BRDA:124,13,0,0
BRDA:124,13,1,0
BRDA:133,14,0,0
BRDA:133,14,1,0
BRDA:138,15,0,0
BRDA:138,15,1,0
BRDA:138,16,0,0
BRDA:138,16,1,0
BRDA:150,17,0,0
BRDA:150,17,1,0
BRDA:153,18,0,0
BRDA:153,18,1,0
BRDA:155,19,0,0
BRDA:155,19,1,0
BRDA:169,20,0,0
BRDA:169,20,1,0
BRDA:178,21,0,0
BRDA:178,21,1,0
BRF:44
BRH:0
end_of_record
TN:
SF:C:\pets\mouselord\grider\src\entities\polygons\indexated-figure\workers\entities\indexation\utils\spread-points.ts
FN:5,spreadPointsBySides
FN:9,(anonymous_1)
FNF:2
FNH:0
FNDA:0,spreadPointsBySides
FNDA:0,(anonymous_1)
DA:2,1
DA:5,1
DA:8,0
DA:15,0
DA:17,0
DA:18,0
DA:19,0
DA:21,0
DA:30,0
DA:35,0
DA:36,0
DA:38,0
DA:39,0
DA:44,0
DA:53,0
DA:56,0
LF:16
LH:2
BRDA:17,0,0,0
BRDA:17,0,1,0
BRDA:38,1,0,0
BRDA:38,1,1,0
BRDA:38,2,0,0
BRDA:38,2,1,0
BRF:6
BRH:0
end_of_record
TN:
SF:C:\pets\mouselord\grider\src\entities\polygons\indexated-figure\workers\entities\side-indexation\index.ts
FNF:0
FNH:0
DA:1,1
LF:1
LH:1
BRF:0
BRH:0
end_of_record
TN:
SF:C:\pets\mouselord\grider\src\entities\polygons\indexated-figure\workers\entities\side-indexation\side-indexation.ts
FN:71,(anonymous_0)
FN:11,(anonymous_1)
FN:15,(anonymous_2)
FN:19,(anonymous_3)
FN:23,(anonymous_4)
FN:27,(anonymous_5)
FN:31,(anonymous_6)
FN:38,(anonymous_7)
FN:50,(anonymous_8)
FN:51,(anonymous_9)
FN:81,(anonymous_10)
FN:100,(anonymous_11)
FN:165,(anonymous_12)
FN:184,(anonymous_13)
FNF:14
FNH:0
FNDA:0,(anonymous_0)
FNDA:0,(anonymous_1)
FNDA:0,(anonymous_2)
FNDA:0,(anonymous_3)
FNDA:0,(anonymous_4)
FNDA:0,(anonymous_5)
FNDA:0,(anonymous_6)
FNDA:0,(anonymous_7)
FNDA:0,(anonymous_8)
FNDA:0,(anonymous_9)
FNDA:0,(anonymous_10)
FNDA:0,(anonymous_11)
FNDA:0,(anonymous_12)
FNDA:0,(anonymous_13)
DA:1,1
DA:2,1
DA:7,1
DA:8,1
DA:10,1
DA:12,0
DA:16,0
DA:20,0
DA:24,0
DA:28,0
DA:35,0
DA:36,0
DA:38,0
DA:39,0
DA:40,0
DA:42,0
DA:43,0
DA:46,0
DA:47,0
DA:50,0
DA:51,0
DA:53,0
DA:54,0
DA:56,0
DA:61,0
DA:72,0
DA:73,0
DA:74,0
DA:75,0
DA:76,0
DA:77,0
DA:78,0
DA:86,0
DA:87,0
DA:89,0
DA:90,0
DA:93,0
DA:94,0
DA:96,0
DA:97,0
DA:100,0
DA:101,0
DA:102,0
DA:105,0
DA:106,0
DA:110,0
DA:111,0
DA:112,0
DA:117,0
DA:118,0
DA:119,0
DA:121,0
DA:130,0
DA:133,0
DA:134,0
DA:135,0
DA:136,0
DA:138,0
DA:139,0
DA:141,0
DA:146,0
DA:147,0
DA:149,0
DA:150,0
DA:153,0
DA:162,0
DA:166,0
DA:169,0
DA:170,0
DA:172,0
DA:174,0
DA:176,0
DA:178,0
DA:181,0
DA:185,0
DA:188,0
DA:189,0
DA:191,0
DA:193,0
DA:195,0
DA:197,0
DA:200,0
LF:82
LH:5
BRDA:39,0,0,0
BRDA:39,0,1,0
BRDA:42,1,0,0
BRDA:42,1,1,0
BRDA:86,2,0,0
BRDA:86,2,1,0
BRDA:87,3,0,0
BRDA:87,3,1,0
BRDA:89,4,0,0
BRDA:89,4,1,0
BRDA:96,5,0,0
BRDA:96,5,1,0
BRDA:96,6,0,0
BRDA:96,6,1,0
BRDA:101,7,0,0
BRDA:101,7,1,0
BRDA:101,8,0,0
BRDA:101,8,1,0
BRDA:105,9,0,0
BRDA:105,9,1,0
BRDA:105,10,0,0
BRDA:105,10,1,0
BRDA:110,11,0,0
BRDA:110,11,1,0
BRDA:117,12,0,0
BRDA:117,12,1,0
BRDA:117,13,0,0
BRDA:117,13,1,0
BRDA:141,14,0,0
BRDA:141,14,1,0
BRDA:142,15,0,0
BRDA:142,15,1,0
BRDA:142,15,2,0
BRDA:172,16,0,0
BRDA:172,16,1,0
BRDA:176,17,0,0
BRDA:176,17,1,0
BRDA:191,18,0,0
BRDA:191,18,1,0
BRDA:195,19,0,0
BRDA:195,19,1,0
BRF:41
BRH:0
end_of_record
TN:
SF:C:\pets\mouselord\grider\src\entities\polygons\indexated-figure\workers\entities\side-indexation\utils\indexate-keys.ts
FN:3,indexateKeys
FN:4,(anonymous_1)
FN:27,(anonymous_2)
FN:46,(anonymous_3)
FNF:4
FNH:0
FNDA:0,indexateKeys
FNDA:0,(anonymous_1)
FNDA:0,(anonymous_2)
FNDA:0,(anonymous_3)
DA:1,1
DA:3,1
DA:4,0
DA:8,0
DA:10,0
DA:11,0
DA:12,0
DA:15,0
DA:17,0
DA:19,0
DA:21,0
DA:24,0
DA:27,0
DA:28,0
DA:29,0
DA:30,0
DA:32,0
DA:33,0
DA:35,0
DA:36,0
DA:38,0
DA:39,0
DA:42,0
DA:43,0
DA:46,0
DA:49,0
LF:26
LH:2
BRDA:11,0,0,0
BRDA:11,0,1,0
BRDA:19,1,0,0
BRDA:19,1,1,0
BRDA:38,2,0,0
BRDA:38,2,1,0
BRDA:42,3,0,0
BRDA:42,3,1,0
BRF:8
BRH:0
end_of_record
TN:
SF:C:\pets\mouselord\grider\src\entities\polygons\indexated-figure\workers\utils\simplify-figure.ts
FN:6,checkPoint
FN:16,(anonymous_1)
FN:18,(anonymous_2)
FN:24,(anonymous_3)
FN:27,(anonymous_4)
FN:29,(anonymous_5)
FN:34,(anonymous_6)
FN:44,(anonymous_7)
FN:50,(anonymous_8)
FN:51,(anonymous_9)
FN:64,(anonymous_10)
FN:66,(anonymous_11)
FN:66,(anonymous_12)
FN:76,(anonymous_13)
FN:93,simplifyRectFigure
FN:94,(anonymous_15)
FN:106,(anonymous_16)
FN:110,simplifyHexFigure
FN:122,(anonymous_18)
FN:122,(anonymous_19)
FN:132,(anonymous_20)
FN:173,(anonymous_21)
FN:175,(anonymous_22)
FN:202,simplifyFigure
FNF:24
FNH:0
FNDA:0,checkPoint
FNDA:0,(anonymous_1)
FNDA:0,(anonymous_2)
FNDA:0,(anonymous_3)
FNDA:0,(anonymous_4)
FNDA:0,(anonymous_5)
FNDA:0,(anonymous_6)
FNDA:0,(anonymous_7)
FNDA:0,(anonymous_8)
FNDA:0,(anonymous_9)
FNDA:0,(anonymous_10)
FNDA:0,(anonymous_11)
FNDA:0,(anonymous_12)
FNDA:0,(anonymous_13)
FNDA:0,simplifyRectFigure
FNDA:0,(anonymous_15)
FNDA:0,(anonymous_16)
FNDA:0,simplifyHexFigure
FNDA:0,(anonymous_18)
FNDA:0,(anonymous_19)
FNDA:0,(anonymous_20)
FNDA:0,(anonymous_21)
FNDA:0,(anonymous_22)
FNDA:0,simplifyFigure
DA:3,1
DA:14,0
DA:16,0
DA:18,0
DA:19,0
DA:20,0
DA:21,0
DA:23,0
DA:24,0
DA:27,0
DA:29,0
DA:34,0
DA:39,0
DA:41,0
DA:42,0
DA:44,0
DA:45,0
DA:47,0
DA:48,0
DA:50,0
DA:51,0
DA:56,0
DA:62,0
DA:63,0
DA:64,0
DA:65,0
DA:66,0
DA:69,0
DA:71,0
DA:73,0
DA:75,0
DA:77,0
DA:79,0
DA:80,0
DA:83,0
DA:84,0
DA:86,0
DA:89,0
DA:94,0
DA:95,0
DA:96,0
DA:98,0
DA:100,0
DA:106,0
DA:115,0
DA:117,0
DA:119,0
DA:120,0
DA:122,0
DA:126,0
DA:128,0
DA:132,0
DA:133,0
DA:134,0
DA:135,0
DA:137,0
DA:138,0
DA:139,0
DA:141,0
DA:150,0
DA:152,0
DA:153,0
DA:162,0
DA:165,0
DA:166,0
DA:169,0
DA:172,0
DA:173,0
DA:175,0
DA:180,0
DA:181,0
DA:182,0
DA:183,0
DA:185,0
DA:186,0
DA:189,0
DA:192,0
DA:194,0
DA:195,0
DA:198,0
DA:202,1
DA:207,0
DA:208,0
DA:210,0
LF:84
LH:2
BRDA:23,0,0,0
BRDA:23,0,1,0
BRDA:39,1,0,0
BRDA:39,1,1,0
BRDA:45,2,0,0
BRDA:45,2,1,0
BRDA:45,3,0,0
BRDA:45,3,1,0
BRDA:47,4,0,0
BRDA:47,4,1,0
BRDA:62,5,0,0
BRDA:62,5,1,0
BRDA:64,6,0,0
BRDA:64,6,1,0
BRDA:64,7,0,0
BRDA:64,7,1,0
BRDA:69,8,0,0
BRDA:69,8,1,0
BRDA:77,9,0,0
BRDA:77,9,1,0
BRDA:79,10,0,0
BRDA:79,10,1,0
BRDA:98,11,0,0
BRDA:98,11,1,0
BRDA:98,12,0,0
BRDA:98,12,1,0
BRDA:101,13,0,0
BRDA:101,13,1,0
BRDA:102,14,0,0
BRDA:102,14,1,0
BRDA:103,15,0,0
BRDA:103,15,1,0
BRDA:115,16,0,0
BRDA:115,16,1,0
BRDA:117,17,0,0
BRDA:117,17,1,0
BRDA:133,18,0,0
BRDA:133,18,1,0
BRDA:134,19,0,0
BRDA:134,19,1,0
BRDA:135,20,0,0
BRDA:135,20,1,0
BRDA:137,21,0,0
BRDA:137,21,1,0
BRDA:138,22,0,0
BRDA:138,22,1,0
BRDA:139,23,0,0
BRDA:139,23,1,0
BRDA:152,24,0,0
BRDA:152,24,1,0
BRDA:165,25,0,0
BRDA:165,25,1,0
BRDA:180,26,0,0
BRDA:180,26,1,0
BRDA:181,27,0,0
BRDA:181,27,1,0
BRDA:185,28,0,0
BRDA:185,28,1,0
BRDA:194,29,0,0
BRDA:194,29,1,0
BRDA:207,30,0,0
BRDA:207,30,1,0
BRF:62
BRH:0
end_of_record
TN:
SF:C:\pets\mouselord\grider\src\entities\segments\cell-side.ts
FN:8,(anonymous_0)
FN:18,(anonymous_1)
FN:30,(anonymous_2)
FNF:3
FNH:2
FNDA:20,(anonymous_0)
FNDA:0,(anonymous_1)
FNDA:20,(anonymous_2)
DA:3,2
DA:5,2
DA:7,2
DA:11,20
DA:12,20
DA:13,20
DA:15,20
DA:19,0
DA:20,0
DA:22,0
DA:31,20
DA:32,20
DA:34,20
LF:13
LH:10
BRDA:26,0,0,0
BRDA:26,0,1,0
BRDA:26,1,0,0
BRDA:26,1,1,0
BRF:4
BRH:0
end_of_record
TN:
SF:C:\pets\mouselord\grider\src\entities\segments\geo-segment.ts
FN:110,(anonymous_0)
FN:8,(anonymous_1)
FN:12,(anonymous_2)
FN:16,(anonymous_3)
FN:20,(anonymous_4)
FN:24,(anonymous_5)
FN:34,(anonymous_6)
FN:44,(anonymous_7)
FN:54,(anonymous_8)
FN:64,(anonymous_9)
FN:65,(anonymous_10)
FN:67,(anonymous_11)
FN:74,(anonymous_12)
FN:90,(anonymous_13)
FN:91,(anonymous_14)
FN:93,(anonymous_15)
FN:117,(anonymous_16)
FN:124,(anonymous_17)
FN:131,(anonymous_18)
FN:135,(anonymous_19)
FN:139,(anonymous_20)
FN:162,(anonymous_21)
FN:181,(anonymous_22)
FN:189,(anonymous_23)
FN:195,(anonymous_24)
FN:207,(anonymous_25)
FN:219,(anonymous_26)
FN:229,(anonymous_27)
FN:246,(anonymous_28)
FN:250,(anonymous_29)
FN:254,(anonymous_30)
FNF:31
FNH:4
FNDA:100,(anonymous_0)
FNDA:0,(anonymous_1)
FNDA:138,(anonymous_2)
FNDA:0,(anonymous_3)
FNDA:0,(anonymous_4)
FNDA:0,(anonymous_5)
FNDA:0,(anonymous_6)
FNDA:0,(anonymous_7)
FNDA:0,(anonymous_8)
FNDA:0,(anonymous_9)
FNDA:0,(anonymous_10)
FNDA:0,(anonymous_11)
FNDA:0,(anonymous_12)
FNDA:0,(anonymous_13)
FNDA:0,(anonymous_14)
FNDA:0,(anonymous_15)
FNDA:138,(anonymous_16)
FNDA:0,(anonymous_17)
FNDA:0,(anonymous_18)
FNDA:0,(anonymous_19)
FNDA:69,(anonymous_20)
FNDA:0,(anonymous_21)
FNDA:0,(anonymous_22)
FNDA:0,(anonymous_23)
FNDA:0,(anonymous_24)
FNDA:0,(anonymous_25)
FNDA:0,(anonymous_26)
FNDA:0,(anonymous_27)
FNDA:0,(anonymous_28)
FNDA:0,(anonymous_29)
FNDA:0,(anonymous_30)
DA:1,2
DA:2,2
DA:3,2
DA:5,2
DA:7,2
DA:9,0
DA:13,138
DA:17,0
DA:21,0
DA:25,0
DA:26,0
DA:29,0
DA:35,0
DA:36,0
DA:39,0
DA:45,0
DA:46,0
DA:49,0
DA:55,0
DA:56,0
DA:59,0
DA:65,0
DA:67,0
DA:68,0
DA:71,0
DA:80,0
DA:82,0
DA:84,0
DA:86,0
DA:91,0
DA:93,0
DA:99,0
DA:101,0
DA:103,0
DA:105,0
DA:111,100
DA:112,100
DA:114,100
DA:118,138
DA:119,138
DA:121,138
DA:125,0
DA:126,0
DA:128,0
DA:132,0
DA:136,0
DA:141,69
DA:142,69
DA:144,69
DA:146,69
DA:147,0
DA:148,0
DA:151,69
DA:152,69
DA:153,69
DA:155,69
DA:157,5
DA:159,5
DA:163,0
DA:166,0
DA:168,0
DA:169,0
DA:170,0
DA:173,0
DA:174,0
DA:175,0
DA:176,0
DA:178,0
DA:182,0
DA:190,0
DA:192,0
DA:196,0
DA:198,0
DA:200,0
DA:202,0
DA:204,0
DA:208,0
DA:210,0
DA:212,0
DA:214,0
DA:216,0
DA:220,0
DA:222,0
DA:223,0
DA:225,0
DA:230,0
DA:232,0
DA:233,0
DA:235,0
DA:236,0
DA:238,0
DA:239,0
DA:241,0
DA:247,0
DA:251,0
DA:255,0
DA:257,0
LF:97
LH:22
BRDA:25,0,0,0
BRDA:25,0,1,0
BRDA:30,1,0,0
BRDA:30,1,1,0
BRDA:35,2,0,0
BRDA:35,2,1,0
BRDA:40,3,0,0
BRDA:40,3,1,0
BRDA:45,4,0,0
BRDA:45,4,1,0
BRDA:50,5,0,0
BRDA:50,5,1,0
BRDA:55,6,0,0
BRDA:55,6,1,0
BRDA:60,7,0,0
BRDA:60,7,1,0
BRDA:68,8,0,0
BRDA:68,8,1,0
BRDA:80,9,0,0
BRDA:80,9,1,0
BRDA:99,10,0,0
BRDA:99,10,1,0
BRDA:144,11,0,69
BRDA:144,11,1,69
BRDA:146,12,0,0
BRDA:146,12,1,69
BRDA:155,13,0,64
BRDA:155,13,1,5
BRDA:159,14,0,0
BRDA:159,14,1,5
BRDA:168,15,0,0
BRDA:168,15,1,0
BRDA:178,16,0,0
BRDA:178,16,1,0
BRDA:183,17,0,0
BRDA:183,17,1,0
BRDA:183,17,2,0
BRDA:183,17,3,0
BRDA:196,18,0,0
BRDA:196,18,1,0
BRDA:200,19,0,0
BRDA:200,19,1,0
BRDA:202,20,0,0
BRDA:202,20,1,0
BRDA:202,21,0,0
BRDA:202,21,1,0
BRDA:208,22,0,0
BRDA:208,22,1,0
BRDA:212,23,0,0
BRDA:212,23,1,0
BRDA:214,24,0,0
BRDA:214,24,1,0
BRDA:214,25,0,0
BRDA:214,25,1,0
BRDA:225,26,0,0
BRDA:225,26,1,0
BRDA:238,27,0,0
BRDA:238,27,1,0
BRDA:239,28,0,0
BRDA:239,28,1,0
BRDA:241,29,0,0
BRDA:241,29,1,0
BRDA:241,29,2,0
BRDA:241,29,3,0
BRDA:247,30,0,0
BRDA:247,30,1,0
BRDA:251,31,0,0
BRDA:251,31,1,0
BRDA:258,32,0,0
BRDA:258,32,1,0
BRDA:258,32,2,0
BRDA:258,32,3,0
BRF:72
BRH:6
end_of_record
TN:
SF:C:\pets\mouselord\grider\src\entities\segments\merc-segment.ts
FN:8,(anonymous_0)
FN:17,(anonymous_1)
FN:24,(anonymous_2)
FN:39,(anonymous_3)
FN:52,(anonymous_4)
FN:56,(anonymous_5)
FN:60,(anonymous_6)
FN:64,(anonymous_7)
FN:74,(anonymous_8)
FN:84,(anonymous_9)
FN:94,(anonymous_10)
FNF:11
FNH:3
FNDA:138,(anonymous_0)
FNDA:0,(anonymous_1)
FNDA:69,(anonymous_2)
FNDA:0,(anonymous_3)
FNDA:138,(anonymous_4)
FNDA:0,(anonymous_5)
FNDA:0,(anonymous_6)
FNDA:0,(anonymous_7)
FNDA:0,(anonymous_8)
FNDA:0,(anonymous_9)
FNDA:0,(anonymous_10)
DA:1,2
DA:2,2
DA:3,2
DA:5,2
DA:9,138
DA:10,138
DA:12,138
DA:14,138
DA:18,0
DA:19,0
DA:21,0
DA:25,69
DA:26,69
DA:28,69
DA:31,0
DA:32,0
DA:34,0
DA:36,0
DA:40,0
DA:41,0
DA:43,0
DA:46,0
DA:47,0
DA:49,0
DA:53,138
DA:57,0
DA:61,0
DA:65,0
DA:66,0
DA:69,0
DA:75,0
DA:76,0
DA:79,0
DA:85,0
DA:86,0
DA:89,0
DA:95,0
DA:96,0
DA:99,0
LF:39
LH:12
BRDA:25,0,0,69
BRDA:25,0,1,0
BRDA:25,1,0,69
BRDA:25,1,1,69
BRDA:28,2,0,69
BRDA:28,2,1,5
BRDA:36,3,0,0
BRDA:36,3,1,0
BRDA:40,4,0,0
BRDA:40,4,1,0
BRDA:65,5,0,0
BRDA:65,5,1,0
BRDA:70,6,0,0
BRDA:70,6,1,0
BRDA:75,7,0,0
BRDA:75,7,1,0
BRDA:80,8,0,0
BRDA:80,8,1,0
BRDA:85,9,0,0
BRDA:85,9,1,0
BRDA:90,10,0,0
BRDA:90,10,1,0
BRDA:95,11,0,0
BRDA:95,11,1,0
BRDA:100,12,0,0
BRDA:100,12,1,0
BRF:26
BRH:5
end_of_record
TN:
SF:C:\pets\mouselord\grider\src\entities\segments\segment.ts
FN:7,(anonymous_0)
FN:14,(anonymous_1)
FN:23,(anonymous_2)
FN:32,(anonymous_3)
FN:41,(anonymous_4)
FN:50,(anonymous_5)
FN:56,(anonymous_6)
FN:62,(anonymous_7)
FN:68,(anonymous_8)
FN:74,(anonymous_9)
FN:94,(anonymous_10)
FN:111,(anonymous_11)
FNF:12
FNH:3
FNDA:138,(anonymous_0)
FNDA:0,(anonymous_1)
FNDA:0,(anonymous_2)
FNDA:0,(anonymous_3)
FNDA:0,(anonymous_4)
FNDA:0,(anonymous_5)
FNDA:0,(anonymous_6)
FNDA:0,(anonymous_7)
FNDA:0,(anonymous_8)
FNDA:0,(anonymous_9)
FNDA:69,(anonymous_10)
FNDA:69,(anonymous_11)
DA:1,2
DA:4,2
DA:8,138
DA:9,138
DA:11,138
DA:18,0
DA:20,0
DA:27,0
DA:29,0
DA:36,0
DA:38,0
DA:45,0
DA:47,0
DA:51,0
DA:53,0
DA:57,0
DA:59,0
DA:63,0
DA:65,0
DA:69,0
DA:71,0
DA:75,0
DA:78,0
DA:79,0
DA:81,0
DA:82,0
DA:83,0
DA:84,0
DA:85,0
DA:86,0
DA:87,0
DA:88,0
DA:90,0
DA:98,69
DA:100,69
DA:101,69
DA:102,69
DA:104,69
DA:114,69
DA:117,0
DA:119,69
DA:121,69
DA:126,69
DA:127,69
DA:128,69
DA:129,69
DA:131,69
DA:132,69
DA:133,69
DA:134,69
DA:136,69
DA:137,33
DA:139,36
DA:140,36
DA:143,0
DA:146,69
DA:147,0
DA:149,69
DA:150,0
DA:153,69
DA:156,69
DA:158,69
LF:62
LH:30
BRDA:53,0,0,0
BRDA:53,0,1,0
BRDA:59,1,0,0
BRDA:59,1,1,0
BRDA:65,2,0,0
BRDA:65,2,1,0
BRDA:71,3,0,0
BRDA:71,3,1,0
BRDA:81,4,0,0
BRDA:81,4,1,0
BRDA:83,5,0,0
BRDA:83,5,1,0
BRDA:85,6,0,0
BRDA:85,6,1,0
BRDA:87,7,0,0
BRDA:87,7,1,0
BRDA:104,8,0,69
BRDA:104,8,1,69
BRDA:104,8,2,48
BRDA:104,8,3,11
BRDA:104,8,4,11
BRDA:114,9,0,0
BRDA:114,9,1,69
BRDA:115,10,0,69
BRDA:115,10,1,69
BRDA:121,11,0,0
BRDA:121,11,1,69
BRDA:136,12,0,33
BRDA:136,12,1,36
BRDA:137,13,0,33
BRDA:137,13,1,19
BRDA:137,13,2,19
BRDA:137,13,3,11
BRDA:139,14,0,36
BRDA:139,14,1,0
BRDA:140,15,0,36
BRDA:140,15,1,21
BRDA:140,15,2,3
BRDA:140,15,3,3
BRDA:146,16,0,0
BRDA:146,16,1,69
BRDA:147,17,0,0
BRDA:147,17,1,0
BRDA:147,17,2,0
BRDA:147,17,3,0
BRDA:149,18,0,0
BRDA:149,18,1,69
BRDA:150,19,0,0
BRDA:150,19,1,0
BRDA:150,19,2,0
BRDA:150,19,3,0
BRDA:156,20,0,69
BRDA:156,20,1,5
BRDA:158,21,0,5
BRDA:158,21,1,64
BRF:55
BRH:26
end_of_record
TN:
SF:C:\pets\mouselord\grider\src\entities\vectors\vector.ts
FN:2,(anonymous_0)
FNF:1
FNH:0
FNDA:0,(anonymous_0)
DA:1,2
DA:3,0
DA:4,0
LF:3
LH:1
BRF:0
BRH:0
end_of_record
TN:
SF:C:\pets\mouselord\grider\src\services\ctx-service.ts
FN:5,(anonymous_0)
FN:35,(anonymous_1)
FN:46,(anonymous_2)
FN:12,(anonymous_3)
FN:16,(anonymous_4)
FN:20,(anonymous_5)
FN:24,(anonymous_6)
FN:30,(anonymous_7)
FNF:8
FNH:2
FNDA:3,(anonymous_0)
FNDA:0,(anonymous_1)
FNDA:0,(anonymous_2)
FNDA:0,(anonymous_3)
FNDA:3,(anonymous_4)
FNDA:0,(anonymous_5)
FNDA:0,(anonymous_6)
FNDA:0,(anonymous_7)
DA:1,1
DA:6,3
DA:8,3
DA:9,3
DA:13,0
DA:17,3
DA:21,0
DA:25,0
DA:27,0
DA:31,0
DA:32,0
DA:35,3
DA:36,0
DA:37,0
DA:38,0
DA:41,0
DA:43,0
DA:46,3
DA:47,0
DA:49,0
LF:20
LH:7
BRDA:36,0,0,0
BRDA:36,0,1,0
BRDA:41,1,0,0
BRDA:41,1,1,0
BRDA:47,2,0,0
BRDA:47,2,1,0
BRF:6
BRH:0
end_of_record
TN:
SF:C:\pets\mouselord\grider\src\services\worker-service.ts
FN:8,(anonymous_0)
FN:50,(anonymous_1)
FN:62,(anonymous_2)
FN:21,(anonymous_3)
FN:31,(anonymous_4)
FN:37,(anonymous_5)
FN:74,(anonymous_6)
FN:79,(anonymous_7)
FNF:8
FNH:0
FNDA:0,(anonymous_0)
FNDA:0,(anonymous_1)
FNDA:0,(anonymous_2)
FNDA:0,(anonymous_3)
FNDA:0,(anonymous_4)
FNDA:0,(anonymous_5)
FNDA:0,(anonymous_6)
FNDA:0,(anonymous_7)
DA:1,1
DA:8,1
DA:9,0
DA:10,0
DA:12,0
DA:16,0
DA:24,0
DA:25,0
DA:26,0
DA:28,0
DA:31,0
DA:32,0
DA:33,0
DA:38,0
DA:39,0
DA:41,0
DA:43,0
DA:44,0
DA:46,0
DA:50,0
DA:51,0
DA:52,0
DA:54,0
DA:55,0
DA:58,0
DA:59,0
DA:62,0
DA:63,0
DA:64,0
DA:66,0
DA:67,0
DA:70,0
DA:71,0
DA:75,0
DA:76,0
DA:80,0
DA:82,0
DA:83,0
DA:84,0
DA:85,0
DA:87,0
LF:41
LH:2
BRDA:54,0,0,0
BRDA:54,0,1,0
BRDA:66,1,0,0
BRDA:66,1,1,0
BRDA:24,2,0,0
BRDA:24,2,1,0
BRDA:38,3,0,0
BRDA:38,3,1,0
BRF:8
BRH:0
end_of_record
TN:
SF:C:\pets\mouselord\grider\src\utils\geo-utils.ts
FN:3,semiLatToY
FN:9,semiLngToX
FN:13,latToY
FN:23,lngToX
FN:29,reduceLat
FN:43,reduceLng
FN:57,formatLat
FN:69,formatLng
FNF:8
FNH:5
FNDA:0,semiLatToY
FNDA:0,semiLngToX
FNDA:476,latToY
FNDA:476,lngToX
FNDA:0,reduceLat
FNDA:117,reduceLng
FNDA:117,formatLat
FNDA:117,formatLng
DA:1,2
DA:3,2
DA:4,0
DA:6,0
DA:9,2
DA:10,0
DA:13,2
DA:14,476
DA:20,476
DA:23,2
DA:24,476
DA:26,476
DA:29,2
DA:30,0
DA:31,0
DA:34,0
DA:35,0
DA:36,0
DA:37,0
DA:39,0
DA:43,2
DA:44,117
DA:45,0
DA:48,117
DA:49,4
DA:50,113
DA:51,1
DA:53,112
DA:57,2
DA:58,117
DA:59,0
DA:62,117
DA:63,0
DA:66,117
DA:69,2
DA:70,117
DA:72,117
LF:37
LH:24
BRDA:30,0,0,0
BRDA:30,0,1,0
BRDA:30,1,0,0
BRDA:30,1,1,0
BRDA:34,2,0,0
BRDA:34,2,1,0
BRDA:36,3,0,0
BRDA:36,3,1,0
BRDA:44,4,0,0
BRDA:44,4,1,117
BRDA:44,5,0,117
BRDA:44,5,1,117
BRDA:48,6,0,4
BRDA:48,6,1,113
BRDA:50,7,0,1
BRDA:50,7,1,112
BRDA:58,8,0,0
BRDA:58,8,1,117
BRDA:62,9,0,0
BRDA:62,9,1,117
BRF:20
BRH:9
end_of_record
TN:
SF:C:\pets\mouselord\grider\src\utils\math-utils.ts
FN:1,degToRad
FN:5,radToDeg
FN:9,floorNumStrByOrder
FN:12,(anonymous_3)
FN:27,calcClosestMultiple
FN:46,cosDeg
FN:53,sinDeg
FN:60,findPrimeFactors
FN:83,decRemain
FNF:9
FNH:5
FNDA:1724,degToRad
FNDA:10,radToDeg
FNDA:0,floorNumStrByOrder
FNDA:0,(anonymous_3)
FNDA:40,calcClosestMultiple
FNDA:386,cosDeg
FNDA:386,sinDeg
FNDA:0,findPrimeFactors
FNDA:0,decRemain
DA:1,2
DA:2,1724
DA:5,2
DA:6,10
DA:9,2
DA:10,0
DA:12,0
DA:13,0
DA:14,0
DA:15,0
DA:16,0
DA:17,0
DA:18,0
DA:19,0
DA:21,0
DA:23,0
DA:27,2
DA:28,40
DA:29,40
DA:31,40
DA:35,32473
DA:36,32473
DA:39,40
DA:43,40
DA:46,2
DA:47,386
DA:48,386
DA:50,386
DA:53,2
DA:54,386
DA:55,386
DA:57,386
DA:60,2
DA:61,0
DA:63,0
DA:64,0
DA:65,0
DA:67,0
DA:68,0
DA:69,0
DA:70,0
DA:72,0
DA:76,0
DA:77,0
DA:80,0
DA:83,2
DA:84,0
LF:47
LH:23
BRDA:12,0,0,0
BRDA:12,0,1,0
BRDA:14,1,0,0
BRDA:14,1,1,0
BRDA:16,2,0,0
BRDA:16,2,1,0
BRDA:18,3,0,0
BRDA:18,3,1,0
BRDA:32,4,0,32513
BRDA:32,4,1,32473
BRDA:40,5,0,40
BRDA:40,5,1,0
BRDA:61,6,0,0
BRDA:61,6,1,0
BRDA:68,7,0,0
BRDA:68,7,1,0
BRDA:76,8,0,0
BRDA:76,8,1,0
BRF:18
BRH:3
end_of_record
TN:
SF:C:\pets\mouselord\grider\src\utils\merc-utils.ts
FN:3,yToLat
FN:11,xToLng
FN:17,yToSemiLat
FN:21,xToSemiLng
FN:25,reduceX
FNF:5
FNH:3
FNDA:5,yToLat
FNDA:5,xToLng
FNDA:0,yToSemiLat
FNDA:0,xToSemiLng
FNDA:964,reduceX
DA:1,2
DA:3,2
DA:4,5
DA:8,5
DA:11,2
DA:12,5
DA:14,5
DA:17,2
DA:18,0
DA:21,2
DA:22,0
DA:25,2
DA:26,964
DA:28,964
LF:14
LH:12
BRDA:28,0,0,0
BRDA:28,0,1,964
BRF:2
BRH:1
end_of_record
